<?xml version="1.0" encoding="UTF-8"?>
<testsuite xmlns:xsi="http://www.w3.org/2001/XMLSchema-instance" xsi:noNamespaceSchemaLocation="https://maven.apache.org/surefire/maven-surefire-plugin/xsd/surefire-test-report-3.0.xsd" version="3.0" name="TestSuite" time="8.181" tests="18" errors="0" skipped="0" failures="6">
  <properties>
    <property name="sun.desktop" value="windows"/>
    <property name="awt.toolkit" value="sun.awt.windows.WToolkit"/>
    <property name="file.encoding.pkg" value="sun.io"/>
    <property name="java.specification.version" value="1.8"/>
    <property name="log4j.configurationFile" value="C:\Users\laksh\IdeaProjects\SnappetAPITest/log4j2.xml"/>
    <property name="sun.cpu.isalist" value="amd64"/>
    <property name="sun.jnu.encoding" value="Cp1252"/>
    <property name="java.class.path" value="C:\Users\laksh\IdeaProjects\SnappetAPITest\target\test-classes;C:\Users\laksh\IdeaProjects\SnappetAPITest\target\classes;C:\Users\laksh\.m2\repository\io\rest-assured\rest-assured\4.3.1\rest-assured-4.3.1.jar;C:\Users\laksh\.m2\repository\org\codehaus\groovy\groovy\3.0.3\groovy-3.0.3.jar;C:\Users\laksh\.m2\repository\org\codehaus\groovy\groovy-xml\3.0.3\groovy-xml-3.0.3.jar;C:\Users\laksh\.m2\repository\org\apache\httpcomponents\httpclient\4.5.3\httpclient-4.5.3.jar;C:\Users\laksh\.m2\repository\org\apache\httpcomponents\httpcore\4.4.6\httpcore-4.4.6.jar;C:\Users\laksh\.m2\repository\commons-logging\commons-logging\1.2\commons-logging-1.2.jar;C:\Users\laksh\.m2\repository\commons-codec\commons-codec\1.9\commons-codec-1.9.jar;C:\Users\laksh\.m2\repository\org\apache\httpcomponents\httpmime\4.5.3\httpmime-4.5.3.jar;C:\Users\laksh\.m2\repository\org\hamcrest\hamcrest\2.1\hamcrest-2.1.jar;C:\Users\laksh\.m2\repository\org\ccil\cowan\tagsoup\tagsoup\1.2.1\tagsoup-1.2.1.jar;C:\Users\laksh\.m2\repository\io\rest-assured\xml-path\4.3.1\xml-path-4.3.1.jar;C:\Users\laksh\.m2\repository\org\apache\commons\commons-lang3\3.4\commons-lang3-3.4.jar;C:\Users\laksh\.m2\repository\jakarta\xml\bind\jakarta.xml.bind-api\2.3.3\jakarta.xml.bind-api-2.3.3.jar;C:\Users\laksh\.m2\repository\jakarta\activation\jakarta.activation-api\1.2.2\jakarta.activation-api-1.2.2.jar;C:\Users\laksh\.m2\repository\com\sun\xml\bind\jaxb-impl\2.3.3\jaxb-impl-2.3.3.jar;C:\Users\laksh\.m2\repository\io\cucumber\cucumber-java\6.6.0\cucumber-java-6.6.0.jar;C:\Users\laksh\.m2\repository\io\cucumber\cucumber-core\6.6.0\cucumber-core-6.6.0.jar;C:\Users\laksh\.m2\repository\io\cucumber\cucumber-gherkin\6.6.0\cucumber-gherkin-6.6.0.jar;C:\Users\laksh\.m2\repository\io\cucumber\cucumber-gherkin-messages\6.6.0\cucumber-gherkin-messages-6.6.0.jar;C:\Users\laksh\.m2\repository\io\cucumber\messages\13.0.1\messages-13.0.1.jar;C:\Users\laksh\.m2\repository\io\cucumber\tag-expressions\3.0.0\tag-expressions-3.0.0.jar;C:\Users\laksh\.m2\repository\io\cucumber\cucumber-expressions\10.3.0\cucumber-expressions-10.3.0.jar;C:\Users\laksh\.m2\repository\io\cucumber\datatable\3.4.0\datatable-3.4.0.jar;C:\Users\laksh\.m2\repository\io\cucumber\cucumber-plugin\6.6.0\cucumber-plugin-6.6.0.jar;C:\Users\laksh\.m2\repository\io\cucumber\docstring\6.6.0\docstring-6.6.0.jar;C:\Users\laksh\.m2\repository\io\cucumber\html-formatter\9.0.0\html-formatter-9.0.0.jar;C:\Users\laksh\.m2\repository\io\cucumber\create-meta\2.0.1\create-meta-2.0.1.jar;C:\Users\laksh\.m2\repository\org\apiguardian\apiguardian-api\1.1.0\apiguardian-api-1.1.0.jar;C:\Users\laksh\.m2\repository\io\rest-assured\json-path\4.3.1\json-path-4.3.1.jar;C:\Users\laksh\.m2\repository\org\codehaus\groovy\groovy-json\3.0.3\groovy-json-3.0.3.jar;C:\Users\laksh\.m2\repository\io\rest-assured\rest-assured-common\4.3.1\rest-assured-common-4.3.1.jar;C:\Users\laksh\.m2\repository\io\rest-assured\json-schema-validator\4.3.1\json-schema-validator-4.3.1.jar;C:\Users\laksh\.m2\repository\com\github\java-json-tools\json-schema-validator\2.2.10\json-schema-validator-2.2.10.jar;C:\Users\laksh\.m2\repository\com\github\java-json-tools\json-schema-core\1.2.10\json-schema-core-1.2.10.jar;C:\Users\laksh\.m2\repository\com\github\java-json-tools\jackson-coreutils\1.9\jackson-coreutils-1.9.jar;C:\Users\laksh\.m2\repository\com\fasterxml\jackson\core\jackson-databind\2.2.3\jackson-databind-2.2.3.jar;C:\Users\laksh\.m2\repository\com\fasterxml\jackson\core\jackson-annotations\2.2.3\jackson-annotations-2.2.3.jar;C:\Users\laksh\.m2\repository\com\fasterxml\jackson\core\jackson-core\2.2.3\jackson-core-2.2.3.jar;C:\Users\laksh\.m2\repository\com\github\fge\msg-simple\1.1\msg-simple-1.1.jar;C:\Users\laksh\.m2\repository\com\github\fge\btf\1.2\btf-1.2.jar;C:\Users\laksh\.m2\repository\com\github\fge\uri-template\0.9\uri-template-0.9.jar;C:\Users\laksh\.m2\repository\org\mozilla\rhino\1.7.7.1\rhino-1.7.7.1.jar;C:\Users\laksh\.m2\repository\javax\mail\mailapi\1.4.3\mailapi-1.4.3.jar;C:\Users\laksh\.m2\repository\javax\activation\activation\1.1\activation-1.1.jar;C:\Users\laksh\.m2\repository\joda-time\joda-time\2.9.7\joda-time-2.9.7.jar;C:\Users\laksh\.m2\repository\com\googlecode\libphonenumber\libphonenumber\8.0.0\libphonenumber-8.0.0.jar;C:\Users\laksh\.m2\repository\com\google\code\findbugs\jsr305\3.0.1\jsr305-3.0.1.jar;C:\Users\laksh\.m2\repository\net\sf\jopt-simple\jopt-simple\5.0.3\jopt-simple-5.0.3.jar;C:\Users\laksh\.m2\repository\io\cucumber\cucumber-picocontainer\6.6.0\cucumber-picocontainer-6.6.0.jar;C:\Users\laksh\.m2\repository\org\picocontainer\picocontainer\2.15\picocontainer-2.15.jar;C:\Users\laksh\.m2\repository\io\cucumber\cucumber-testng\6.6.0\cucumber-testng-6.6.0.jar;C:\Users\laksh\.m2\repository\org\testng\testng\7.3.0\testng-7.3.0.jar;C:\Users\laksh\.m2\repository\com\beust\jcommander\1.78\jcommander-1.78.jar;C:\Users\laksh\.m2\repository\org\apache\ant\ant\1.10.3\ant-1.10.3.jar;C:\Users\laksh\.m2\repository\org\apache\ant\ant-launcher\1.10.3\ant-launcher-1.10.3.jar;C:\Users\laksh\.m2\repository\junit\junit\4.12\junit-4.12.jar;C:\Users\laksh\.m2\repository\org\hamcrest\hamcrest-core\1.3\hamcrest-core-1.3.jar;C:\Users\laksh\.m2\repository\com\google\inject\guice\4.2.2\guice-4.2.2-no_aop.jar;C:\Users\laksh\.m2\repository\javax\inject\javax.inject\1\javax.inject-1.jar;C:\Users\laksh\.m2\repository\aopalliance\aopalliance\1.0\aopalliance-1.0.jar;C:\Users\laksh\.m2\repository\com\google\guava\guava\25.1-android\guava-25.1-android.jar;C:\Users\laksh\.m2\repository\org\checkerframework\checker-compat-qual\2.0.0\checker-compat-qual-2.0.0.jar;C:\Users\laksh\.m2\repository\com\google\errorprone\error_prone_annotations\2.1.3\error_prone_annotations-2.1.3.jar;C:\Users\laksh\.m2\repository\com\google\j2objc\j2objc-annotations\1.1\j2objc-annotations-1.1.jar;C:\Users\laksh\.m2\repository\org\codehaus\mojo\animal-sniffer-annotations\1.14\animal-sniffer-annotations-1.14.jar;C:\Users\laksh\.m2\repository\org\yaml\snakeyaml\1.21\snakeyaml-1.21.jar;C:\Users\laksh\.m2\repository\org\apache\logging\log4j\log4j-api\2.13.3\log4j-api-2.13.3.jar;C:\Users\laksh\.m2\repository\org\apache\logging\log4j\log4j-core\2.13.3\log4j-core-2.13.3.jar;C:\Users\laksh\.m2\repository\tech\grasshopper\extentreports-cucumber6-adapter\1.1.0\extentreports-cucumber6-adapter-1.1.0.jar;C:\Users\laksh\.m2\repository\com\aventstack\extentreports\4.1.7\extentreports-4.1.7.jar;C:\Users\laksh\.m2\repository\org\freemarker\freemarker\2.3.29\freemarker-2.3.29.jar;C:\Users\laksh\.m2\repository\org\mongodb\bson\3.12.0\bson-3.12.0.jar;C:\Users\laksh\.m2\repository\org\mongodb\mongodb-driver\3.3.0\mongodb-driver-3.3.0.jar;C:\Users\laksh\.m2\repository\org\mongodb\mongodb-driver-core\3.3.0\mongodb-driver-core-3.3.0.jar;C:\Users\laksh\.m2\repository\commons-io\commons-io\2.7\commons-io-2.7.jar;C:\Users\laksh\.m2\repository\org\json\json\20200518\json-20200518.jar;C:\Users\laksh\.m2\repository\com\google\code\gson\gson\2.3.1\gson-2.3.1.jar;"/>
    <property name="java.vm.vendor" value="Oracle Corporation"/>
    <property name="sun.arch.data.model" value="64"/>
    <property name="user.variant" value=""/>
    <property name="java.vendor.url" value="http://java.oracle.com/"/>
    <property name="user.timezone" value="Asia/Singapore"/>
    <property name="java.vm.specification.version" value="1.8"/>
    <property name="os.name" value="Windows 10"/>
    <property name="user.country" value="US"/>
    <property name="sun.java.launcher" value="SUN_STANDARD"/>
    <property name="sun.boot.library.path" value="C:\Program Files\Java\jdk1.8.0_241\jre\bin"/>
    <property name="sun.java.command" value="C:\Users\laksh\AppData\Local\Temp\surefire3934175686602905748\surefirebooter4388534044007314959.jar C:\Users\laksh\AppData\Local\Temp\surefire3934175686602905748 2021-03-20T19-00-59_007-jvmRun1 surefire3878956352711426097tmp surefire_01734676888171585317tmp"/>
    <property name="surefire.test.class.path" value="C:\Users\laksh\IdeaProjects\SnappetAPITest\target\test-classes;C:\Users\laksh\IdeaProjects\SnappetAPITest\target\classes;C:\Users\laksh\.m2\repository\io\rest-assured\rest-assured\4.3.1\rest-assured-4.3.1.jar;C:\Users\laksh\.m2\repository\org\codehaus\groovy\groovy\3.0.3\groovy-3.0.3.jar;C:\Users\laksh\.m2\repository\org\codehaus\groovy\groovy-xml\3.0.3\groovy-xml-3.0.3.jar;C:\Users\laksh\.m2\repository\org\apache\httpcomponents\httpclient\4.5.3\httpclient-4.5.3.jar;C:\Users\laksh\.m2\repository\org\apache\httpcomponents\httpcore\4.4.6\httpcore-4.4.6.jar;C:\Users\laksh\.m2\repository\commons-logging\commons-logging\1.2\commons-logging-1.2.jar;C:\Users\laksh\.m2\repository\commons-codec\commons-codec\1.9\commons-codec-1.9.jar;C:\Users\laksh\.m2\repository\org\apache\httpcomponents\httpmime\4.5.3\httpmime-4.5.3.jar;C:\Users\laksh\.m2\repository\org\hamcrest\hamcrest\2.1\hamcrest-2.1.jar;C:\Users\laksh\.m2\repository\org\ccil\cowan\tagsoup\tagsoup\1.2.1\tagsoup-1.2.1.jar;C:\Users\laksh\.m2\repository\io\rest-assured\xml-path\4.3.1\xml-path-4.3.1.jar;C:\Users\laksh\.m2\repository\org\apache\commons\commons-lang3\3.4\commons-lang3-3.4.jar;C:\Users\laksh\.m2\repository\jakarta\xml\bind\jakarta.xml.bind-api\2.3.3\jakarta.xml.bind-api-2.3.3.jar;C:\Users\laksh\.m2\repository\jakarta\activation\jakarta.activation-api\1.2.2\jakarta.activation-api-1.2.2.jar;C:\Users\laksh\.m2\repository\com\sun\xml\bind\jaxb-impl\2.3.3\jaxb-impl-2.3.3.jar;C:\Users\laksh\.m2\repository\io\cucumber\cucumber-java\6.6.0\cucumber-java-6.6.0.jar;C:\Users\laksh\.m2\repository\io\cucumber\cucumber-core\6.6.0\cucumber-core-6.6.0.jar;C:\Users\laksh\.m2\repository\io\cucumber\cucumber-gherkin\6.6.0\cucumber-gherkin-6.6.0.jar;C:\Users\laksh\.m2\repository\io\cucumber\cucumber-gherkin-messages\6.6.0\cucumber-gherkin-messages-6.6.0.jar;C:\Users\laksh\.m2\repository\io\cucumber\messages\13.0.1\messages-13.0.1.jar;C:\Users\laksh\.m2\repository\io\cucumber\tag-expressions\3.0.0\tag-expressions-3.0.0.jar;C:\Users\laksh\.m2\repository\io\cucumber\cucumber-expressions\10.3.0\cucumber-expressions-10.3.0.jar;C:\Users\laksh\.m2\repository\io\cucumber\datatable\3.4.0\datatable-3.4.0.jar;C:\Users\laksh\.m2\repository\io\cucumber\cucumber-plugin\6.6.0\cucumber-plugin-6.6.0.jar;C:\Users\laksh\.m2\repository\io\cucumber\docstring\6.6.0\docstring-6.6.0.jar;C:\Users\laksh\.m2\repository\io\cucumber\html-formatter\9.0.0\html-formatter-9.0.0.jar;C:\Users\laksh\.m2\repository\io\cucumber\create-meta\2.0.1\create-meta-2.0.1.jar;C:\Users\laksh\.m2\repository\org\apiguardian\apiguardian-api\1.1.0\apiguardian-api-1.1.0.jar;C:\Users\laksh\.m2\repository\io\rest-assured\json-path\4.3.1\json-path-4.3.1.jar;C:\Users\laksh\.m2\repository\org\codehaus\groovy\groovy-json\3.0.3\groovy-json-3.0.3.jar;C:\Users\laksh\.m2\repository\io\rest-assured\rest-assured-common\4.3.1\rest-assured-common-4.3.1.jar;C:\Users\laksh\.m2\repository\io\rest-assured\json-schema-validator\4.3.1\json-schema-validator-4.3.1.jar;C:\Users\laksh\.m2\repository\com\github\java-json-tools\json-schema-validator\2.2.10\json-schema-validator-2.2.10.jar;C:\Users\laksh\.m2\repository\com\github\java-json-tools\json-schema-core\1.2.10\json-schema-core-1.2.10.jar;C:\Users\laksh\.m2\repository\com\github\java-json-tools\jackson-coreutils\1.9\jackson-coreutils-1.9.jar;C:\Users\laksh\.m2\repository\com\fasterxml\jackson\core\jackson-databind\2.2.3\jackson-databind-2.2.3.jar;C:\Users\laksh\.m2\repository\com\fasterxml\jackson\core\jackson-annotations\2.2.3\jackson-annotations-2.2.3.jar;C:\Users\laksh\.m2\repository\com\fasterxml\jackson\core\jackson-core\2.2.3\jackson-core-2.2.3.jar;C:\Users\laksh\.m2\repository\com\github\fge\msg-simple\1.1\msg-simple-1.1.jar;C:\Users\laksh\.m2\repository\com\github\fge\btf\1.2\btf-1.2.jar;C:\Users\laksh\.m2\repository\com\github\fge\uri-template\0.9\uri-template-0.9.jar;C:\Users\laksh\.m2\repository\org\mozilla\rhino\1.7.7.1\rhino-1.7.7.1.jar;C:\Users\laksh\.m2\repository\javax\mail\mailapi\1.4.3\mailapi-1.4.3.jar;C:\Users\laksh\.m2\repository\javax\activation\activation\1.1\activation-1.1.jar;C:\Users\laksh\.m2\repository\joda-time\joda-time\2.9.7\joda-time-2.9.7.jar;C:\Users\laksh\.m2\repository\com\googlecode\libphonenumber\libphonenumber\8.0.0\libphonenumber-8.0.0.jar;C:\Users\laksh\.m2\repository\com\google\code\findbugs\jsr305\3.0.1\jsr305-3.0.1.jar;C:\Users\laksh\.m2\repository\net\sf\jopt-simple\jopt-simple\5.0.3\jopt-simple-5.0.3.jar;C:\Users\laksh\.m2\repository\io\cucumber\cucumber-picocontainer\6.6.0\cucumber-picocontainer-6.6.0.jar;C:\Users\laksh\.m2\repository\org\picocontainer\picocontainer\2.15\picocontainer-2.15.jar;C:\Users\laksh\.m2\repository\io\cucumber\cucumber-testng\6.6.0\cucumber-testng-6.6.0.jar;C:\Users\laksh\.m2\repository\org\testng\testng\7.3.0\testng-7.3.0.jar;C:\Users\laksh\.m2\repository\com\beust\jcommander\1.78\jcommander-1.78.jar;C:\Users\laksh\.m2\repository\org\apache\ant\ant\1.10.3\ant-1.10.3.jar;C:\Users\laksh\.m2\repository\org\apache\ant\ant-launcher\1.10.3\ant-launcher-1.10.3.jar;C:\Users\laksh\.m2\repository\junit\junit\4.12\junit-4.12.jar;C:\Users\laksh\.m2\repository\org\hamcrest\hamcrest-core\1.3\hamcrest-core-1.3.jar;C:\Users\laksh\.m2\repository\com\google\inject\guice\4.2.2\guice-4.2.2-no_aop.jar;C:\Users\laksh\.m2\repository\javax\inject\javax.inject\1\javax.inject-1.jar;C:\Users\laksh\.m2\repository\aopalliance\aopalliance\1.0\aopalliance-1.0.jar;C:\Users\laksh\.m2\repository\com\google\guava\guava\25.1-android\guava-25.1-android.jar;C:\Users\laksh\.m2\repository\org\checkerframework\checker-compat-qual\2.0.0\checker-compat-qual-2.0.0.jar;C:\Users\laksh\.m2\repository\com\google\errorprone\error_prone_annotations\2.1.3\error_prone_annotations-2.1.3.jar;C:\Users\laksh\.m2\repository\com\google\j2objc\j2objc-annotations\1.1\j2objc-annotations-1.1.jar;C:\Users\laksh\.m2\repository\org\codehaus\mojo\animal-sniffer-annotations\1.14\animal-sniffer-annotations-1.14.jar;C:\Users\laksh\.m2\repository\org\yaml\snakeyaml\1.21\snakeyaml-1.21.jar;C:\Users\laksh\.m2\repository\org\apache\logging\log4j\log4j-api\2.13.3\log4j-api-2.13.3.jar;C:\Users\laksh\.m2\repository\org\apache\logging\log4j\log4j-core\2.13.3\log4j-core-2.13.3.jar;C:\Users\laksh\.m2\repository\tech\grasshopper\extentreports-cucumber6-adapter\1.1.0\extentreports-cucumber6-adapter-1.1.0.jar;C:\Users\laksh\.m2\repository\com\aventstack\extentreports\4.1.7\extentreports-4.1.7.jar;C:\Users\laksh\.m2\repository\org\freemarker\freemarker\2.3.29\freemarker-2.3.29.jar;C:\Users\laksh\.m2\repository\org\mongodb\bson\3.12.0\bson-3.12.0.jar;C:\Users\laksh\.m2\repository\org\mongodb\mongodb-driver\3.3.0\mongodb-driver-3.3.0.jar;C:\Users\laksh\.m2\repository\org\mongodb\mongodb-driver-core\3.3.0\mongodb-driver-core-3.3.0.jar;C:\Users\laksh\.m2\repository\commons-io\commons-io\2.7\commons-io-2.7.jar;C:\Users\laksh\.m2\repository\org\json\json\20200518\json-20200518.jar;C:\Users\laksh\.m2\repository\com\google\code\gson\gson\2.3.1\gson-2.3.1.jar;"/>
    <property name="sun.cpu.endian" value="little"/>
    <property name="user.home" value="C:\Users\laksh"/>
    <property name="user.language" value="en"/>
    <property name="java.specification.vendor" value="Oracle Corporation"/>
    <property name="java.home" value="C:\Program Files\Java\jdk1.8.0_241\jre"/>
    <property name="basedir" value="C:\Users\laksh\IdeaProjects\SnappetAPITest"/>
    <property name="file.separator" value="\"/>
    <property name="line.separator" value="&#10;"/>
    <property name="java.vm.specification.vendor" value="Oracle Corporation"/>
    <property name="java.specification.name" value="Java Platform API Specification"/>
    <property name="java.awt.graphicsenv" value="sun.awt.Win32GraphicsEnvironment"/>
    <property name="surefire.real.class.path" value="C:\Users\laksh\AppData\Local\Temp\surefire3934175686602905748\surefirebooter4388534044007314959.jar"/>
    <property name="sun.boot.class.path" value="C:\Program Files\Java\jdk1.8.0_241\jre\lib\resources.jar;C:\Program Files\Java\jdk1.8.0_241\jre\lib\rt.jar;C:\Program Files\Java\jdk1.8.0_241\jre\lib\sunrsasign.jar;C:\Program Files\Java\jdk1.8.0_241\jre\lib\jsse.jar;C:\Program Files\Java\jdk1.8.0_241\jre\lib\jce.jar;C:\Program Files\Java\jdk1.8.0_241\jre\lib\charsets.jar;C:\Program Files\Java\jdk1.8.0_241\jre\lib\jfr.jar;C:\Program Files\Java\jdk1.8.0_241\jre\classes"/>
    <property name="user.script" value=""/>
    <property name="sun.management.compiler" value="HotSpot 64-Bit Tiered Compilers"/>
    <property name="java.runtime.version" value="1.8.0_241-b07"/>
    <property name="user.name" value="laksh"/>
    <property name="path.separator" value=";"/>
    <property name="os.version" value="10.0"/>
    <property name="java.endorsed.dirs" value="C:\Program Files\Java\jdk1.8.0_241\jre\lib\endorsed"/>
    <property name="java.runtime.name" value="Java(TM) SE Runtime Environment"/>
    <property name="file.encoding" value="Cp1252"/>
    <property name="java.vm.name" value="Java HotSpot(TM) 64-Bit Server VM"/>
    <property name="localRepository" value="C:\Users\laksh\.m2\repository"/>
    <property name="java.vendor.url.bug" value="http://bugreport.sun.com/bugreport/"/>
    <property name="java.io.tmpdir" value="C:\Users\laksh\AppData\Local\Temp\"/>
    <property name="java.version" value="1.8.0_241"/>
    <property name="user.dir" value="C:\Users\laksh\IdeaProjects\SnappetAPITest"/>
    <property name="os.arch" value="amd64"/>
    <property name="java.vm.specification.name" value="Java Virtual Machine Specification"/>
    <property name="java.awt.printerjob" value="sun.awt.windows.WPrinterJob"/>
    <property name="sun.os.patch.level" value=""/>
    <property name="java.library.path" value="C:\Program Files\Java\jdk1.8.0_241\jre\bin;C:\WINDOWS\Sun\Java\bin;C:\WINDOWS\system32;C:\WINDOWS;C:\Program Files (x86)\Common Files\Oracle\Java\javapath;C:\Windows\system32;C:\Windows;C:\Windows\System32\Wbem;C:\Windows\System32\WindowsPowerShell\v1.0\;C:\Windows\System32\OpenSSH\;C:\Program Files\NVIDIA Corporation\NVIDIA NvDLISR;C:\Program Files\Java\jdk1.8.0_241\bin;C:\Software\apache-maven-3.6.3-bin\apache-maven-3.6.3\bin;C:\Program Files\Microsoft SQL Server\130\Tools\Binn\;C:\Program Files\Microsoft SQL Server\Client SDK\ODBC\170\Tools\Binn\;C:\Program Files\Git\cmd;C:\Program Files\dotnet\;C:\Program Files (x86)\Microsoft SQL Server\150\Tools\Binn\;C:\Program Files\Microsoft SQL Server\150\Tools\Binn\;C:\Program Files\Microsoft SQL Server\150\DTS\Binn\;C:\Program Files (x86)\Microsoft SQL Server\150\DTS\Binn\;C:\Program Files\nodejs\;C:\WINDOWS\system32;C:\WINDOWS;C:\WINDOWS\System32\Wbem;C:\WINDOWS\System32\WindowsPowerShell\v1.0\;C:\WINDOWS\System32\OpenSSH\;C:\Program Files (x86)\NVIDIA Corporation\PhysX\Common;C:\Users\laksh\AppData\Local\Programs\Python\Python38-32\Scripts\;C:\Users\laksh\AppData\Local\Programs\Python\Python38-32\;C:\Users\laksh\AppData\Local\Microsoft\WindowsApps;C:\Users\laksh\.dotnet\tools;C:\Users\laksh\AppData\Local\GitHubDesktop\bin;C:\Users\laksh\AppData\Local\atom\bin;C:\Users\laksh\AppData\Roaming\npm;C:\Users\laksh\AppData\Local\Microsoft\WindowsApps;;C:\Users\laksh\AppData\Local\Programs\Microsoft VS Code\bin;."/>
    <property name="java.vm.info" value="mixed mode"/>
    <property name="java.vendor" value="Oracle Corporation"/>
    <property name="java.vm.version" value="25.241-b07"/>
    <property name="java.ext.dirs" value="C:\Program Files\Java\jdk1.8.0_241\jre\lib\ext;C:\WINDOWS\Sun\Java\lib\ext"/>
    <property name="sun.io.unicode.encoding" value="UnicodeLittle"/>
    <property name="java.class.version" value="52.0"/>
  </properties>
  <testcase name="runScenario[&quot;User should be able to add pupil with only required parameters&quot;, &quot;Optional[Add Pupil request functional tests]&quot;](1)" classname="testRunner.TestNGTestRunner" time="2.325">
    <system-out><![CDATA[...
... TestNG 7.3.0 by CÃ©dric Beust (cedric@beust.com)
...

2021-03-20 19:01:00,258 main ERROR appenders Appenders has no parameter that matches element PatternLayout
Loading properties file: C:\Users\laksh\IdeaProjects\SnappetAPITest/src/test/java/config/apiconfig.properties
---------------------------------------------------------------------
Scenario Started: User should be able to add pupil with only required parameters
Set Add Pupil request URL as http://localhost:3000/pupils
Request method:	POST
Request URI:	http://localhost:3000/pupils
Proxy:			<none>
Request params:	<none>
Query params:	<none>
Form params:	<none>
Path params:	<none>
Headers:		Authorization=Basic dGVzdENhbmRpZGF0ZTpQQHNzdzByZA==
				Accept=*/*
				Content-Type=application/json; charset=UTF-8
Cookies:		<none>
Multiparts:		<none>
Body:
{
    "firstName": "Umanga",
    "lastName": "Madawala",
    "gradeId": 1
}
HTTP/1.1 201 Created
X-Powered-By: Express
Location: /pupils/610671
Content-Type: application/json; charset=utf-8
Content-Length: 75
ETag: W/"4b-4nDNVDeNoNR/LmGEV7IiqDHLoww"
Date: Sat, 20 Mar 2021 11:01:02 GMT
Connection: keep-alive

{
    "firstName": "Umanga",
    "lastName": "Madawala",
    "gradeId": 1,
    "pupilId": "610671"
}
Scenario Ended: User should be able to add pupil with only required parameters
]]></system-out>
  </testcase>
  <testcase name="runScenario[&quot;User should be able to add pupil with all supported parameters&quot;, &quot;Optional[Add Pupil request functional tests]&quot;](2)" classname="testRunner.TestNGTestRunner" time="0.206">
    <system-out><![CDATA[---------------------------------------------------------------------
Scenario Started: User should be able to add pupil with all supported parameters
Set Add Pupil request URL as http://localhost:3000/pupils
Request method:	POST
Request URI:	http://localhost:3000/pupils
Proxy:			<none>
Request params:	<none>
Query params:	<none>
Form params:	<none>
Path params:	<none>
Headers:		Authorization=Basic dGVzdENhbmRpZGF0ZTpQQHNzdzByZA==
				Accept=*/*
				Content-Type=application/json; charset=UTF-8
Cookies:		<none>
Multiparts:		<none>
Body:
{
    "firstName": "Umanga",
    "lastName": "Madawala",
    "gradeId": 1,
    "classId": 1,
    "infix": "NewMCUser",
    "isDisabled": false,
    "email": "test@mail.com"
}
Request method:	POST
Request URI:	http://localhost:3000/pupils
Proxy:			<none>
Request params:	<none>
Query params:	<none>
Form params:	<none>
Path params:	<none>
Headers:		Authorization=Basic dGVzdENhbmRpZGF0ZTpQQHNzdzByZA==
				Accept=*/*
				Content-Type=application/json; charset=UTF-8
Cookies:		<none>
Multiparts:		<none>
Body:
{
    "firstName": "Umanga",
    "lastName": "Madawala",
    "gradeId": 1,
    "classId": 1,
    "infix": "NewMCUser",
    "isDisabled": false,
    "email": "test@mail.com"
}
HTTP/1.1 201 Created
X-Powered-By: Express
Location: /pupils/367269
Content-Type: application/json; charset=utf-8
Content-Length: 150
ETag: W/"96-3zaH8tXfIFzJ/4V3ZIkPst8KKlw"
Date: Sat, 20 Mar 2021 11:01:03 GMT
Connection: keep-alive

{
    "firstName": "Umanga",
    "lastName": "Madawala",
    "gradeId": 1,
    "classId": 1,
    "infix": "NewMCUser",
    "isDisabled": false,
    "email": "test@mail.com",
    "pupilId": "367269"
}
HTTP/1.1 201 Created
X-Powered-By: Express
Location: /pupils/367269
Content-Type: application/json; charset=utf-8
Content-Length: 150
ETag: W/"96-3zaH8tXfIFzJ/4V3ZIkPst8KKlw"
Date: Sat, 20 Mar 2021 11:01:03 GMT
Connection: keep-alive

{
    "firstName": "Umanga",
    "lastName": "Madawala",
    "gradeId": 1,
    "classId": 1,
    "infix": "NewMCUser",
    "isDisabled": false,
    "email": "test@mail.com",
    "pupilId": "367269"
}
Scenario Ended: User should be able to add pupil with all supported parameters
]]></system-out>
  </testcase>
  <testcase name="runScenario[&quot;User should not be able to add pupil if basic authentication header is not provided&quot;, &quot;Optional[Add Pupil request functional tests]&quot;](3)" classname="testRunner.TestNGTestRunner" time="0.14">
    <failure message="&quot;message&quot; field does not exist in response body&#10;&#10;Actual Response body is {&quot;status&quot;:401,&quot;massage&quot;:&quot;Authorization header required&quot;}&#10;" type="java.lang.AssertionError"><![CDATA[java.lang.AssertionError: 
"message" field does not exist in response body

Actual Response body is {"status":401,"massage":"Authorization header required"}

]]></failure>
    <system-out><![CDATA[---------------------------------------------------------------------
Scenario Started: User should not be able to add pupil if basic authentication header is not provided
Set Add Pupil request URL as http://localhost:3000/pupils
Request method:	POST
Request URI:	http://localhost:3000/pupils
Proxy:			<none>
Request params:	<none>
Query params:	<none>
Form params:	<none>
Path params:	<none>
Headers:		Accept=*/*
				Content-Type=application/json; charset=UTF-8
Cookies:		<none>
Multiparts:		<none>
Body:
{
    "firstName": "Umanga",
    "lastName": "Madawala",
    "gradeId": 1
}
Request method:	POST
Request URI:	http://localhost:3000/pupils
Proxy:			<none>
Request params:	<none>
Query params:	<none>
Form params:	<none>
Path params:	<none>
Headers:		Accept=*/*
				Content-Type=application/json; charset=UTF-8
Cookies:		<none>
Multiparts:		<none>
Body:
{
    "firstName": "Umanga",
    "lastName": "Madawala",
    "gradeId": 1
}
Request method:	POST
Request URI:	http://localhost:3000/pupils
Proxy:			<none>
Request params:	<none>
Query params:	<none>
Form params:	<none>
Path params:	<none>
Headers:		Accept=*/*
				Content-Type=application/json; charset=UTF-8
Cookies:		<none>
Multiparts:		<none>
Body:
{
    "firstName": "Umanga",
    "lastName": "Madawala",
    "gradeId": 1
}
HTTP/1.1 401 Unauthorized
X-Powered-By: Express
Content-Type: application/json; charset=utf-8
Content-Length: 56
ETag: W/"38-rsGCGRko9Txslotl9QGfn5Bn8VU"
Date: Sat, 20 Mar 2021 11:01:03 GMT
Connection: keep-alive

{
    "status": 401,
    "massage": "Authorization header required"
}
HTTP/1.1 401 Unauthorized
X-Powered-By: Express
Content-Type: application/json; charset=utf-8
Content-Length: 56
ETag: W/"38-rsGCGRko9Txslotl9QGfn5Bn8VU"
Date: Sat, 20 Mar 2021 11:01:03 GMT
Connection: keep-alive

{
    "status": 401,
    "massage": "Authorization header required"
}
HTTP/1.1 401 Unauthorized
X-Powered-By: Express
Content-Type: application/json; charset=utf-8
Content-Length: 56
ETag: W/"38-rsGCGRko9Txslotl9QGfn5Bn8VU"
Date: Sat, 20 Mar 2021 11:01:03 GMT
Connection: keep-alive

{
    "status": 401,
    "massage": "Authorization header required"
}
Response body assertion error
"message" field does not exist in response body

Actual Response body is {"status":401,"massage":"Authorization header required"}

Scenario Ended: User should not be able to add pupil if basic authentication header is not provided
]]></system-out>
  </testcase>
  <testcase name="runScenario[&quot;User should be able to add pupil with first name having max length of ---&quot;, &quot;Optional[Add Pupil request functional tests]&quot;](4)" classname="testRunner.TestNGTestRunner" time="0"/>
  <testcase name="runScenario[&quot;User should be able to add pupil with first name having min length of ---&quot;, &quot;Optional[Add Pupil request functional tests]&quot;](5)" classname="testRunner.TestNGTestRunner" time="0"/>
  <testcase name="runScenario[&quot;User should not be able to add pupil if first name is not given&quot;, &quot;Optional[Add Pupil request functional tests]&quot;](6)" classname="testRunner.TestNGTestRunner" time="0"/>
  <testcase name="runScenario[&quot;User should not be able to add pupil if last name is not given&quot;, &quot;Optional[Add Pupil request functional tests]&quot;](7)" classname="testRunner.TestNGTestRunner" time="0"/>
  <testcase name="runScenario[&quot;User should not be able to add pupil if grade Id is not given&quot;, &quot;Optional[Add Pupil request functional tests]&quot;](8)" classname="testRunner.TestNGTestRunner" time="0"/>
  <testcase name="runScenario[&quot;User should not be able to add pupil if username is not valid&quot;, &quot;Optional[Add Pupil request functional tests]&quot;](9)" classname="testRunner.TestNGTestRunner" time="0"/>
  <testcase name="runScenario[&quot;User should not be able to add pupil if password is not valid&quot;, &quot;Optional[Add Pupil request functional tests]&quot;](10)" classname="testRunner.TestNGTestRunner" time="0"/>
  <testcase name="runScenario[&quot;User should be able to delete a pupil with valid pupilId&quot;, &quot;Optional[Delete Pupils request functional tests]&quot;](11)" classname="testRunner.TestNGTestRunner" time="0.217">
    <failure message="Expected response body to be verified as JSON, HTML or XML but no content-type was defined in the response.&#10;Try registering a default parser using:&#10;   RestAssured.defaultParser(&lt;parser type&gt;);&#10;Content was:&#10;&#10;" type="java.lang.IllegalStateException"><![CDATA[java.lang.IllegalStateException: 
Expected response body to be verified as JSON, HTML or XML but no content-type was defined in the response.
Try registering a default parser using:
   RestAssured.defaultParser(<parser type>);
Content was:


]]></failure>
    <system-out><![CDATA[---------------------------------------------------------------------
Scenario Started: User should be able to delete a pupil with valid pupilId
Set Add Pupil request URL as http://localhost:3000/pupils
Request method:	POST
Request URI:	http://localhost:3000/pupils
Proxy:			<none>
Request params:	<none>
Query params:	<none>
Form params:	<none>
Path params:	<none>
Headers:		Authorization=Basic dGVzdENhbmRpZGF0ZTpQQHNzdzByZA==
				Accept=*/*
				Content-Type=application/json; charset=UTF-8
Cookies:		<none>
Multiparts:		<none>
Body:
{
    "firstName": "Umanga",
    "lastName": "Madawala",
    "gradeId": 1
}
Request method:	POST
Request URI:	http://localhost:3000/pupils
Proxy:			<none>
Request params:	<none>
Query params:	<none>
Form params:	<none>
Path params:	<none>
Headers:		Authorization=Basic dGVzdENhbmRpZGF0ZTpQQHNzdzByZA==
				Accept=*/*
				Content-Type=application/json; charset=UTF-8
Cookies:		<none>
Multiparts:		<none>
Body:
{
    "firstName": "Umanga",
    "lastName": "Madawala",
    "gradeId": 1
}
Request method:	POST
Request URI:	http://localhost:3000/pupils
Proxy:			<none>
Request params:	<none>
Query params:	<none>
Form params:	<none>
Path params:	<none>
Headers:		Authorization=Basic dGVzdENhbmRpZGF0ZTpQQHNzdzByZA==
				Accept=*/*
				Content-Type=application/json; charset=UTF-8
Cookies:		<none>
Multiparts:		<none>
Body:
{
    "firstName": "Umanga",
    "lastName": "Madawala",
    "gradeId": 1
}
Request method:	POST
Request URI:	http://localhost:3000/pupils
Proxy:			<none>
Request params:	<none>
Query params:	<none>
Form params:	<none>
Path params:	<none>
Headers:		Authorization=Basic dGVzdENhbmRpZGF0ZTpQQHNzdzByZA==
				Accept=*/*
				Content-Type=application/json; charset=UTF-8
Cookies:		<none>
Multiparts:		<none>
Body:
{
    "firstName": "Umanga",
    "lastName": "Madawala",
    "gradeId": 1
}
HTTP/1.1 201 Created
X-Powered-By: Express
Location: /pupils/170206
Content-Type: application/json; charset=utf-8
Content-Length: 75
ETag: W/"4b-JwtS/uYS08Lwx1Be4L1NZ9sTfrI"
Date: Sat, 20 Mar 2021 11:01:03 GMT
Connection: keep-alive

{
    "firstName": "Umanga",
    "lastName": "Madawala",
    "gradeId": 1,
    "pupilId": "170206"
}
HTTP/1.1 201 Created
X-Powered-By: Express
Location: /pupils/170206
Content-Type: application/json; charset=utf-8
Content-Length: 75
ETag: W/"4b-JwtS/uYS08Lwx1Be4L1NZ9sTfrI"
Date: Sat, 20 Mar 2021 11:01:03 GMT
Connection: keep-alive

{
    "firstName": "Umanga",
    "lastName": "Madawala",
    "gradeId": 1,
    "pupilId": "170206"
}
HTTP/1.1 201 Created
X-Powered-By: Express
Location: /pupils/170206
Content-Type: application/json; charset=utf-8
Content-Length: 75
ETag: W/"4b-JwtS/uYS08Lwx1Be4L1NZ9sTfrI"
Date: Sat, 20 Mar 2021 11:01:03 GMT
Connection: keep-alive

{
    "firstName": "Umanga",
    "lastName": "Madawala",
    "gradeId": 1,
    "pupilId": "170206"
}
HTTP/1.1 201 Created
X-Powered-By: Express
Location: /pupils/170206
Content-Type: application/json; charset=utf-8
Content-Length: 75
ETag: W/"4b-JwtS/uYS08Lwx1Be4L1NZ9sTfrI"
Date: Sat, 20 Mar 2021 11:01:03 GMT
Connection: keep-alive

{
    "firstName": "Umanga",
    "lastName": "Madawala",
    "gradeId": 1,
    "pupilId": "170206"
}
Request method:	DELETE
Request URI:	http://localhost:3000/pupils/170206
Proxy:			<none>
Request params:	<none>
Query params:	<none>
Form params:	<none>
Path params:	<none>
Headers:		Authorization=Basic dGVzdENhbmRpZGF0ZTpQQHNzdzByZA==
				Accept=*/*
				Content-Type=application/json; charset=UTF-8
Cookies:		<none>
Multiparts:		<none>
Body:			<none>
Request method:	DELETE
Request URI:	http://localhost:3000/pupils/170206
Proxy:			<none>
Request params:	<none>
Query params:	<none>
Form params:	<none>
Path params:	<none>
Headers:		Authorization=Basic dGVzdENhbmRpZGF0ZTpQQHNzdzByZA==
				Accept=*/*
				Content-Type=application/json; charset=UTF-8
Cookies:		<none>
Multiparts:		<none>
Body:			<none>
Request method:	DELETE
Request URI:	http://localhost:3000/pupils/170206
Proxy:			<none>
Request params:	<none>
Query params:	<none>
Form params:	<none>
Path params:	<none>
Headers:		Authorization=Basic dGVzdENhbmRpZGF0ZTpQQHNzdzByZA==
				Accept=*/*
				Content-Type=application/json; charset=UTF-8
Cookies:		<none>
Multiparts:		<none>
Body:			<none>
Request method:	DELETE
Request URI:	http://localhost:3000/pupils/170206
Proxy:			<none>
Request params:	<none>
Query params:	<none>
Form params:	<none>
Path params:	<none>
Headers:		Authorization=Basic dGVzdENhbmRpZGF0ZTpQQHNzdzByZA==
				Accept=*/*
				Content-Type=application/json; charset=UTF-8
Cookies:		<none>
Multiparts:		<none>
Body:			<none>
HTTP/1.1 204 No Content
X-Powered-By: Express
ETag: W/"a-bAsFyilMr4Ra1hIU5PyoyFRunpI"
Date: Sat, 20 Mar 2021 11:01:03 GMT
Connection: keep-alive
HTTP/1.1 204 No Content
X-Powered-By: Express
ETag: W/"a-bAsFyilMr4Ra1hIU5PyoyFRunpI"
Date: Sat, 20 Mar 2021 11:01:03 GMT
Connection: keep-alive
HTTP/1.1 204 No Content
X-Powered-By: Express
ETag: W/"a-bAsFyilMr4Ra1hIU5PyoyFRunpI"
Date: Sat, 20 Mar 2021 11:01:03 GMT
Connection: keep-alive
HTTP/1.1 204 No Content
X-Powered-By: Express
ETag: W/"a-bAsFyilMr4Ra1hIU5PyoyFRunpI"
Date: Sat, 20 Mar 2021 11:01:03 GMT
Connection: keep-alive
Scenario Ended: User should be able to delete a pupil with valid pupilId
]]></system-out>
  </testcase>
  <testcase name="runScenario[&quot;User should not be able to delete a pupil with non-existent pupilId&quot;, &quot;Optional[Delete Pupils request functional tests]&quot;](12)" classname="testRunner.TestNGTestRunner" time="0.22">
    <failure message="1 expectation failed.&#10;Expected status code &lt;404&gt; but was &lt;204&gt;.&#10;&#10;&#10;Actual Response body is &#10;" type="java.lang.AssertionError"><![CDATA[java.lang.AssertionError: 
1 expectation failed.
Expected status code <404> but was <204>.


Actual Response body is 

]]></failure>
    <system-out><![CDATA[---------------------------------------------------------------------
Scenario Started: User should not be able to delete a pupil with non-existent pupilId
Set Add Pupil request URL as http://localhost:3000/pupils
Request method:	POST
Request URI:	http://localhost:3000/pupils
Proxy:			<none>
Request params:	<none>
Query params:	<none>
Form params:	<none>
Path params:	<none>
Headers:		Authorization=Basic dGVzdENhbmRpZGF0ZTpQQHNzdzByZA==
				Accept=*/*
				Content-Type=application/json; charset=UTF-8
Cookies:		<none>
Multiparts:		<none>
Body:
{
    "firstName": "Umanga",
    "lastName": "Madawala",
    "gradeId": 1
}
Request method:	POST
Request URI:	http://localhost:3000/pupils
Proxy:			<none>
Request params:	<none>
Query params:	<none>
Form params:	<none>
Path params:	<none>
Headers:		Authorization=Basic dGVzdENhbmRpZGF0ZTpQQHNzdzByZA==
				Accept=*/*
				Content-Type=application/json; charset=UTF-8
Cookies:		<none>
Multiparts:		<none>
Body:
{
    "firstName": "Umanga",
    "lastName": "Madawala",
    "gradeId": 1
}
Request method:	POST
Request URI:	http://localhost:3000/pupils
Proxy:			<none>
Request params:	<none>
Query params:	<none>
Form params:	<none>
Path params:	<none>
Headers:		Authorization=Basic dGVzdENhbmRpZGF0ZTpQQHNzdzByZA==
				Accept=*/*
				Content-Type=application/json; charset=UTF-8
Cookies:		<none>
Multiparts:		<none>
Body:
{
    "firstName": "Umanga",
    "lastName": "Madawala",
    "gradeId": 1
}
Request method:	POST
Request URI:	http://localhost:3000/pupils
Proxy:			<none>
Request params:	<none>
Query params:	<none>
Form params:	<none>
Path params:	<none>
Headers:		Authorization=Basic dGVzdENhbmRpZGF0ZTpQQHNzdzByZA==
				Accept=*/*
				Content-Type=application/json; charset=UTF-8
Cookies:		<none>
Multiparts:		<none>
Body:
{
    "firstName": "Umanga",
    "lastName": "Madawala",
    "gradeId": 1
}
Request method:	POST
Request URI:	http://localhost:3000/pupils
Proxy:			<none>
Request params:	<none>
Query params:	<none>
Form params:	<none>
Path params:	<none>
Headers:		Authorization=Basic dGVzdENhbmRpZGF0ZTpQQHNzdzByZA==
				Accept=*/*
				Content-Type=application/json; charset=UTF-8
Cookies:		<none>
Multiparts:		<none>
Body:
{
    "firstName": "Umanga",
    "lastName": "Madawala",
    "gradeId": 1
}
HTTP/1.1 201 Created
X-Powered-By: Express
Location: /pupils/719034
Content-Type: application/json; charset=utf-8
Content-Length: 75
ETag: W/"4b-f8LWo8egT9Do7KfSR7eQn7rUBCw"
Date: Sat, 20 Mar 2021 11:01:03 GMT
Connection: keep-alive

{
    "firstName": "Umanga",
    "lastName": "Madawala",
    "gradeId": 1,
    "pupilId": "719034"
}
HTTP/1.1 201 Created
X-Powered-By: Express
Location: /pupils/719034
Content-Type: application/json; charset=utf-8
Content-Length: 75
ETag: W/"4b-f8LWo8egT9Do7KfSR7eQn7rUBCw"
Date: Sat, 20 Mar 2021 11:01:03 GMT
Connection: keep-alive

{
    "firstName": "Umanga",
    "lastName": "Madawala",
    "gradeId": 1,
    "pupilId": "719034"
}
HTTP/1.1 201 Created
X-Powered-By: Express
Location: /pupils/719034
Content-Type: application/json; charset=utf-8
Content-Length: 75
ETag: W/"4b-f8LWo8egT9Do7KfSR7eQn7rUBCw"
Date: Sat, 20 Mar 2021 11:01:03 GMT
Connection: keep-alive

{
    "firstName": "Umanga",
    "lastName": "Madawala",
    "gradeId": 1,
    "pupilId": "719034"
}
HTTP/1.1 201 Created
X-Powered-By: Express
Location: /pupils/719034
Content-Type: application/json; charset=utf-8
Content-Length: 75
ETag: W/"4b-f8LWo8egT9Do7KfSR7eQn7rUBCw"
Date: Sat, 20 Mar 2021 11:01:03 GMT
Connection: keep-alive

{
    "firstName": "Umanga",
    "lastName": "Madawala",
    "gradeId": 1,
    "pupilId": "719034"
}
HTTP/1.1 201 Created
X-Powered-By: Express
Location: /pupils/719034
Content-Type: application/json; charset=utf-8
Content-Length: 75
ETag: W/"4b-f8LWo8egT9Do7KfSR7eQn7rUBCw"
Date: Sat, 20 Mar 2021 11:01:03 GMT
Connection: keep-alive

{
    "firstName": "Umanga",
    "lastName": "Madawala",
    "gradeId": 1,
    "pupilId": "719034"
}
Request method:	DELETE
Request URI:	http://localhost:3000/pupils/12321
Proxy:			<none>
Request params:	<none>
Query params:	<none>
Form params:	<none>
Path params:	<none>
Headers:		Authorization=Basic dGVzdENhbmRpZGF0ZTpQQHNzdzByZA==
				Accept=*/*
				Content-Type=application/json; charset=UTF-8
Cookies:		<none>
Multiparts:		<none>
Body:			<none>
Request method:	DELETE
Request URI:	http://localhost:3000/pupils/12321
Proxy:			<none>
Request params:	<none>
Query params:	<none>
Form params:	<none>
Path params:	<none>
Headers:		Authorization=Basic dGVzdENhbmRpZGF0ZTpQQHNzdzByZA==
				Accept=*/*
				Content-Type=application/json; charset=UTF-8
Cookies:		<none>
Multiparts:		<none>
Body:			<none>
Request method:	DELETE
Request URI:	http://localhost:3000/pupils/12321
Proxy:			<none>
Request params:	<none>
Query params:	<none>
Form params:	<none>
Path params:	<none>
Headers:		Authorization=Basic dGVzdENhbmRpZGF0ZTpQQHNzdzByZA==
				Accept=*/*
				Content-Type=application/json; charset=UTF-8
Cookies:		<none>
Multiparts:		<none>
Body:			<none>
Request method:	DELETE
Request URI:	http://localhost:3000/pupils/12321
Proxy:			<none>
Request params:	<none>
Query params:	<none>
Form params:	<none>
Path params:	<none>
Headers:		Authorization=Basic dGVzdENhbmRpZGF0ZTpQQHNzdzByZA==
				Accept=*/*
				Content-Type=application/json; charset=UTF-8
Cookies:		<none>
Multiparts:		<none>
Body:			<none>
Request method:	DELETE
Request URI:	http://localhost:3000/pupils/12321
Proxy:			<none>
Request params:	<none>
Query params:	<none>
Form params:	<none>
Path params:	<none>
Headers:		Authorization=Basic dGVzdENhbmRpZGF0ZTpQQHNzdzByZA==
				Accept=*/*
				Content-Type=application/json; charset=UTF-8
Cookies:		<none>
Multiparts:		<none>
Body:			<none>
HTTP/1.1 204 No Content
X-Powered-By: Express
ETag: W/"a-bAsFyilMr4Ra1hIU5PyoyFRunpI"
Date: Sat, 20 Mar 2021 11:01:03 GMT
Connection: keep-alive
HTTP/1.1 204 No Content
X-Powered-By: Express
ETag: W/"a-bAsFyilMr4Ra1hIU5PyoyFRunpI"
Date: Sat, 20 Mar 2021 11:01:03 GMT
Connection: keep-alive
HTTP/1.1 204 No Content
X-Powered-By: Express
ETag: W/"a-bAsFyilMr4Ra1hIU5PyoyFRunpI"
Date: Sat, 20 Mar 2021 11:01:03 GMT
Connection: keep-alive
HTTP/1.1 204 No Content
X-Powered-By: Express
ETag: W/"a-bAsFyilMr4Ra1hIU5PyoyFRunpI"
Date: Sat, 20 Mar 2021 11:01:03 GMT
Connection: keep-alive
HTTP/1.1 204 No Content
X-Powered-By: Express
ETag: W/"a-bAsFyilMr4Ra1hIU5PyoyFRunpI"
Date: Sat, 20 Mar 2021 11:01:03 GMT
Connection: keep-alive
Status code mismatch
1 expectation failed.
Expected status code <404> but was <204>.


Actual Response body is 

Scenario Ended: User should not be able to delete a pupil with non-existent pupilId
]]></system-out>
  </testcase>
  <testcase name="runScenario[&quot;User should not be able to delete a pupil with non-existent pupilId&quot;, &quot;Optional[Delete Pupils request functional tests]&quot;](13)" classname="testRunner.TestNGTestRunner" time="0.235">
    <failure message="&quot;message&quot; field does not exist in response body&#10;&#10;Actual Response body is {&quot;status&quot;:405,&quot;massage&quot;:&quot;DELETE method not allowed&quot;}&#10;" type="java.lang.AssertionError"><![CDATA[java.lang.AssertionError: 
"message" field does not exist in response body

Actual Response body is {"status":405,"massage":"DELETE method not allowed"}

]]></failure>
    <system-out><![CDATA[---------------------------------------------------------------------
Scenario Started: User should not be able to delete a pupil with non-existent pupilId
Set Add Pupil request URL as http://localhost:3000/pupils
Request method:	POST
Request URI:	http://localhost:3000/pupils
Proxy:			<none>
Request params:	<none>
Query params:	<none>
Form params:	<none>
Path params:	<none>
Headers:		Authorization=Basic dGVzdENhbmRpZGF0ZTpQQHNzdzByZA==
				Accept=*/*
				Content-Type=application/json; charset=UTF-8
Cookies:		<none>
Multiparts:		<none>
Body:
{
    "firstName": "Umanga",
    "lastName": "Madawala",
    "gradeId": 1
}
Request method:	POST
Request URI:	http://localhost:3000/pupils
Proxy:			<none>
Request params:	<none>
Query params:	<none>
Form params:	<none>
Path params:	<none>
Headers:		Authorization=Basic dGVzdENhbmRpZGF0ZTpQQHNzdzByZA==
				Accept=*/*
				Content-Type=application/json; charset=UTF-8
Cookies:		<none>
Multiparts:		<none>
Body:
{
    "firstName": "Umanga",
    "lastName": "Madawala",
    "gradeId": 1
}
Request method:	POST
Request URI:	http://localhost:3000/pupils
Proxy:			<none>
Request params:	<none>
Query params:	<none>
Form params:	<none>
Path params:	<none>
Headers:		Authorization=Basic dGVzdENhbmRpZGF0ZTpQQHNzdzByZA==
				Accept=*/*
				Content-Type=application/json; charset=UTF-8
Cookies:		<none>
Multiparts:		<none>
Body:
{
    "firstName": "Umanga",
    "lastName": "Madawala",
    "gradeId": 1
}
Request method:	POST
Request URI:	http://localhost:3000/pupils
Proxy:			<none>
Request params:	<none>
Query params:	<none>
Form params:	<none>
Path params:	<none>
Headers:		Authorization=Basic dGVzdENhbmRpZGF0ZTpQQHNzdzByZA==
				Accept=*/*
				Content-Type=application/json; charset=UTF-8
Cookies:		<none>
Multiparts:		<none>
Body:
{
    "firstName": "Umanga",
    "lastName": "Madawala",
    "gradeId": 1
}
Request method:	POST
Request URI:	http://localhost:3000/pupils
Proxy:			<none>
Request params:	<none>
Query params:	<none>
Form params:	<none>
Path params:	<none>
Headers:		Authorization=Basic dGVzdENhbmRpZGF0ZTpQQHNzdzByZA==
				Accept=*/*
				Content-Type=application/json; charset=UTF-8
Cookies:		<none>
Multiparts:		<none>
Body:
{
    "firstName": "Umanga",
    "lastName": "Madawala",
    "gradeId": 1
}
Request method:	POST
Request URI:	http://localhost:3000/pupils
Proxy:			<none>
Request params:	<none>
Query params:	<none>
Form params:	<none>
Path params:	<none>
Headers:		Authorization=Basic dGVzdENhbmRpZGF0ZTpQQHNzdzByZA==
				Accept=*/*
				Content-Type=application/json; charset=UTF-8
Cookies:		<none>
Multiparts:		<none>
Body:
{
    "firstName": "Umanga",
    "lastName": "Madawala",
    "gradeId": 1
}
HTTP/1.1 201 Created
X-Powered-By: Express
Location: /pupils/618126
Content-Type: application/json; charset=utf-8
Content-Length: 75
ETag: W/"4b-2HhGLYETL+9W9M2625s3jrfp734"
Date: Sat, 20 Mar 2021 11:01:03 GMT
Connection: keep-alive

{
    "firstName": "Umanga",
    "lastName": "Madawala",
    "gradeId": 1,
    "pupilId": "618126"
}
HTTP/1.1 201 Created
X-Powered-By: Express
Location: /pupils/618126
Content-Type: application/json; charset=utf-8
Content-Length: 75
ETag: W/"4b-2HhGLYETL+9W9M2625s3jrfp734"
Date: Sat, 20 Mar 2021 11:01:03 GMT
Connection: keep-alive

{
    "firstName": "Umanga",
    "lastName": "Madawala",
    "gradeId": 1,
    "pupilId": "618126"
}
HTTP/1.1 201 Created
X-Powered-By: Express
Location: /pupils/618126
Content-Type: application/json; charset=utf-8
Content-Length: 75
ETag: W/"4b-2HhGLYETL+9W9M2625s3jrfp734"
Date: Sat, 20 Mar 2021 11:01:03 GMT
Connection: keep-alive

{
    "firstName": "Umanga",
    "lastName": "Madawala",
    "gradeId": 1,
    "pupilId": "618126"
}
HTTP/1.1 201 Created
X-Powered-By: Express
Location: /pupils/618126
Content-Type: application/json; charset=utf-8
Content-Length: 75
ETag: W/"4b-2HhGLYETL+9W9M2625s3jrfp734"
Date: Sat, 20 Mar 2021 11:01:03 GMT
Connection: keep-alive

{
    "firstName": "Umanga",
    "lastName": "Madawala",
    "gradeId": 1,
    "pupilId": "618126"
}
HTTP/1.1 201 Created
X-Powered-By: Express
Location: /pupils/618126
Content-Type: application/json; charset=utf-8
Content-Length: 75
ETag: W/"4b-2HhGLYETL+9W9M2625s3jrfp734"
Date: Sat, 20 Mar 2021 11:01:03 GMT
Connection: keep-alive

{
    "firstName": "Umanga",
    "lastName": "Madawala",
    "gradeId": 1,
    "pupilId": "618126"
}
HTTP/1.1 201 Created
X-Powered-By: Express
Location: /pupils/618126
Content-Type: application/json; charset=utf-8
Content-Length: 75
ETag: W/"4b-2HhGLYETL+9W9M2625s3jrfp734"
Date: Sat, 20 Mar 2021 11:01:03 GMT
Connection: keep-alive

{
    "firstName": "Umanga",
    "lastName": "Madawala",
    "gradeId": 1,
    "pupilId": "618126"
}
Request method:	DELETE
Request URI:	http://localhost:3000/pupils
Proxy:			<none>
Request params:	<none>
Query params:	<none>
Form params:	<none>
Path params:	<none>
Headers:		Authorization=Basic dGVzdENhbmRpZGF0ZTpQQHNzdzByZA==
				Accept=*/*
				Content-Type=application/json; charset=UTF-8
Cookies:		<none>
Multiparts:		<none>
Body:			<none>
Request method:	DELETE
Request URI:	http://localhost:3000/pupils
Proxy:			<none>
Request params:	<none>
Query params:	<none>
Form params:	<none>
Path params:	<none>
Headers:		Authorization=Basic dGVzdENhbmRpZGF0ZTpQQHNzdzByZA==
				Accept=*/*
				Content-Type=application/json; charset=UTF-8
Cookies:		<none>
Multiparts:		<none>
Body:			<none>
Request method:	DELETE
Request URI:	http://localhost:3000/pupils
Proxy:			<none>
Request params:	<none>
Query params:	<none>
Form params:	<none>
Path params:	<none>
Headers:		Authorization=Basic dGVzdENhbmRpZGF0ZTpQQHNzdzByZA==
				Accept=*/*
				Content-Type=application/json; charset=UTF-8
Cookies:		<none>
Multiparts:		<none>
Body:			<none>
Request method:	DELETE
Request URI:	http://localhost:3000/pupils
Proxy:			<none>
Request params:	<none>
Query params:	<none>
Form params:	<none>
Path params:	<none>
Headers:		Authorization=Basic dGVzdENhbmRpZGF0ZTpQQHNzdzByZA==
				Accept=*/*
				Content-Type=application/json; charset=UTF-8
Cookies:		<none>
Multiparts:		<none>
Body:			<none>
Request method:	DELETE
Request URI:	http://localhost:3000/pupils
Proxy:			<none>
Request params:	<none>
Query params:	<none>
Form params:	<none>
Path params:	<none>
Headers:		Authorization=Basic dGVzdENhbmRpZGF0ZTpQQHNzdzByZA==
				Accept=*/*
				Content-Type=application/json; charset=UTF-8
Cookies:		<none>
Multiparts:		<none>
Body:			<none>
Request method:	DELETE
Request URI:	http://localhost:3000/pupils
Proxy:			<none>
Request params:	<none>
Query params:	<none>
Form params:	<none>
Path params:	<none>
Headers:		Authorization=Basic dGVzdENhbmRpZGF0ZTpQQHNzdzByZA==
				Accept=*/*
				Content-Type=application/json; charset=UTF-8
Cookies:		<none>
Multiparts:		<none>
Body:			<none>
HTTP/1.1 405 Method Not Allowed
X-Powered-By: Express
Content-Type: application/json; charset=utf-8
Content-Length: 52
ETag: W/"34-LbmxskgwX+buyX9R3X474CpXMwU"
Date: Sat, 20 Mar 2021 11:01:03 GMT
Connection: keep-alive

{
    "status": 405,
    "massage": "DELETE method not allowed"
}
HTTP/1.1 405 Method Not Allowed
X-Powered-By: Express
Content-Type: application/json; charset=utf-8
Content-Length: 52
ETag: W/"34-LbmxskgwX+buyX9R3X474CpXMwU"
Date: Sat, 20 Mar 2021 11:01:03 GMT
Connection: keep-alive

{
    "status": 405,
    "massage": "DELETE method not allowed"
}
HTTP/1.1 405 Method Not Allowed
X-Powered-By: Express
Content-Type: application/json; charset=utf-8
Content-Length: 52
ETag: W/"34-LbmxskgwX+buyX9R3X474CpXMwU"
Date: Sat, 20 Mar 2021 11:01:03 GMT
Connection: keep-alive

{
    "status": 405,
    "massage": "DELETE method not allowed"
}
HTTP/1.1 405 Method Not Allowed
X-Powered-By: Express
Content-Type: application/json; charset=utf-8
Content-Length: 52
ETag: W/"34-LbmxskgwX+buyX9R3X474CpXMwU"
Date: Sat, 20 Mar 2021 11:01:03 GMT
Connection: keep-alive

{
    "status": 405,
    "massage": "DELETE method not allowed"
}
HTTP/1.1 405 Method Not Allowed
X-Powered-By: Express
Content-Type: application/json; charset=utf-8
Content-Length: 52
ETag: W/"34-LbmxskgwX+buyX9R3X474CpXMwU"
Date: Sat, 20 Mar 2021 11:01:03 GMT
Connection: keep-alive

{
    "status": 405,
    "massage": "DELETE method not allowed"
}
HTTP/1.1 405 Method Not Allowed
X-Powered-By: Express
Content-Type: application/json; charset=utf-8
Content-Length: 52
ETag: W/"34-LbmxskgwX+buyX9R3X474CpXMwU"
Date: Sat, 20 Mar 2021 11:01:03 GMT
Connection: keep-alive

{
    "status": 405,
    "massage": "DELETE method not allowed"
}
Response body assertion error
"message" field does not exist in response body

Actual Response body is {"status":405,"massage":"DELETE method not allowed"}

Scenario Ended: User should not be able to delete a pupil with non-existent pupilId
]]></system-out>
  </testcase>
  <testcase name="runScenario[&quot;User should not be able to delete a pupil if basic authentication header is not provided&quot;, &quot;Optional[Delete Pupils request functional tests]&quot;](14)" classname="testRunner.TestNGTestRunner" time="0.2">
    <failure message="&quot;message&quot; field does not exist in response body&#10;&#10;Actual Response body is {&quot;status&quot;:401,&quot;massage&quot;:&quot;Authorization header required&quot;}&#10;" type="java.lang.AssertionError"><![CDATA[java.lang.AssertionError: 
"message" field does not exist in response body

Actual Response body is {"status":401,"massage":"Authorization header required"}

]]></failure>
    <system-out><![CDATA[---------------------------------------------------------------------
Scenario Started: User should not be able to delete a pupil if basic authentication header is not provided
Set Add Pupil request URL as http://localhost:3000/pupils
Request method:	POST
Request URI:	http://localhost:3000/pupils
Proxy:			<none>
Request params:	<none>
Query params:	<none>
Form params:	<none>
Path params:	<none>
Headers:		Authorization=Basic dGVzdENhbmRpZGF0ZTpQQHNzdzByZA==
				Accept=*/*
				Content-Type=application/json; charset=UTF-8
Cookies:		<none>
Multiparts:		<none>
Body:
{
    "firstName": "Umanga",
    "lastName": "Madawala",
    "gradeId": 1
}
Request method:	POST
Request URI:	http://localhost:3000/pupils
Proxy:			<none>
Request params:	<none>
Query params:	<none>
Form params:	<none>
Path params:	<none>
Headers:		Authorization=Basic dGVzdENhbmRpZGF0ZTpQQHNzdzByZA==
				Accept=*/*
				Content-Type=application/json; charset=UTF-8
Cookies:		<none>
Multiparts:		<none>
Body:
{
    "firstName": "Umanga",
    "lastName": "Madawala",
    "gradeId": 1
}
Request method:	POST
Request URI:	http://localhost:3000/pupils
Proxy:			<none>
Request params:	<none>
Query params:	<none>
Form params:	<none>
Path params:	<none>
Headers:		Authorization=Basic dGVzdENhbmRpZGF0ZTpQQHNzdzByZA==
				Accept=*/*
				Content-Type=application/json; charset=UTF-8
Cookies:		<none>
Multiparts:		<none>
Body:
{
    "firstName": "Umanga",
    "lastName": "Madawala",
    "gradeId": 1
}
Request method:	POST
Request URI:	http://localhost:3000/pupils
Proxy:			<none>
Request params:	<none>
Query params:	<none>
Form params:	<none>
Path params:	<none>
Headers:		Authorization=Basic dGVzdENhbmRpZGF0ZTpQQHNzdzByZA==
				Accept=*/*
				Content-Type=application/json; charset=UTF-8
Cookies:		<none>
Multiparts:		<none>
Body:
{
    "firstName": "Umanga",
    "lastName": "Madawala",
    "gradeId": 1
}
Request method:	POST
Request URI:	http://localhost:3000/pupils
Proxy:			<none>
Request params:	<none>
Query params:	<none>
Form params:	<none>
Path params:	<none>
Headers:		Authorization=Basic dGVzdENhbmRpZGF0ZTpQQHNzdzByZA==
				Accept=*/*
				Content-Type=application/json; charset=UTF-8
Cookies:		<none>
Multiparts:		<none>
Body:
{
    "firstName": "Umanga",
    "lastName": "Madawala",
    "gradeId": 1
}
Request method:	POST
Request URI:	http://localhost:3000/pupils
Proxy:			<none>
Request params:	<none>
Query params:	<none>
Form params:	<none>
Path params:	<none>
Headers:		Authorization=Basic dGVzdENhbmRpZGF0ZTpQQHNzdzByZA==
				Accept=*/*
				Content-Type=application/json; charset=UTF-8
Cookies:		<none>
Multiparts:		<none>
Body:
{
    "firstName": "Umanga",
    "lastName": "Madawala",
    "gradeId": 1
}
Request method:	POST
Request URI:	http://localhost:3000/pupils
Proxy:			<none>
Request params:	<none>
Query params:	<none>
Form params:	<none>
Path params:	<none>
Headers:		Authorization=Basic dGVzdENhbmRpZGF0ZTpQQHNzdzByZA==
				Accept=*/*
				Content-Type=application/json; charset=UTF-8
Cookies:		<none>
Multiparts:		<none>
Body:
{
    "firstName": "Umanga",
    "lastName": "Madawala",
    "gradeId": 1
}
HTTP/1.1 201 Created
X-Powered-By: Express
Location: /pupils/326235
Content-Type: application/json; charset=utf-8
Content-Length: 75
ETag: W/"4b-Zg/E9MCUM+ysiBFkaW8MhAmTd2k"
Date: Sat, 20 Mar 2021 11:01:03 GMT
Connection: keep-alive

{
    "firstName": "Umanga",
    "lastName": "Madawala",
    "gradeId": 1,
    "pupilId": "326235"
}
HTTP/1.1 201 Created
X-Powered-By: Express
Location: /pupils/326235
Content-Type: application/json; charset=utf-8
Content-Length: 75
ETag: W/"4b-Zg/E9MCUM+ysiBFkaW8MhAmTd2k"
Date: Sat, 20 Mar 2021 11:01:03 GMT
Connection: keep-alive

{
    "firstName": "Umanga",
    "lastName": "Madawala",
    "gradeId": 1,
    "pupilId": "326235"
}
HTTP/1.1 201 Created
X-Powered-By: Express
Location: /pupils/326235
Content-Type: application/json; charset=utf-8
Content-Length: 75
ETag: W/"4b-Zg/E9MCUM+ysiBFkaW8MhAmTd2k"
Date: Sat, 20 Mar 2021 11:01:03 GMT
Connection: keep-alive

{
    "firstName": "Umanga",
    "lastName": "Madawala",
    "gradeId": 1,
    "pupilId": "326235"
}
HTTP/1.1 201 Created
X-Powered-By: Express
Location: /pupils/326235
Content-Type: application/json; charset=utf-8
Content-Length: 75
ETag: W/"4b-Zg/E9MCUM+ysiBFkaW8MhAmTd2k"
Date: Sat, 20 Mar 2021 11:01:03 GMT
Connection: keep-alive

{
    "firstName": "Umanga",
    "lastName": "Madawala",
    "gradeId": 1,
    "pupilId": "326235"
}
HTTP/1.1 201 Created
X-Powered-By: Express
Location: /pupils/326235
Content-Type: application/json; charset=utf-8
Content-Length: 75
ETag: W/"4b-Zg/E9MCUM+ysiBFkaW8MhAmTd2k"
Date: Sat, 20 Mar 2021 11:01:03 GMT
Connection: keep-alive

{
    "firstName": "Umanga",
    "lastName": "Madawala",
    "gradeId": 1,
    "pupilId": "326235"
}
HTTP/1.1 201 Created
X-Powered-By: Express
Location: /pupils/326235
Content-Type: application/json; charset=utf-8
Content-Length: 75
ETag: W/"4b-Zg/E9MCUM+ysiBFkaW8MhAmTd2k"
Date: Sat, 20 Mar 2021 11:01:03 GMT
Connection: keep-alive

{
    "firstName": "Umanga",
    "lastName": "Madawala",
    "gradeId": 1,
    "pupilId": "326235"
}
HTTP/1.1 201 Created
X-Powered-By: Express
Location: /pupils/326235
Content-Type: application/json; charset=utf-8
Content-Length: 75
ETag: W/"4b-Zg/E9MCUM+ysiBFkaW8MhAmTd2k"
Date: Sat, 20 Mar 2021 11:01:03 GMT
Connection: keep-alive

{
    "firstName": "Umanga",
    "lastName": "Madawala",
    "gradeId": 1,
    "pupilId": "326235"
}
Request method:	DELETE
Request URI:	http://localhost:3000/pupils/326235
Proxy:			<none>
Request params:	<none>
Query params:	<none>
Form params:	<none>
Path params:	<none>
Headers:		Accept=*/*
				Content-Type=application/json; charset=UTF-8
Cookies:		<none>
Multiparts:		<none>
Body:			<none>
Request method:	DELETE
Request URI:	http://localhost:3000/pupils/326235
Proxy:			<none>
Request params:	<none>
Query params:	<none>
Form params:	<none>
Path params:	<none>
Headers:		Accept=*/*
				Content-Type=application/json; charset=UTF-8
Cookies:		<none>
Multiparts:		<none>
Body:			<none>
Request method:	DELETE
Request URI:	http://localhost:3000/pupils/326235
Proxy:			<none>
Request params:	<none>
Query params:	<none>
Form params:	<none>
Path params:	<none>
Headers:		Accept=*/*
				Content-Type=application/json; charset=UTF-8
Cookies:		<none>
Multiparts:		<none>
Body:			<none>
Request method:	DELETE
Request URI:	http://localhost:3000/pupils/326235
Proxy:			<none>
Request params:	<none>
Query params:	<none>
Form params:	<none>
Path params:	<none>
Headers:		Accept=*/*
				Content-Type=application/json; charset=UTF-8
Cookies:		<none>
Multiparts:		<none>
Body:			<none>
Request method:	DELETE
Request URI:	http://localhost:3000/pupils/326235
Proxy:			<none>
Request params:	<none>
Query params:	<none>
Form params:	<none>
Path params:	<none>
Headers:		Accept=*/*
				Content-Type=application/json; charset=UTF-8
Cookies:		<none>
Multiparts:		<none>
Body:			<none>
Request method:	DELETE
Request URI:	http://localhost:3000/pupils/326235
Proxy:			<none>
Request params:	<none>
Query params:	<none>
Form params:	<none>
Path params:	<none>
Headers:		Accept=*/*
				Content-Type=application/json; charset=UTF-8
Cookies:		<none>
Multiparts:		<none>
Body:			<none>
Request method:	DELETE
Request URI:	http://localhost:3000/pupils/326235
Proxy:			<none>
Request params:	<none>
Query params:	<none>
Form params:	<none>
Path params:	<none>
Headers:		Accept=*/*
				Content-Type=application/json; charset=UTF-8
Cookies:		<none>
Multiparts:		<none>
Body:			<none>
HTTP/1.1 401 Unauthorized
X-Powered-By: Express
Content-Type: application/json; charset=utf-8
Content-Length: 56
ETag: W/"38-rsGCGRko9Txslotl9QGfn5Bn8VU"
Date: Sat, 20 Mar 2021 11:01:03 GMT
Connection: keep-alive

{
    "status": 401,
    "massage": "Authorization header required"
}
HTTP/1.1 401 Unauthorized
X-Powered-By: Express
Content-Type: application/json; charset=utf-8
Content-Length: 56
ETag: W/"38-rsGCGRko9Txslotl9QGfn5Bn8VU"
Date: Sat, 20 Mar 2021 11:01:03 GMT
Connection: keep-alive

{
    "status": 401,
    "massage": "Authorization header required"
}
HTTP/1.1 401 Unauthorized
X-Powered-By: Express
Content-Type: application/json; charset=utf-8
Content-Length: 56
ETag: W/"38-rsGCGRko9Txslotl9QGfn5Bn8VU"
Date: Sat, 20 Mar 2021 11:01:03 GMT
Connection: keep-alive

{
    "status": 401,
    "massage": "Authorization header required"
}
HTTP/1.1 401 Unauthorized
X-Powered-By: Express
Content-Type: application/json; charset=utf-8
Content-Length: 56
ETag: W/"38-rsGCGRko9Txslotl9QGfn5Bn8VU"
Date: Sat, 20 Mar 2021 11:01:03 GMT
Connection: keep-alive

{
    "status": 401,
    "massage": "Authorization header required"
}
HTTP/1.1 401 Unauthorized
X-Powered-By: Express
Content-Type: application/json; charset=utf-8
Content-Length: 56
ETag: W/"38-rsGCGRko9Txslotl9QGfn5Bn8VU"
Date: Sat, 20 Mar 2021 11:01:03 GMT
Connection: keep-alive

{
    "status": 401,
    "massage": "Authorization header required"
}
HTTP/1.1 401 Unauthorized
X-Powered-By: Express
Content-Type: application/json; charset=utf-8
Content-Length: 56
ETag: W/"38-rsGCGRko9Txslotl9QGfn5Bn8VU"
Date: Sat, 20 Mar 2021 11:01:03 GMT
Connection: keep-alive

{
    "status": 401,
    "massage": "Authorization header required"
}
HTTP/1.1 401 Unauthorized
X-Powered-By: Express
Content-Type: application/json; charset=utf-8
Content-Length: 56
ETag: W/"38-rsGCGRko9Txslotl9QGfn5Bn8VU"
Date: Sat, 20 Mar 2021 11:01:03 GMT
Connection: keep-alive

{
    "status": 401,
    "massage": "Authorization header required"
}
Response body assertion error
"message" field does not exist in response body

Actual Response body is {"status":401,"massage":"Authorization header required"}

Scenario Ended: User should not be able to delete a pupil if basic authentication header is not provided
]]></system-out>
  </testcase>
  <testcase name="runScenario[&quot;User should be able to get a pupil with valid pupilId&quot;, &quot;Optional[Get Pupil request functional tests]&quot;](15)" classname="testRunner.TestNGTestRunner" time="0.261">
    <system-out><![CDATA[---------------------------------------------------------------------
Scenario Started: User should be able to get a pupil with valid pupilId
Set Add Pupil request URL as http://localhost:3000/pupils
Request method:	POST
Request URI:	http://localhost:3000/pupils
Proxy:			<none>
Request params:	<none>
Query params:	<none>
Form params:	<none>
Path params:	<none>
Headers:		Authorization=Basic dGVzdENhbmRpZGF0ZTpQQHNzdzByZA==
				Accept=*/*
				Content-Type=application/json; charset=UTF-8
Cookies:		<none>
Multiparts:		<none>
Body:
{
    "firstName": "Umanga",
    "lastName": "Madawala",
    "gradeId": 1
}
Request method:	POST
Request URI:	http://localhost:3000/pupils
Proxy:			<none>
Request params:	<none>
Query params:	<none>
Form params:	<none>
Path params:	<none>
Headers:		Authorization=Basic dGVzdENhbmRpZGF0ZTpQQHNzdzByZA==
				Accept=*/*
				Content-Type=application/json; charset=UTF-8
Cookies:		<none>
Multiparts:		<none>
Body:
{
    "firstName": "Umanga",
    "lastName": "Madawala",
    "gradeId": 1
}
Request method:	POST
Request URI:	http://localhost:3000/pupils
Proxy:			<none>
Request params:	<none>
Query params:	<none>
Form params:	<none>
Path params:	<none>
Headers:		Authorization=Basic dGVzdENhbmRpZGF0ZTpQQHNzdzByZA==
				Accept=*/*
				Content-Type=application/json; charset=UTF-8
Cookies:		<none>
Multiparts:		<none>
Body:
{
    "firstName": "Umanga",
    "lastName": "Madawala",
    "gradeId": 1
}
Request method:	POST
Request URI:	http://localhost:3000/pupils
Proxy:			<none>
Request params:	<none>
Query params:	<none>
Form params:	<none>
Path params:	<none>
Headers:		Authorization=Basic dGVzdENhbmRpZGF0ZTpQQHNzdzByZA==
				Accept=*/*
				Content-Type=application/json; charset=UTF-8
Cookies:		<none>
Multiparts:		<none>
Body:
{
    "firstName": "Umanga",
    "lastName": "Madawala",
    "gradeId": 1
}
Request method:	POST
Request URI:	http://localhost:3000/pupils
Proxy:			<none>
Request params:	<none>
Query params:	<none>
Form params:	<none>
Path params:	<none>
Headers:		Authorization=Basic dGVzdENhbmRpZGF0ZTpQQHNzdzByZA==
				Accept=*/*
				Content-Type=application/json; charset=UTF-8
Cookies:		<none>
Multiparts:		<none>
Body:
{
    "firstName": "Umanga",
    "lastName": "Madawala",
    "gradeId": 1
}
Request method:	POST
Request URI:	http://localhost:3000/pupils
Proxy:			<none>
Request params:	<none>
Query params:	<none>
Form params:	<none>
Path params:	<none>
Headers:		Authorization=Basic dGVzdENhbmRpZGF0ZTpQQHNzdzByZA==
				Accept=*/*
				Content-Type=application/json; charset=UTF-8
Cookies:		<none>
Multiparts:		<none>
Body:
{
    "firstName": "Umanga",
    "lastName": "Madawala",
    "gradeId": 1
}
Request method:	POST
Request URI:	http://localhost:3000/pupils
Proxy:			<none>
Request params:	<none>
Query params:	<none>
Form params:	<none>
Path params:	<none>
Headers:		Authorization=Basic dGVzdENhbmRpZGF0ZTpQQHNzdzByZA==
				Accept=*/*
				Content-Type=application/json; charset=UTF-8
Cookies:		<none>
Multiparts:		<none>
Body:
{
    "firstName": "Umanga",
    "lastName": "Madawala",
    "gradeId": 1
}
Request method:	POST
Request URI:	http://localhost:3000/pupils
Proxy:			<none>
Request params:	<none>
Query params:	<none>
Form params:	<none>
Path params:	<none>
Headers:		Authorization=Basic dGVzdENhbmRpZGF0ZTpQQHNzdzByZA==
				Accept=*/*
				Content-Type=application/json; charset=UTF-8
Cookies:		<none>
Multiparts:		<none>
Body:
{
    "firstName": "Umanga",
    "lastName": "Madawala",
    "gradeId": 1
}
HTTP/1.1 201 Created
X-Powered-By: Express
Location: /pupils/871874
Content-Type: application/json; charset=utf-8
Content-Length: 75
ETag: W/"4b-HD1krnTLxfeC5nMCWRg8RgOyj34"
Date: Sat, 20 Mar 2021 11:01:03 GMT
Connection: keep-alive

{
    "firstName": "Umanga",
    "lastName": "Madawala",
    "gradeId": 1,
    "pupilId": "871874"
}
HTTP/1.1 201 Created
X-Powered-By: Express
Location: /pupils/871874
Content-Type: application/json; charset=utf-8
Content-Length: 75
ETag: W/"4b-HD1krnTLxfeC5nMCWRg8RgOyj34"
Date: Sat, 20 Mar 2021 11:01:03 GMT
Connection: keep-alive

{
    "firstName": "Umanga",
    "lastName": "Madawala",
    "gradeId": 1,
    "pupilId": "871874"
}
HTTP/1.1 201 Created
X-Powered-By: Express
Location: /pupils/871874
Content-Type: application/json; charset=utf-8
Content-Length: 75
ETag: W/"4b-HD1krnTLxfeC5nMCWRg8RgOyj34"
Date: Sat, 20 Mar 2021 11:01:03 GMT
Connection: keep-alive

{
    "firstName": "Umanga",
    "lastName": "Madawala",
    "gradeId": 1,
    "pupilId": "871874"
}
HTTP/1.1 201 Created
X-Powered-By: Express
Location: /pupils/871874
Content-Type: application/json; charset=utf-8
Content-Length: 75
ETag: W/"4b-HD1krnTLxfeC5nMCWRg8RgOyj34"
Date: Sat, 20 Mar 2021 11:01:03 GMT
Connection: keep-alive

{
    "firstName": "Umanga",
    "lastName": "Madawala",
    "gradeId": 1,
    "pupilId": "871874"
}
HTTP/1.1 201 Created
X-Powered-By: Express
Location: /pupils/871874
Content-Type: application/json; charset=utf-8
Content-Length: 75
ETag: W/"4b-HD1krnTLxfeC5nMCWRg8RgOyj34"
Date: Sat, 20 Mar 2021 11:01:03 GMT
Connection: keep-alive

{
    "firstName": "Umanga",
    "lastName": "Madawala",
    "gradeId": 1,
    "pupilId": "871874"
}
HTTP/1.1 201 Created
X-Powered-By: Express
Location: /pupils/871874
Content-Type: application/json; charset=utf-8
Content-Length: 75
ETag: W/"4b-HD1krnTLxfeC5nMCWRg8RgOyj34"
Date: Sat, 20 Mar 2021 11:01:03 GMT
Connection: keep-alive

{
    "firstName": "Umanga",
    "lastName": "Madawala",
    "gradeId": 1,
    "pupilId": "871874"
}
HTTP/1.1 201 Created
X-Powered-By: Express
Location: /pupils/871874
Content-Type: application/json; charset=utf-8
Content-Length: 75
ETag: W/"4b-HD1krnTLxfeC5nMCWRg8RgOyj34"
Date: Sat, 20 Mar 2021 11:01:03 GMT
Connection: keep-alive

{
    "firstName": "Umanga",
    "lastName": "Madawala",
    "gradeId": 1,
    "pupilId": "871874"
}
HTTP/1.1 201 Created
X-Powered-By: Express
Location: /pupils/871874
Content-Type: application/json; charset=utf-8
Content-Length: 75
ETag: W/"4b-HD1krnTLxfeC5nMCWRg8RgOyj34"
Date: Sat, 20 Mar 2021 11:01:03 GMT
Connection: keep-alive

{
    "firstName": "Umanga",
    "lastName": "Madawala",
    "gradeId": 1,
    "pupilId": "871874"
}
Request method:	GET
Request URI:	http://localhost:3000/pupils/871874
Proxy:			<none>
Request params:	<none>
Query params:	<none>
Form params:	<none>
Path params:	<none>
Headers:		Accept=*/*
				Content-Type=application/json; charset=UTF-8
Cookies:		<none>
Multiparts:		<none>
Body:			<none>
Request method:	GET
Request URI:	http://localhost:3000/pupils/871874
Proxy:			<none>
Request params:	<none>
Query params:	<none>
Form params:	<none>
Path params:	<none>
Headers:		Accept=*/*
				Content-Type=application/json; charset=UTF-8
Cookies:		<none>
Multiparts:		<none>
Body:			<none>
Request method:	GET
Request URI:	http://localhost:3000/pupils/871874
Proxy:			<none>
Request params:	<none>
Query params:	<none>
Form params:	<none>
Path params:	<none>
Headers:		Accept=*/*
				Content-Type=application/json; charset=UTF-8
Cookies:		<none>
Multiparts:		<none>
Body:			<none>
Request method:	GET
Request URI:	http://localhost:3000/pupils/871874
Proxy:			<none>
Request params:	<none>
Query params:	<none>
Form params:	<none>
Path params:	<none>
Headers:		Accept=*/*
				Content-Type=application/json; charset=UTF-8
Cookies:		<none>
Multiparts:		<none>
Body:			<none>
Request method:	GET
Request URI:	http://localhost:3000/pupils/871874
Proxy:			<none>
Request params:	<none>
Query params:	<none>
Form params:	<none>
Path params:	<none>
Headers:		Accept=*/*
				Content-Type=application/json; charset=UTF-8
Cookies:		<none>
Multiparts:		<none>
Body:			<none>
Request method:	GET
Request URI:	http://localhost:3000/pupils/871874
Proxy:			<none>
Request params:	<none>
Query params:	<none>
Form params:	<none>
Path params:	<none>
Headers:		Accept=*/*
				Content-Type=application/json; charset=UTF-8
Cookies:		<none>
Multiparts:		<none>
Body:			<none>
Request method:	GET
Request URI:	http://localhost:3000/pupils/871874
Proxy:			<none>
Request params:	<none>
Query params:	<none>
Form params:	<none>
Path params:	<none>
Headers:		Accept=*/*
				Content-Type=application/json; charset=UTF-8
Cookies:		<none>
Multiparts:		<none>
Body:			<none>
Request method:	GET
Request URI:	http://localhost:3000/pupils/871874
Proxy:			<none>
Request params:	<none>
Query params:	<none>
Form params:	<none>
Path params:	<none>
Headers:		Accept=*/*
				Content-Type=application/json; charset=UTF-8
Cookies:		<none>
Multiparts:		<none>
Body:			<none>
HTTP/1.1 200 OK
X-Powered-By: Express
Content-Type: application/json; charset=utf-8
Content-Length: 75
ETag: W/"4b-HD1krnTLxfeC5nMCWRg8RgOyj34"
Date: Sat, 20 Mar 2021 11:01:03 GMT
Connection: keep-alive

{
    "firstName": "Umanga",
    "lastName": "Madawala",
    "gradeId": 1,
    "pupilId": "871874"
}
HTTP/1.1 200 OK
X-Powered-By: Express
Content-Type: application/json; charset=utf-8
Content-Length: 75
ETag: W/"4b-HD1krnTLxfeC5nMCWRg8RgOyj34"
Date: Sat, 20 Mar 2021 11:01:03 GMT
Connection: keep-alive

{
    "firstName": "Umanga",
    "lastName": "Madawala",
    "gradeId": 1,
    "pupilId": "871874"
}
HTTP/1.1 200 OK
X-Powered-By: Express
Content-Type: application/json; charset=utf-8
Content-Length: 75
ETag: W/"4b-HD1krnTLxfeC5nMCWRg8RgOyj34"
Date: Sat, 20 Mar 2021 11:01:03 GMT
Connection: keep-alive

{
    "firstName": "Umanga",
    "lastName": "Madawala",
    "gradeId": 1,
    "pupilId": "871874"
}
HTTP/1.1 200 OK
X-Powered-By: Express
Content-Type: application/json; charset=utf-8
Content-Length: 75
ETag: W/"4b-HD1krnTLxfeC5nMCWRg8RgOyj34"
Date: Sat, 20 Mar 2021 11:01:03 GMT
Connection: keep-alive

{
    "firstName": "Umanga",
    "lastName": "Madawala",
    "gradeId": 1,
    "pupilId": "871874"
}
HTTP/1.1 200 OK
X-Powered-By: Express
Content-Type: application/json; charset=utf-8
Content-Length: 75
ETag: W/"4b-HD1krnTLxfeC5nMCWRg8RgOyj34"
Date: Sat, 20 Mar 2021 11:01:03 GMT
Connection: keep-alive

{
    "firstName": "Umanga",
    "lastName": "Madawala",
    "gradeId": 1,
    "pupilId": "871874"
}
HTTP/1.1 200 OK
X-Powered-By: Express
Content-Type: application/json; charset=utf-8
Content-Length: 75
ETag: W/"4b-HD1krnTLxfeC5nMCWRg8RgOyj34"
Date: Sat, 20 Mar 2021 11:01:03 GMT
Connection: keep-alive

{
    "firstName": "Umanga",
    "lastName": "Madawala",
    "gradeId": 1,
    "pupilId": "871874"
}
HTTP/1.1 200 OK
X-Powered-By: Express
Content-Type: application/json; charset=utf-8
Content-Length: 75
ETag: W/"4b-HD1krnTLxfeC5nMCWRg8RgOyj34"
Date: Sat, 20 Mar 2021 11:01:03 GMT
Connection: keep-alive

{
    "firstName": "Umanga",
    "lastName": "Madawala",
    "gradeId": 1,
    "pupilId": "871874"
}
HTTP/1.1 200 OK
X-Powered-By: Express
Content-Type: application/json; charset=utf-8
Content-Length: 75
ETag: W/"4b-HD1krnTLxfeC5nMCWRg8RgOyj34"
Date: Sat, 20 Mar 2021 11:01:03 GMT
Connection: keep-alive

{
    "firstName": "Umanga",
    "lastName": "Madawala",
    "gradeId": 1,
    "pupilId": "871874"
}
Scenario Ended: User should be able to get a pupil with valid pupilId
]]></system-out>
  </testcase>
  <testcase name="runScenario[&quot;User should not be able to get a pupil with non-existent pupilId&quot;, &quot;Optional[Get Pupil request functional tests]&quot;](16)" classname="testRunner.TestNGTestRunner" time="0.267">
    <failure message="1 expectation failed.&#10;Expected status code &lt;404&gt; but was &lt;504&gt;.&#10;&#10;&#10;Actual Response body is {&quot;status&quot;:504,&quot;massage&quot;:&quot;Pupil with ID: \&quot;12321\&quot; not found&quot;}&#10;" type="java.lang.AssertionError"><![CDATA[java.lang.AssertionError: 
1 expectation failed.
Expected status code <404> but was <504>.


Actual Response body is {"status":504,"massage":"Pupil with ID: \"12321\" not found"}

]]></failure>
    <system-out><![CDATA[---------------------------------------------------------------------
Scenario Started: User should not be able to get a pupil with non-existent pupilId
Set Add Pupil request URL as http://localhost:3000/pupils
Request method:	POST
Request URI:	http://localhost:3000/pupils
Proxy:			<none>
Request params:	<none>
Query params:	<none>
Form params:	<none>
Path params:	<none>
Headers:		Authorization=Basic dGVzdENhbmRpZGF0ZTpQQHNzdzByZA==
				Accept=*/*
				Content-Type=application/json; charset=UTF-8
Cookies:		<none>
Multiparts:		<none>
Body:
{
    "firstName": "Umanga",
    "lastName": "Madawala",
    "gradeId": 1
}
Request method:	POST
Request URI:	http://localhost:3000/pupils
Proxy:			<none>
Request params:	<none>
Query params:	<none>
Form params:	<none>
Path params:	<none>
Headers:		Authorization=Basic dGVzdENhbmRpZGF0ZTpQQHNzdzByZA==
				Accept=*/*
				Content-Type=application/json; charset=UTF-8
Cookies:		<none>
Multiparts:		<none>
Body:
{
    "firstName": "Umanga",
    "lastName": "Madawala",
    "gradeId": 1
}
Request method:	POST
Request URI:	http://localhost:3000/pupils
Proxy:			<none>
Request params:	<none>
Query params:	<none>
Form params:	<none>
Path params:	<none>
Headers:		Authorization=Basic dGVzdENhbmRpZGF0ZTpQQHNzdzByZA==
				Accept=*/*
				Content-Type=application/json; charset=UTF-8
Cookies:		<none>
Multiparts:		<none>
Body:
{
    "firstName": "Umanga",
    "lastName": "Madawala",
    "gradeId": 1
}
Request method:	POST
Request URI:	http://localhost:3000/pupils
Proxy:			<none>
Request params:	<none>
Query params:	<none>
Form params:	<none>
Path params:	<none>
Headers:		Authorization=Basic dGVzdENhbmRpZGF0ZTpQQHNzdzByZA==
				Accept=*/*
				Content-Type=application/json; charset=UTF-8
Cookies:		<none>
Multiparts:		<none>
Body:
{
    "firstName": "Umanga",
    "lastName": "Madawala",
    "gradeId": 1
}
Request method:	POST
Request URI:	http://localhost:3000/pupils
Proxy:			<none>
Request params:	<none>
Query params:	<none>
Form params:	<none>
Path params:	<none>
Headers:		Authorization=Basic dGVzdENhbmRpZGF0ZTpQQHNzdzByZA==
				Accept=*/*
				Content-Type=application/json; charset=UTF-8
Cookies:		<none>
Multiparts:		<none>
Body:
{
    "firstName": "Umanga",
    "lastName": "Madawala",
    "gradeId": 1
}
Request method:	POST
Request URI:	http://localhost:3000/pupils
Proxy:			<none>
Request params:	<none>
Query params:	<none>
Form params:	<none>
Path params:	<none>
Headers:		Authorization=Basic dGVzdENhbmRpZGF0ZTpQQHNzdzByZA==
				Accept=*/*
				Content-Type=application/json; charset=UTF-8
Cookies:		<none>
Multiparts:		<none>
Body:
{
    "firstName": "Umanga",
    "lastName": "Madawala",
    "gradeId": 1
}
Request method:	POST
Request URI:	http://localhost:3000/pupils
Proxy:			<none>
Request params:	<none>
Query params:	<none>
Form params:	<none>
Path params:	<none>
Headers:		Authorization=Basic dGVzdENhbmRpZGF0ZTpQQHNzdzByZA==
				Accept=*/*
				Content-Type=application/json; charset=UTF-8
Cookies:		<none>
Multiparts:		<none>
Body:
{
    "firstName": "Umanga",
    "lastName": "Madawala",
    "gradeId": 1
}
Request method:	POST
Request URI:	http://localhost:3000/pupils
Proxy:			<none>
Request params:	<none>
Query params:	<none>
Form params:	<none>
Path params:	<none>
Headers:		Authorization=Basic dGVzdENhbmRpZGF0ZTpQQHNzdzByZA==
				Accept=*/*
				Content-Type=application/json; charset=UTF-8
Cookies:		<none>
Multiparts:		<none>
Body:
{
    "firstName": "Umanga",
    "lastName": "Madawala",
    "gradeId": 1
}
Request method:	POST
Request URI:	http://localhost:3000/pupils
Proxy:			<none>
Request params:	<none>
Query params:	<none>
Form params:	<none>
Path params:	<none>
Headers:		Authorization=Basic dGVzdENhbmRpZGF0ZTpQQHNzdzByZA==
				Accept=*/*
				Content-Type=application/json; charset=UTF-8
Cookies:		<none>
Multiparts:		<none>
Body:
{
    "firstName": "Umanga",
    "lastName": "Madawala",
    "gradeId": 1
}
HTTP/1.1 201 Created
X-Powered-By: Express
Location: /pupils/735485
Content-Type: application/json; charset=utf-8
Content-Length: 75
ETag: W/"4b-5K66AQwPk53YJ7eSPIk8vGnaLF0"
Date: Sat, 20 Mar 2021 11:01:03 GMT
Connection: keep-alive

{
    "firstName": "Umanga",
    "lastName": "Madawala",
    "gradeId": 1,
    "pupilId": "735485"
}
HTTP/1.1 201 Created
X-Powered-By: Express
Location: /pupils/735485
Content-Type: application/json; charset=utf-8
Content-Length: 75
ETag: W/"4b-5K66AQwPk53YJ7eSPIk8vGnaLF0"
Date: Sat, 20 Mar 2021 11:01:03 GMT
Connection: keep-alive

{
    "firstName": "Umanga",
    "lastName": "Madawala",
    "gradeId": 1,
    "pupilId": "735485"
}
HTTP/1.1 201 Created
X-Powered-By: Express
Location: /pupils/735485
Content-Type: application/json; charset=utf-8
Content-Length: 75
ETag: W/"4b-5K66AQwPk53YJ7eSPIk8vGnaLF0"
Date: Sat, 20 Mar 2021 11:01:03 GMT
Connection: keep-alive

{
    "firstName": "Umanga",
    "lastName": "Madawala",
    "gradeId": 1,
    "pupilId": "735485"
}
HTTP/1.1 201 Created
X-Powered-By: Express
Location: /pupils/735485
Content-Type: application/json; charset=utf-8
Content-Length: 75
ETag: W/"4b-5K66AQwPk53YJ7eSPIk8vGnaLF0"
Date: Sat, 20 Mar 2021 11:01:03 GMT
Connection: keep-alive

{
    "firstName": "Umanga",
    "lastName": "Madawala",
    "gradeId": 1,
    "pupilId": "735485"
}
HTTP/1.1 201 Created
X-Powered-By: Express
Location: /pupils/735485
Content-Type: application/json; charset=utf-8
Content-Length: 75
ETag: W/"4b-5K66AQwPk53YJ7eSPIk8vGnaLF0"
Date: Sat, 20 Mar 2021 11:01:03 GMT
Connection: keep-alive

{
    "firstName": "Umanga",
    "lastName": "Madawala",
    "gradeId": 1,
    "pupilId": "735485"
}
HTTP/1.1 201 Created
X-Powered-By: Express
Location: /pupils/735485
Content-Type: application/json; charset=utf-8
Content-Length: 75
ETag: W/"4b-5K66AQwPk53YJ7eSPIk8vGnaLF0"
Date: Sat, 20 Mar 2021 11:01:03 GMT
Connection: keep-alive

{
    "firstName": "Umanga",
    "lastName": "Madawala",
    "gradeId": 1,
    "pupilId": "735485"
}
HTTP/1.1 201 Created
X-Powered-By: Express
Location: /pupils/735485
Content-Type: application/json; charset=utf-8
Content-Length: 75
ETag: W/"4b-5K66AQwPk53YJ7eSPIk8vGnaLF0"
Date: Sat, 20 Mar 2021 11:01:03 GMT
Connection: keep-alive

{
    "firstName": "Umanga",
    "lastName": "Madawala",
    "gradeId": 1,
    "pupilId": "735485"
}
HTTP/1.1 201 Created
X-Powered-By: Express
Location: /pupils/735485
Content-Type: application/json; charset=utf-8
Content-Length: 75
ETag: W/"4b-5K66AQwPk53YJ7eSPIk8vGnaLF0"
Date: Sat, 20 Mar 2021 11:01:03 GMT
Connection: keep-alive

{
    "firstName": "Umanga",
    "lastName": "Madawala",
    "gradeId": 1,
    "pupilId": "735485"
}
HTTP/1.1 201 Created
X-Powered-By: Express
Location: /pupils/735485
Content-Type: application/json; charset=utf-8
Content-Length: 75
ETag: W/"4b-5K66AQwPk53YJ7eSPIk8vGnaLF0"
Date: Sat, 20 Mar 2021 11:01:03 GMT
Connection: keep-alive

{
    "firstName": "Umanga",
    "lastName": "Madawala",
    "gradeId": 1,
    "pupilId": "735485"
}
Request method:	GET
Request URI:	http://localhost:3000/pupils/12321
Proxy:			<none>
Request params:	<none>
Query params:	<none>
Form params:	<none>
Path params:	<none>
Headers:		Accept=*/*
				Content-Type=application/json; charset=UTF-8
Cookies:		<none>
Multiparts:		<none>
Body:			<none>
Request method:	GET
Request URI:	http://localhost:3000/pupils/12321
Proxy:			<none>
Request params:	<none>
Query params:	<none>
Form params:	<none>
Path params:	<none>
Headers:		Accept=*/*
				Content-Type=application/json; charset=UTF-8
Cookies:		<none>
Multiparts:		<none>
Body:			<none>
Request method:	GET
Request URI:	http://localhost:3000/pupils/12321
Proxy:			<none>
Request params:	<none>
Query params:	<none>
Form params:	<none>
Path params:	<none>
Headers:		Accept=*/*
				Content-Type=application/json; charset=UTF-8
Cookies:		<none>
Multiparts:		<none>
Body:			<none>
Request method:	GET
Request URI:	http://localhost:3000/pupils/12321
Proxy:			<none>
Request params:	<none>
Query params:	<none>
Form params:	<none>
Path params:	<none>
Headers:		Accept=*/*
				Content-Type=application/json; charset=UTF-8
Cookies:		<none>
Multiparts:		<none>
Body:			<none>
Request method:	GET
Request URI:	http://localhost:3000/pupils/12321
Proxy:			<none>
Request params:	<none>
Query params:	<none>
Form params:	<none>
Path params:	<none>
Headers:		Accept=*/*
				Content-Type=application/json; charset=UTF-8
Cookies:		<none>
Multiparts:		<none>
Body:			<none>
Request method:	GET
Request URI:	http://localhost:3000/pupils/12321
Proxy:			<none>
Request params:	<none>
Query params:	<none>
Form params:	<none>
Path params:	<none>
Headers:		Accept=*/*
				Content-Type=application/json; charset=UTF-8
Cookies:		<none>
Multiparts:		<none>
Body:			<none>
Request method:	GET
Request URI:	http://localhost:3000/pupils/12321
Proxy:			<none>
Request params:	<none>
Query params:	<none>
Form params:	<none>
Path params:	<none>
Headers:		Accept=*/*
				Content-Type=application/json; charset=UTF-8
Cookies:		<none>
Multiparts:		<none>
Body:			<none>
Request method:	GET
Request URI:	http://localhost:3000/pupils/12321
Proxy:			<none>
Request params:	<none>
Query params:	<none>
Form params:	<none>
Path params:	<none>
Headers:		Accept=*/*
				Content-Type=application/json; charset=UTF-8
Cookies:		<none>
Multiparts:		<none>
Body:			<none>
Request method:	GET
Request URI:	http://localhost:3000/pupils/12321
Proxy:			<none>
Request params:	<none>
Query params:	<none>
Form params:	<none>
Path params:	<none>
Headers:		Accept=*/*
				Content-Type=application/json; charset=UTF-8
Cookies:		<none>
Multiparts:		<none>
Body:			<none>
HTTP/1.1 504 Gateway Timeout
X-Powered-By: Express
Content-Type: application/json; charset=utf-8
Content-Length: 61
ETag: W/"3d-IZA7KBsDHovHXzc2bxnNdkyiL00"
Date: Sat, 20 Mar 2021 11:01:03 GMT
Connection: keep-alive

{
    "status": 504,
    "massage": "Pupil with ID: \"12321\" not found"
}
HTTP/1.1 504 Gateway Timeout
X-Powered-By: Express
Content-Type: application/json; charset=utf-8
Content-Length: 61
ETag: W/"3d-IZA7KBsDHovHXzc2bxnNdkyiL00"
Date: Sat, 20 Mar 2021 11:01:03 GMT
Connection: keep-alive

{
    "status": 504,
    "massage": "Pupil with ID: \"12321\" not found"
}
HTTP/1.1 504 Gateway Timeout
X-Powered-By: Express
Content-Type: application/json; charset=utf-8
Content-Length: 61
ETag: W/"3d-IZA7KBsDHovHXzc2bxnNdkyiL00"
Date: Sat, 20 Mar 2021 11:01:03 GMT
Connection: keep-alive

{
    "status": 504,
    "massage": "Pupil with ID: \"12321\" not found"
}
HTTP/1.1 504 Gateway Timeout
X-Powered-By: Express
Content-Type: application/json; charset=utf-8
Content-Length: 61
ETag: W/"3d-IZA7KBsDHovHXzc2bxnNdkyiL00"
Date: Sat, 20 Mar 2021 11:01:03 GMT
Connection: keep-alive

{
    "status": 504,
    "massage": "Pupil with ID: \"12321\" not found"
}
HTTP/1.1 504 Gateway Timeout
X-Powered-By: Express
Content-Type: application/json; charset=utf-8
Content-Length: 61
ETag: W/"3d-IZA7KBsDHovHXzc2bxnNdkyiL00"
Date: Sat, 20 Mar 2021 11:01:03 GMT
Connection: keep-alive

{
    "status": 504,
    "massage": "Pupil with ID: \"12321\" not found"
}
HTTP/1.1 504 Gateway Timeout
X-Powered-By: Express
Content-Type: application/json; charset=utf-8
Content-Length: 61
ETag: W/"3d-IZA7KBsDHovHXzc2bxnNdkyiL00"
Date: Sat, 20 Mar 2021 11:01:03 GMT
Connection: keep-alive

{
    "status": 504,
    "massage": "Pupil with ID: \"12321\" not found"
}
HTTP/1.1 504 Gateway Timeout
X-Powered-By: Express
Content-Type: application/json; charset=utf-8
Content-Length: 61
ETag: W/"3d-IZA7KBsDHovHXzc2bxnNdkyiL00"
Date: Sat, 20 Mar 2021 11:01:03 GMT
Connection: keep-alive

{
    "status": 504,
    "massage": "Pupil with ID: \"12321\" not found"
}
HTTP/1.1 504 Gateway Timeout
X-Powered-By: Express
Content-Type: application/json; charset=utf-8
Content-Length: 61
ETag: W/"3d-IZA7KBsDHovHXzc2bxnNdkyiL00"
Date: Sat, 20 Mar 2021 11:01:03 GMT
Connection: keep-alive

{
    "status": 504,
    "massage": "Pupil with ID: \"12321\" not found"
}
HTTP/1.1 504 Gateway Timeout
X-Powered-By: Express
Content-Type: application/json; charset=utf-8
Content-Length: 61
ETag: W/"3d-IZA7KBsDHovHXzc2bxnNdkyiL00"
Date: Sat, 20 Mar 2021 11:01:03 GMT
Connection: keep-alive

{
    "status": 504,
    "massage": "Pupil with ID: \"12321\" not found"
}
Status code mismatch
1 expectation failed.
Expected status code <404> but was <504>.


Actual Response body is {"status":504,"massage":"Pupil with ID: \"12321\" not found"}

Scenario Ended: User should not be able to get a pupil with non-existent pupilId
]]></system-out>
  </testcase>
  <testcase name="runScenario[&quot;User should be able to get all pupils if empty pupilId is sent&quot;, &quot;Optional[Get Pupil request functional tests]&quot;](17)" classname="testRunner.TestNGTestRunner" time="1.492">
    <system-out><![CDATA[---------------------------------------------------------------------
Scenario Started: User should be able to get all pupils if empty pupilId is sent
Set Add Pupil request URL as http://localhost:3000/pupils
Request method:	POST
Request URI:	http://localhost:3000/pupils
Proxy:			<none>
Request params:	<none>
Query params:	<none>
Form params:	<none>
Path params:	<none>
Headers:		Authorization=Basic dGVzdENhbmRpZGF0ZTpQQHNzdzByZA==
				Accept=*/*
				Content-Type=application/json; charset=UTF-8
Cookies:		<none>
Multiparts:		<none>
Body:
{
    "firstName": "Umanga",
    "lastName": "Madawala",
    "gradeId": 1
}
Request method:	POST
Request URI:	http://localhost:3000/pupils
Proxy:			<none>
Request params:	<none>
Query params:	<none>
Form params:	<none>
Path params:	<none>
Headers:		Authorization=Basic dGVzdENhbmRpZGF0ZTpQQHNzdzByZA==
				Accept=*/*
				Content-Type=application/json; charset=UTF-8
Cookies:		<none>
Multiparts:		<none>
Body:
{
    "firstName": "Umanga",
    "lastName": "Madawala",
    "gradeId": 1
}
Request method:	POST
Request URI:	http://localhost:3000/pupils
Proxy:			<none>
Request params:	<none>
Query params:	<none>
Form params:	<none>
Path params:	<none>
Headers:		Authorization=Basic dGVzdENhbmRpZGF0ZTpQQHNzdzByZA==
				Accept=*/*
				Content-Type=application/json; charset=UTF-8
Cookies:		<none>
Multiparts:		<none>
Body:
{
    "firstName": "Umanga",
    "lastName": "Madawala",
    "gradeId": 1
}
Request method:	POST
Request URI:	http://localhost:3000/pupils
Proxy:			<none>
Request params:	<none>
Query params:	<none>
Form params:	<none>
Path params:	<none>
Headers:		Authorization=Basic dGVzdENhbmRpZGF0ZTpQQHNzdzByZA==
				Accept=*/*
				Content-Type=application/json; charset=UTF-8
Cookies:		<none>
Multiparts:		<none>
Body:
{
    "firstName": "Umanga",
    "lastName": "Madawala",
    "gradeId": 1
}
Request method:	POST
Request URI:	http://localhost:3000/pupils
Proxy:			<none>
Request params:	<none>
Query params:	<none>
Form params:	<none>
Path params:	<none>
Headers:		Authorization=Basic dGVzdENhbmRpZGF0ZTpQQHNzdzByZA==
				Accept=*/*
				Content-Type=application/json; charset=UTF-8
Cookies:		<none>
Multiparts:		<none>
Body:
{
    "firstName": "Umanga",
    "lastName": "Madawala",
    "gradeId": 1
}
Request method:	POST
Request URI:	http://localhost:3000/pupils
Proxy:			<none>
Request params:	<none>
Query params:	<none>
Form params:	<none>
Path params:	<none>
Headers:		Authorization=Basic dGVzdENhbmRpZGF0ZTpQQHNzdzByZA==
				Accept=*/*
				Content-Type=application/json; charset=UTF-8
Cookies:		<none>
Multiparts:		<none>
Body:
{
    "firstName": "Umanga",
    "lastName": "Madawala",
    "gradeId": 1
}
Request method:	POST
Request URI:	http://localhost:3000/pupils
Proxy:			<none>
Request params:	<none>
Query params:	<none>
Form params:	<none>
Path params:	<none>
Headers:		Authorization=Basic dGVzdENhbmRpZGF0ZTpQQHNzdzByZA==
				Accept=*/*
				Content-Type=application/json; charset=UTF-8
Cookies:		<none>
Multiparts:		<none>
Body:
{
    "firstName": "Umanga",
    "lastName": "Madawala",
    "gradeId": 1
}
Request method:	POST
Request URI:	http://localhost:3000/pupils
Proxy:			<none>
Request params:	<none>
Query params:	<none>
Form params:	<none>
Path params:	<none>
Headers:		Authorization=Basic dGVzdENhbmRpZGF0ZTpQQHNzdzByZA==
				Accept=*/*
				Content-Type=application/json; charset=UTF-8
Cookies:		<none>
Multiparts:		<none>
Body:
{
    "firstName": "Umanga",
    "lastName": "Madawala",
    "gradeId": 1
}
Request method:	POST
Request URI:	http://localhost:3000/pupils
Proxy:			<none>
Request params:	<none>
Query params:	<none>
Form params:	<none>
Path params:	<none>
Headers:		Authorization=Basic dGVzdENhbmRpZGF0ZTpQQHNzdzByZA==
				Accept=*/*
				Content-Type=application/json; charset=UTF-8
Cookies:		<none>
Multiparts:		<none>
Body:
{
    "firstName": "Umanga",
    "lastName": "Madawala",
    "gradeId": 1
}
Request method:	POST
Request URI:	http://localhost:3000/pupils
Proxy:			<none>
Request params:	<none>
Query params:	<none>
Form params:	<none>
Path params:	<none>
Headers:		Authorization=Basic dGVzdENhbmRpZGF0ZTpQQHNzdzByZA==
				Accept=*/*
				Content-Type=application/json; charset=UTF-8
Cookies:		<none>
Multiparts:		<none>
Body:
{
    "firstName": "Umanga",
    "lastName": "Madawala",
    "gradeId": 1
}
HTTP/1.1 201 Created
X-Powered-By: Express
Location: /pupils/540601
Content-Type: application/json; charset=utf-8
Content-Length: 75
ETag: W/"4b-uofJA9O+Itc5ilR2HoVss49w9vA"
Date: Sat, 20 Mar 2021 11:01:04 GMT
Connection: keep-alive

{
    "firstName": "Umanga",
    "lastName": "Madawala",
    "gradeId": 1,
    "pupilId": "540601"
}
HTTP/1.1 201 Created
X-Powered-By: Express
Location: /pupils/540601
Content-Type: application/json; charset=utf-8
Content-Length: 75
ETag: W/"4b-uofJA9O+Itc5ilR2HoVss49w9vA"
Date: Sat, 20 Mar 2021 11:01:04 GMT
Connection: keep-alive

{
    "firstName": "Umanga",
    "lastName": "Madawala",
    "gradeId": 1,
    "pupilId": "540601"
}
HTTP/1.1 201 Created
X-Powered-By: Express
Location: /pupils/540601
Content-Type: application/json; charset=utf-8
Content-Length: 75
ETag: W/"4b-uofJA9O+Itc5ilR2HoVss49w9vA"
Date: Sat, 20 Mar 2021 11:01:04 GMT
Connection: keep-alive

{
    "firstName": "Umanga",
    "lastName": "Madawala",
    "gradeId": 1,
    "pupilId": "540601"
}
HTTP/1.1 201 Created
X-Powered-By: Express
Location: /pupils/540601
Content-Type: application/json; charset=utf-8
Content-Length: 75
ETag: W/"4b-uofJA9O+Itc5ilR2HoVss49w9vA"
Date: Sat, 20 Mar 2021 11:01:04 GMT
Connection: keep-alive

{
    "firstName": "Umanga",
    "lastName": "Madawala",
    "gradeId": 1,
    "pupilId": "540601"
}
HTTP/1.1 201 Created
X-Powered-By: Express
Location: /pupils/540601
Content-Type: application/json; charset=utf-8
Content-Length: 75
ETag: W/"4b-uofJA9O+Itc5ilR2HoVss49w9vA"
Date: Sat, 20 Mar 2021 11:01:04 GMT
Connection: keep-alive

{
    "firstName": "Umanga",
    "lastName": "Madawala",
    "gradeId": 1,
    "pupilId": "540601"
}
HTTP/1.1 201 Created
X-Powered-By: Express
Location: /pupils/540601
Content-Type: application/json; charset=utf-8
Content-Length: 75
ETag: W/"4b-uofJA9O+Itc5ilR2HoVss49w9vA"
Date: Sat, 20 Mar 2021 11:01:04 GMT
Connection: keep-alive

{
    "firstName": "Umanga",
    "lastName": "Madawala",
    "gradeId": 1,
    "pupilId": "540601"
}
HTTP/1.1 201 Created
X-Powered-By: Express
Location: /pupils/540601
Content-Type: application/json; charset=utf-8
Content-Length: 75
ETag: W/"4b-uofJA9O+Itc5ilR2HoVss49w9vA"
Date: Sat, 20 Mar 2021 11:01:04 GMT
Connection: keep-alive

{
    "firstName": "Umanga",
    "lastName": "Madawala",
    "gradeId": 1,
    "pupilId": "540601"
}
HTTP/1.1 201 Created
X-Powered-By: Express
Location: /pupils/540601
Content-Type: application/json; charset=utf-8
Content-Length: 75
ETag: W/"4b-uofJA9O+Itc5ilR2HoVss49w9vA"
Date: Sat, 20 Mar 2021 11:01:04 GMT
Connection: keep-alive

{
    "firstName": "Umanga",
    "lastName": "Madawala",
    "gradeId": 1,
    "pupilId": "540601"
}
HTTP/1.1 201 Created
X-Powered-By: Express
Location: /pupils/540601
Content-Type: application/json; charset=utf-8
Content-Length: 75
ETag: W/"4b-uofJA9O+Itc5ilR2HoVss49w9vA"
Date: Sat, 20 Mar 2021 11:01:04 GMT
Connection: keep-alive

{
    "firstName": "Umanga",
    "lastName": "Madawala",
    "gradeId": 1,
    "pupilId": "540601"
}
HTTP/1.1 201 Created
X-Powered-By: Express
Location: /pupils/540601
Content-Type: application/json; charset=utf-8
Content-Length: 75
ETag: W/"4b-uofJA9O+Itc5ilR2HoVss49w9vA"
Date: Sat, 20 Mar 2021 11:01:04 GMT
Connection: keep-alive

{
    "firstName": "Umanga",
    "lastName": "Madawala",
    "gradeId": 1,
    "pupilId": "540601"
}
Request method:	GET
Request URI:	http://localhost:3000/pupils
Proxy:			<none>
Request params:	<none>
Query params:	<none>
Form params:	<none>
Path params:	<none>
Headers:		Accept=*/*
				Content-Type=application/json; charset=UTF-8
Cookies:		<none>
Multiparts:		<none>
Body:			<none>
Request method:	GET
Request URI:	http://localhost:3000/pupils
Proxy:			<none>
Request params:	<none>
Query params:	<none>
Form params:	<none>
Path params:	<none>
Headers:		Accept=*/*
				Content-Type=application/json; charset=UTF-8
Cookies:		<none>
Multiparts:		<none>
Body:			<none>
Request method:	GET
Request URI:	http://localhost:3000/pupils
Proxy:			<none>
Request params:	<none>
Query params:	<none>
Form params:	<none>
Path params:	<none>
Headers:		Accept=*/*
				Content-Type=application/json; charset=UTF-8
Cookies:		<none>
Multiparts:		<none>
Body:			<none>
Request method:	GET
Request URI:	http://localhost:3000/pupils
Proxy:			<none>
Request params:	<none>
Query params:	<none>
Form params:	<none>
Path params:	<none>
Headers:		Accept=*/*
				Content-Type=application/json; charset=UTF-8
Cookies:		<none>
Multiparts:		<none>
Body:			<none>
Request method:	GET
Request URI:	http://localhost:3000/pupils
Proxy:			<none>
Request params:	<none>
Query params:	<none>
Form params:	<none>
Path params:	<none>
Headers:		Accept=*/*
				Content-Type=application/json; charset=UTF-8
Cookies:		<none>
Multiparts:		<none>
Body:			<none>
Request method:	GET
Request URI:	http://localhost:3000/pupils
Proxy:			<none>
Request params:	<none>
Query params:	<none>
Form params:	<none>
Path params:	<none>
Headers:		Accept=*/*
				Content-Type=application/json; charset=UTF-8
Cookies:		<none>
Multiparts:		<none>
Body:			<none>
Request method:	GET
Request URI:	http://localhost:3000/pupils
Proxy:			<none>
Request params:	<none>
Query params:	<none>
Form params:	<none>
Path params:	<none>
Headers:		Accept=*/*
				Content-Type=application/json; charset=UTF-8
Cookies:		<none>
Multiparts:		<none>
Body:			<none>
Request method:	GET
Request URI:	http://localhost:3000/pupils
Proxy:			<none>
Request params:	<none>
Query params:	<none>
Form params:	<none>
Path params:	<none>
Headers:		Accept=*/*
				Content-Type=application/json; charset=UTF-8
Cookies:		<none>
Multiparts:		<none>
Body:			<none>
Request method:	GET
Request URI:	http://localhost:3000/pupils
Proxy:			<none>
Request params:	<none>
Query params:	<none>
Form params:	<none>
Path params:	<none>
Headers:		Accept=*/*
				Content-Type=application/json; charset=UTF-8
Cookies:		<none>
Multiparts:		<none>
Body:			<none>
Request method:	GET
Request URI:	http://localhost:3000/pupils
Proxy:			<none>
Request params:	<none>
Query params:	<none>
Form params:	<none>
Path params:	<none>
Headers:		Accept=*/*
				Content-Type=application/json; charset=UTF-8
Cookies:		<none>
Multiparts:		<none>
Body:			<none>
HTTP/1.1 200 OK
X-Powered-By: Express
Content-Type: application/json; charset=utf-8
Content-Length: 4389
ETag: W/"1125-DYVVWFJUg7fkrgipdNGl9Ys4dt0"
Date: Sat, 20 Mar 2021 11:01:04 GMT
Connection: keep-alive

[
    {
        "pupilId": "1420887",
        "firstName": "Newmcuser",
        "infix": "NewMCUser",
        "lastName": "Nu",
        "classId": 88034,
        "gradeId": 8,
        "email": null,
        "isDisabled": false
    },
    {
        "pupilId": "1420888",
        "firstName": "Zerdarovic",
        "infix": null,
        "lastName": "Biyikovskiy",
        "classId": 88034,
        "gradeId": 8,
        "email": null,
        "isDisabled": false
    },
    {
        "pupilId": "1420889",
        "firstName": "Mcteam",
        "infix": null,
        "lastName": "Test",
        "classId": 88035,
        "gradeId": 6,
        "email": null,
        "isDisabled": false
    },
    {
        "pupilId": "1420896",
        "firstName": "Warren",
        "infix": null,
        "lastName": "Barguil",
        "classId": 88041,
        "gradeId": 5,
        "email": null,
        "isDisabled": false
    },
    {
        "pupilId": "1420897",
        "firstName": "Lillian",
        "infix": null,
        "lastName": "Calmejean",
        "classId": 88041,
        "gradeId": 5,
        "email": null,
        "isDisabled": false
    },
    {
        "pupilId": "1420893",
        "firstName": "Wim",
        "infix": null,
        "lastName": "van der Horst",
        "classId": 88042,
        "gradeId": 4,
        "email": null,
        "isDisabled": false
    },
    {
        "pupilId": "1420894",
        "firstName": "Willen",
        "infix": null,
        "lastName": "Wever",
        "classId": 88042,
        "gradeId": 4,
        "email": null,
        "isDisabled": false
    },
    {
        "firstName": "Umanga",
        "lastName": "Madawala",
        "gradeId": 1,
        "pupilId": "321560"
    },
    {
        "firstName": "Umanga",
        "lastName": "Madawala",
        "gradeId": 1,
        "classId": 1,
        "infix": "NewMCUser",
        "isDisabled": false,
        "email": "test@mail.com",
        "pupilId": "353161"
    },
    {
        "firstName": "Umanga",
        "lastName": "Madawala",
        "gradeId": 1,
        "pupilId": "584880"
    },
    {
        "firstName": "Umanga",
        "lastName": "Madawala",
        "gradeId": 1,
        "pupilId": "867608"
    },
    {
        "firstName": "Umanga",
        "lastName": "Madawala",
        "gradeId": 1,
        "pupilId": "369546"
    },
    {
        "firstName": "Umanga",
        "lastName": "Madawala",
        "gradeId": 1,
        "pupilId": "742795"
    },
    {
        "firstName": "Umanga",
        "lastName": "Madawala",
        "gradeId": 1,
        "pupilId": "855336"
    },
    {
        "firstName": "Umanga",
        "lastName": "Madawala",
        "gradeId": 1,
        "pupilId": "571485"
    },
    {
        "firstName": "Umanga",
        "lastName": "Madawala",
        "gradeId": 1,
        "pupilId": "491294"
    },
    {
        "firstName": "Umanga",
        "lastName": "Madawala",
        "gradeId": 1,
        "classId": 1,
        "infix": "NewMCUser",
        "isDisabled": false,
        "email": "test@mail.com",
        "pupilId": "531549"
    },
    {
        "firstName": "Umanga",
        "lastName": "Madawala",
        "gradeId": 1,
        "pupilId": "111195"
    },
    {
        "firstName": "Umanga",
        "lastName": "Madawala",
        "gradeId": 1,
        "pupilId": "722999"
    },
    {
        "firstName": "Umanga",
        "lastName": "Madawala",
        "gradeId": 1,
        "pupilId": "769352"
    },
    {
        "firstName": "Umanga",
        "lastName": "Madawala",
        "gradeId": 1,
        "pupilId": "604039"
    },
    {
        "firstName": "Umanga",
        "lastName": "Madawala",
        "gradeId": 1,
        "pupilId": "475789"
    },
    {
        "firstName": "Umanga",
        "lastName": "Madawala",
        "gradeId": 1,
        "pupilId": "653478"
    },
    {
        "firstName": "Umanga",
        "lastName": "Madawala",
        "gradeId": 1,
        "pupilId": "992406"
    },
    {
        "firstName": "Umanga",
        "lastName": "Madawala",
        "gradeId": 1,
        "classId": 1,
        "infix": "NewMCUser",
        "isDisabled": false,
        "email": "test@mail.com",
        "pupilId": "852333"
    },
    {
        "firstName": "Umanga",
        "lastName": "Madawala",
        "gradeId": 1,
        "pupilId": "576140"
    },
    {
        "firstName": "Umanga",
        "lastName": "Madawala",
        "gradeId": 1,
        "pupilId": "277806"
    },
    {
        "firstName": "Umanga",
        "lastName": "Madawala",
        "gradeId": 1,
        "pupilId": "654432"
    },
    {
        "firstName": "Umanga",
        "lastName": "Madawala",
        "gradeId": 1,
        "pupilId": "453607"
    },
    {
        "firstName": "Umanga",
        "lastName": "Madawala",
        "gradeId": 1,
        "pupilId": "857034"
    },
    {
        "firstName": "Umanga",
        "lastName": "Madawala",
        "gradeId": 1,
        "pupilId": "855711"
    },
    {
        "firstName": "Umanga",
        "lastName": "Madawala",
        "gradeId": 1,
        "pupilId": "432448"
    },
    {
        "firstName": "Umanga",
        "lastName": "Madawala",
        "gradeId": 1,
        "classId": 1,
        "infix": "NewMCUser",
        "isDisabled": false,
        "email": "test@mail.com",
        "pupilId": "101201"
    },
    {
        "firstName": "Umanga",
        "lastName": "Madawala",
        "gradeId": 1,
        "pupilId": "998521"
    },
    {
        "firstName": "Umanga",
        "lastName": "Madawala",
        "gradeId": 1,
        "pupilId": "698925"
    },
    {
        "firstName": "Umanga",
        "lastName": "Madawala",
        "gradeId": 1,
        "pupilId": "917261"
    },
    {
        "firstName": "Umanga",
        "lastName": "Madawala",
        "gradeId": 1,
        "pupilId": "873510"
    },
    {
        "firstName": "Umanga",
        "lastName": "Madawala",
        "gradeId": 1,
        "pupilId": "805234"
    },
    {
        "firstName": "Umanga",
        "lastName": "Madawala",
        "gradeId": 1,
        "pupilId": "261285"
    },
    {
        "firstName": "Umanga",
        "lastName": "Madawala",
        "gradeId": 1,
        "pupilId": "610671"
    },
    {
        "firstName": "Umanga",
        "lastName": "Madawala",
        "gradeId": 1,
        "classId": 1,
        "infix": "NewMCUser",
        "isDisabled": false,
        "email": "test@mail.com",
        "pupilId": "367269"
    },
    {
        "firstName": "Umanga",
        "lastName": "Madawala",
        "gradeId": 1,
        "pupilId": "719034"
    },
    {
        "firstName": "Umanga",
        "lastName": "Madawala",
        "gradeId": 1,
        "pupilId": "618126"
    },
    {
        "firstName": "Umanga",
        "lastName": "Madawala",
        "gradeId": 1,
        "pupilId": "326235"
    },
    {
        "firstName": "Umanga",
        "lastName": "Madawala",
        "gradeId": 1,
        "pupilId": "871874"
    },
    {
        "firstName": "Umanga",
        "lastName": "Madawala",
        "gradeId": 1,
        "pupilId": "735485"
    },
    {
        "firstName": "Umanga",
        "lastName": "Madawala",
        "gradeId": 1,
        "pupilId": "540601"
    }
]
HTTP/1.1 200 OK
X-Powered-By: Express
Content-Type: application/json; charset=utf-8
Content-Length: 4389
ETag: W/"1125-DYVVWFJUg7fkrgipdNGl9Ys4dt0"
Date: Sat, 20 Mar 2021 11:01:04 GMT
Connection: keep-alive

[
    {
        "pupilId": "1420887",
        "firstName": "Newmcuser",
        "infix": "NewMCUser",
        "lastName": "Nu",
        "classId": 88034,
        "gradeId": 8,
        "email": null,
        "isDisabled": false
    },
    {
        "pupilId": "1420888",
        "firstName": "Zerdarovic",
        "infix": null,
        "lastName": "Biyikovskiy",
        "classId": 88034,
        "gradeId": 8,
        "email": null,
        "isDisabled": false
    },
    {
        "pupilId": "1420889",
        "firstName": "Mcteam",
        "infix": null,
        "lastName": "Test",
        "classId": 88035,
        "gradeId": 6,
        "email": null,
        "isDisabled": false
    },
    {
        "pupilId": "1420896",
        "firstName": "Warren",
        "infix": null,
        "lastName": "Barguil",
        "classId": 88041,
        "gradeId": 5,
        "email": null,
        "isDisabled": false
    },
    {
        "pupilId": "1420897",
        "firstName": "Lillian",
        "infix": null,
        "lastName": "Calmejean",
        "classId": 88041,
        "gradeId": 5,
        "email": null,
        "isDisabled": false
    },
    {
        "pupilId": "1420893",
        "firstName": "Wim",
        "infix": null,
        "lastName": "van der Horst",
        "classId": 88042,
        "gradeId": 4,
        "email": null,
        "isDisabled": false
    },
    {
        "pupilId": "1420894",
        "firstName": "Willen",
        "infix": null,
        "lastName": "Wever",
        "classId": 88042,
        "gradeId": 4,
        "email": null,
        "isDisabled": false
    },
    {
        "firstName": "Umanga",
        "lastName": "Madawala",
        "gradeId": 1,
        "pupilId": "321560"
    },
    {
        "firstName": "Umanga",
        "lastName": "Madawala",
        "gradeId": 1,
        "classId": 1,
        "infix": "NewMCUser",
        "isDisabled": false,
        "email": "test@mail.com",
        "pupilId": "353161"
    },
    {
        "firstName": "Umanga",
        "lastName": "Madawala",
        "gradeId": 1,
        "pupilId": "584880"
    },
    {
        "firstName": "Umanga",
        "lastName": "Madawala",
        "gradeId": 1,
        "pupilId": "867608"
    },
    {
        "firstName": "Umanga",
        "lastName": "Madawala",
        "gradeId": 1,
        "pupilId": "369546"
    },
    {
        "firstName": "Umanga",
        "lastName": "Madawala",
        "gradeId": 1,
        "pupilId": "742795"
    },
    {
        "firstName": "Umanga",
        "lastName": "Madawala",
        "gradeId": 1,
        "pupilId": "855336"
    },
    {
        "firstName": "Umanga",
        "lastName": "Madawala",
        "gradeId": 1,
        "pupilId": "571485"
    },
    {
        "firstName": "Umanga",
        "lastName": "Madawala",
        "gradeId": 1,
        "pupilId": "491294"
    },
    {
        "firstName": "Umanga",
        "lastName": "Madawala",
        "gradeId": 1,
        "classId": 1,
        "infix": "NewMCUser",
        "isDisabled": false,
        "email": "test@mail.com",
        "pupilId": "531549"
    },
    {
        "firstName": "Umanga",
        "lastName": "Madawala",
        "gradeId": 1,
        "pupilId": "111195"
    },
    {
        "firstName": "Umanga",
        "lastName": "Madawala",
        "gradeId": 1,
        "pupilId": "722999"
    },
    {
        "firstName": "Umanga",
        "lastName": "Madawala",
        "gradeId": 1,
        "pupilId": "769352"
    },
    {
        "firstName": "Umanga",
        "lastName": "Madawala",
        "gradeId": 1,
        "pupilId": "604039"
    },
    {
        "firstName": "Umanga",
        "lastName": "Madawala",
        "gradeId": 1,
        "pupilId": "475789"
    },
    {
        "firstName": "Umanga",
        "lastName": "Madawala",
        "gradeId": 1,
        "pupilId": "653478"
    },
    {
        "firstName": "Umanga",
        "lastName": "Madawala",
        "gradeId": 1,
        "pupilId": "992406"
    },
    {
        "firstName": "Umanga",
        "lastName": "Madawala",
        "gradeId": 1,
        "classId": 1,
        "infix": "NewMCUser",
        "isDisabled": false,
        "email": "test@mail.com",
        "pupilId": "852333"
    },
    {
        "firstName": "Umanga",
        "lastName": "Madawala",
        "gradeId": 1,
        "pupilId": "576140"
    },
    {
        "firstName": "Umanga",
        "lastName": "Madawala",
        "gradeId": 1,
        "pupilId": "277806"
    },
    {
        "firstName": "Umanga",
        "lastName": "Madawala",
        "gradeId": 1,
        "pupilId": "654432"
    },
    {
        "firstName": "Umanga",
        "lastName": "Madawala",
        "gradeId": 1,
        "pupilId": "453607"
    },
    {
        "firstName": "Umanga",
        "lastName": "Madawala",
        "gradeId": 1,
        "pupilId": "857034"
    },
    {
        "firstName": "Umanga",
        "lastName": "Madawala",
        "gradeId": 1,
        "pupilId": "855711"
    },
    {
        "firstName": "Umanga",
        "lastName": "Madawala",
        "gradeId": 1,
        "pupilId": "432448"
    },
    {
        "firstName": "Umanga",
        "lastName": "Madawala",
        "gradeId": 1,
        "classId": 1,
        "infix": "NewMCUser",
        "isDisabled": false,
        "email": "test@mail.com",
        "pupilId": "101201"
    },
    {
        "firstName": "Umanga",
        "lastName": "Madawala",
        "gradeId": 1,
        "pupilId": "998521"
    },
    {
        "firstName": "Umanga",
        "lastName": "Madawala",
        "gradeId": 1,
        "pupilId": "698925"
    },
    {
        "firstName": "Umanga",
        "lastName": "Madawala",
        "gradeId": 1,
        "pupilId": "917261"
    },
    {
        "firstName": "Umanga",
        "lastName": "Madawala",
        "gradeId": 1,
        "pupilId": "873510"
    },
    {
        "firstName": "Umanga",
        "lastName": "Madawala",
        "gradeId": 1,
        "pupilId": "805234"
    },
    {
        "firstName": "Umanga",
        "lastName": "Madawala",
        "gradeId": 1,
        "pupilId": "261285"
    },
    {
        "firstName": "Umanga",
        "lastName": "Madawala",
        "gradeId": 1,
        "pupilId": "610671"
    },
    {
        "firstName": "Umanga",
        "lastName": "Madawala",
        "gradeId": 1,
        "classId": 1,
        "infix": "NewMCUser",
        "isDisabled": false,
        "email": "test@mail.com",
        "pupilId": "367269"
    },
    {
        "firstName": "Umanga",
        "lastName": "Madawala",
        "gradeId": 1,
        "pupilId": "719034"
    },
    {
        "firstName": "Umanga",
        "lastName": "Madawala",
        "gradeId": 1,
        "pupilId": "618126"
    },
    {
        "firstName": "Umanga",
        "lastName": "Madawala",
        "gradeId": 1,
        "pupilId": "326235"
    },
    {
        "firstName": "Umanga",
        "lastName": "Madawala",
        "gradeId": 1,
        "pupilId": "871874"
    },
    {
        "firstName": "Umanga",
        "lastName": "Madawala",
        "gradeId": 1,
        "pupilId": "735485"
    },
    {
        "firstName": "Umanga",
        "lastName": "Madawala",
        "gradeId": 1,
        "pupilId": "540601"
    }
]
HTTP/1.1 200 OK
X-Powered-By: Express
Content-Type: application/json; charset=utf-8
Content-Length: 4389
ETag: W/"1125-DYVVWFJUg7fkrgipdNGl9Ys4dt0"
Date: Sat, 20 Mar 2021 11:01:04 GMT
Connection: keep-alive

[
    {
        "pupilId": "1420887",
        "firstName": "Newmcuser",
        "infix": "NewMCUser",
        "lastName": "Nu",
        "classId": 88034,
        "gradeId": 8,
        "email": null,
        "isDisabled": false
    },
    {
        "pupilId": "1420888",
        "firstName": "Zerdarovic",
        "infix": null,
        "lastName": "Biyikovskiy",
        "classId": 88034,
        "gradeId": 8,
        "email": null,
        "isDisabled": false
    },
    {
        "pupilId": "1420889",
        "firstName": "Mcteam",
        "infix": null,
        "lastName": "Test",
        "classId": 88035,
        "gradeId": 6,
        "email": null,
        "isDisabled": false
    },
    {
        "pupilId": "1420896",
        "firstName": "Warren",
        "infix": null,
        "lastName": "Barguil",
        "classId": 88041,
        "gradeId": 5,
        "email": null,
        "isDisabled": false
    },
    {
        "pupilId": "1420897",
        "firstName": "Lillian",
        "infix": null,
        "lastName": "Calmejean",
        "classId": 88041,
        "gradeId": 5,
        "email": null,
        "isDisabled": false
    },
    {
        "pupilId": "1420893",
        "firstName": "Wim",
        "infix": null,
        "lastName": "van der Horst",
        "classId": 88042,
        "gradeId": 4,
        "email": null,
        "isDisabled": false
    },
    {
        "pupilId": "1420894",
        "firstName": "Willen",
        "infix": null,
        "lastName": "Wever",
        "classId": 88042,
        "gradeId": 4,
        "email": null,
        "isDisabled": false
    },
    {
        "firstName": "Umanga",
        "lastName": "Madawala",
        "gradeId": 1,
        "pupilId": "321560"
    },
    {
        "firstName": "Umanga",
        "lastName": "Madawala",
        "gradeId": 1,
        "classId": 1,
        "infix": "NewMCUser",
        "isDisabled": false,
        "email": "test@mail.com",
        "pupilId": "353161"
    },
    {
        "firstName": "Umanga",
        "lastName": "Madawala",
        "gradeId": 1,
        "pupilId": "584880"
    },
    {
        "firstName": "Umanga",
        "lastName": "Madawala",
        "gradeId": 1,
        "pupilId": "867608"
    },
    {
        "firstName": "Umanga",
        "lastName": "Madawala",
        "gradeId": 1,
        "pupilId": "369546"
    },
    {
        "firstName": "Umanga",
        "lastName": "Madawala",
        "gradeId": 1,
        "pupilId": "742795"
    },
    {
        "firstName": "Umanga",
        "lastName": "Madawala",
        "gradeId": 1,
        "pupilId": "855336"
    },
    {
        "firstName": "Umanga",
        "lastName": "Madawala",
        "gradeId": 1,
        "pupilId": "571485"
    },
    {
        "firstName": "Umanga",
        "lastName": "Madawala",
        "gradeId": 1,
        "pupilId": "491294"
    },
    {
        "firstName": "Umanga",
        "lastName": "Madawala",
        "gradeId": 1,
        "classId": 1,
        "infix": "NewMCUser",
        "isDisabled": false,
        "email": "test@mail.com",
        "pupilId": "531549"
    },
    {
        "firstName": "Umanga",
        "lastName": "Madawala",
        "gradeId": 1,
        "pupilId": "111195"
    },
    {
        "firstName": "Umanga",
        "lastName": "Madawala",
        "gradeId": 1,
        "pupilId": "722999"
    },
    {
        "firstName": "Umanga",
        "lastName": "Madawala",
        "gradeId": 1,
        "pupilId": "769352"
    },
    {
        "firstName": "Umanga",
        "lastName": "Madawala",
        "gradeId": 1,
        "pupilId": "604039"
    },
    {
        "firstName": "Umanga",
        "lastName": "Madawala",
        "gradeId": 1,
        "pupilId": "475789"
    },
    {
        "firstName": "Umanga",
        "lastName": "Madawala",
        "gradeId": 1,
        "pupilId": "653478"
    },
    {
        "firstName": "Umanga",
        "lastName": "Madawala",
        "gradeId": 1,
        "pupilId": "992406"
    },
    {
        "firstName": "Umanga",
        "lastName": "Madawala",
        "gradeId": 1,
        "classId": 1,
        "infix": "NewMCUser",
        "isDisabled": false,
        "email": "test@mail.com",
        "pupilId": "852333"
    },
    {
        "firstName": "Umanga",
        "lastName": "Madawala",
        "gradeId": 1,
        "pupilId": "576140"
    },
    {
        "firstName": "Umanga",
        "lastName": "Madawala",
        "gradeId": 1,
        "pupilId": "277806"
    },
    {
        "firstName": "Umanga",
        "lastName": "Madawala",
        "gradeId": 1,
        "pupilId": "654432"
    },
    {
        "firstName": "Umanga",
        "lastName": "Madawala",
        "gradeId": 1,
        "pupilId": "453607"
    },
    {
        "firstName": "Umanga",
        "lastName": "Madawala",
        "gradeId": 1,
        "pupilId": "857034"
    },
    {
        "firstName": "Umanga",
        "lastName": "Madawala",
        "gradeId": 1,
        "pupilId": "855711"
    },
    {
        "firstName": "Umanga",
        "lastName": "Madawala",
        "gradeId": 1,
        "pupilId": "432448"
    },
    {
        "firstName": "Umanga",
        "lastName": "Madawala",
        "gradeId": 1,
        "classId": 1,
        "infix": "NewMCUser",
        "isDisabled": false,
        "email": "test@mail.com",
        "pupilId": "101201"
    },
    {
        "firstName": "Umanga",
        "lastName": "Madawala",
        "gradeId": 1,
        "pupilId": "998521"
    },
    {
        "firstName": "Umanga",
        "lastName": "Madawala",
        "gradeId": 1,
        "pupilId": "698925"
    },
    {
        "firstName": "Umanga",
        "lastName": "Madawala",
        "gradeId": 1,
        "pupilId": "917261"
    },
    {
        "firstName": "Umanga",
        "lastName": "Madawala",
        "gradeId": 1,
        "pupilId": "873510"
    },
    {
        "firstName": "Umanga",
        "lastName": "Madawala",
        "gradeId": 1,
        "pupilId": "805234"
    },
    {
        "firstName": "Umanga",
        "lastName": "Madawala",
        "gradeId": 1,
        "pupilId": "261285"
    },
    {
        "firstName": "Umanga",
        "lastName": "Madawala",
        "gradeId": 1,
        "pupilId": "610671"
    },
    {
        "firstName": "Umanga",
        "lastName": "Madawala",
        "gradeId": 1,
        "classId": 1,
        "infix": "NewMCUser",
        "isDisabled": false,
        "email": "test@mail.com",
        "pupilId": "367269"
    },
    {
        "firstName": "Umanga",
        "lastName": "Madawala",
        "gradeId": 1,
        "pupilId": "719034"
    },
    {
        "firstName": "Umanga",
        "lastName": "Madawala",
        "gradeId": 1,
        "pupilId": "618126"
    },
    {
        "firstName": "Umanga",
        "lastName": "Madawala",
        "gradeId": 1,
        "pupilId": "326235"
    },
    {
        "firstName": "Umanga",
        "lastName": "Madawala",
        "gradeId": 1,
        "pupilId": "871874"
    },
    {
        "firstName": "Umanga",
        "lastName": "Madawala",
        "gradeId": 1,
        "pupilId": "735485"
    },
    {
        "firstName": "Umanga",
        "lastName": "Madawala",
        "gradeId": 1,
        "pupilId": "540601"
    }
]
HTTP/1.1 200 OK
X-Powered-By: Express
Content-Type: application/json; charset=utf-8
Content-Length: 4389
ETag: W/"1125-DYVVWFJUg7fkrgipdNGl9Ys4dt0"
Date: Sat, 20 Mar 2021 11:01:04 GMT
Connection: keep-alive

[
    {
        "pupilId": "1420887",
        "firstName": "Newmcuser",
        "infix": "NewMCUser",
        "lastName": "Nu",
        "classId": 88034,
        "gradeId": 8,
        "email": null,
        "isDisabled": false
    },
    {
        "pupilId": "1420888",
        "firstName": "Zerdarovic",
        "infix": null,
        "lastName": "Biyikovskiy",
        "classId": 88034,
        "gradeId": 8,
        "email": null,
        "isDisabled": false
    },
    {
        "pupilId": "1420889",
        "firstName": "Mcteam",
        "infix": null,
        "lastName": "Test",
        "classId": 88035,
        "gradeId": 6,
        "email": null,
        "isDisabled": false
    },
    {
        "pupilId": "1420896",
        "firstName": "Warren",
        "infix": null,
        "lastName": "Barguil",
        "classId": 88041,
        "gradeId": 5,
        "email": null,
        "isDisabled": false
    },
    {
        "pupilId": "1420897",
        "firstName": "Lillian",
        "infix": null,
        "lastName": "Calmejean",
        "classId": 88041,
        "gradeId": 5,
        "email": null,
        "isDisabled": false
    },
    {
        "pupilId": "1420893",
        "firstName": "Wim",
        "infix": null,
        "lastName": "van der Horst",
        "classId": 88042,
        "gradeId": 4,
        "email": null,
        "isDisabled": false
    },
    {
        "pupilId": "1420894",
        "firstName": "Willen",
        "infix": null,
        "lastName": "Wever",
        "classId": 88042,
        "gradeId": 4,
        "email": null,
        "isDisabled": false
    },
    {
        "firstName": "Umanga",
        "lastName": "Madawala",
        "gradeId": 1,
        "pupilId": "321560"
    },
    {
        "firstName": "Umanga",
        "lastName": "Madawala",
        "gradeId": 1,
        "classId": 1,
        "infix": "NewMCUser",
        "isDisabled": false,
        "email": "test@mail.com",
        "pupilId": "353161"
    },
    {
        "firstName": "Umanga",
        "lastName": "Madawala",
        "gradeId": 1,
        "pupilId": "584880"
    },
    {
        "firstName": "Umanga",
        "lastName": "Madawala",
        "gradeId": 1,
        "pupilId": "867608"
    },
    {
        "firstName": "Umanga",
        "lastName": "Madawala",
        "gradeId": 1,
        "pupilId": "369546"
    },
    {
        "firstName": "Umanga",
        "lastName": "Madawala",
        "gradeId": 1,
        "pupilId": "742795"
    },
    {
        "firstName": "Umanga",
        "lastName": "Madawala",
        "gradeId": 1,
        "pupilId": "855336"
    },
    {
        "firstName": "Umanga",
        "lastName": "Madawala",
        "gradeId": 1,
        "pupilId": "571485"
    },
    {
        "firstName": "Umanga",
        "lastName": "Madawala",
        "gradeId": 1,
        "pupilId": "491294"
    },
    {
        "firstName": "Umanga",
        "lastName": "Madawala",
        "gradeId": 1,
        "classId": 1,
        "infix": "NewMCUser",
        "isDisabled": false,
        "email": "test@mail.com",
        "pupilId": "531549"
    },
    {
        "firstName": "Umanga",
        "lastName": "Madawala",
        "gradeId": 1,
        "pupilId": "111195"
    },
    {
        "firstName": "Umanga",
        "lastName": "Madawala",
        "gradeId": 1,
        "pupilId": "722999"
    },
    {
        "firstName": "Umanga",
        "lastName": "Madawala",
        "gradeId": 1,
        "pupilId": "769352"
    },
    {
        "firstName": "Umanga",
        "lastName": "Madawala",
        "gradeId": 1,
        "pupilId": "604039"
    },
    {
        "firstName": "Umanga",
        "lastName": "Madawala",
        "gradeId": 1,
        "pupilId": "475789"
    },
    {
        "firstName": "Umanga",
        "lastName": "Madawala",
        "gradeId": 1,
        "pupilId": "653478"
    },
    {
        "firstName": "Umanga",
        "lastName": "Madawala",
        "gradeId": 1,
        "pupilId": "992406"
    },
    {
        "firstName": "Umanga",
        "lastName": "Madawala",
        "gradeId": 1,
        "classId": 1,
        "infix": "NewMCUser",
        "isDisabled": false,
        "email": "test@mail.com",
        "pupilId": "852333"
    },
    {
        "firstName": "Umanga",
        "lastName": "Madawala",
        "gradeId": 1,
        "pupilId": "576140"
    },
    {
        "firstName": "Umanga",
        "lastName": "Madawala",
        "gradeId": 1,
        "pupilId": "277806"
    },
    {
        "firstName": "Umanga",
        "lastName": "Madawala",
        "gradeId": 1,
        "pupilId": "654432"
    },
    {
        "firstName": "Umanga",
        "lastName": "Madawala",
        "gradeId": 1,
        "pupilId": "453607"
    },
    {
        "firstName": "Umanga",
        "lastName": "Madawala",
        "gradeId": 1,
        "pupilId": "857034"
    },
    {
        "firstName": "Umanga",
        "lastName": "Madawala",
        "gradeId": 1,
        "pupilId": "855711"
    },
    {
        "firstName": "Umanga",
        "lastName": "Madawala",
        "gradeId": 1,
        "pupilId": "432448"
    },
    {
        "firstName": "Umanga",
        "lastName": "Madawala",
        "gradeId": 1,
        "classId": 1,
        "infix": "NewMCUser",
        "isDisabled": false,
        "email": "test@mail.com",
        "pupilId": "101201"
    },
    {
        "firstName": "Umanga",
        "lastName": "Madawala",
        "gradeId": 1,
        "pupilId": "998521"
    },
    {
        "firstName": "Umanga",
        "lastName": "Madawala",
        "gradeId": 1,
        "pupilId": "698925"
    },
    {
        "firstName": "Umanga",
        "lastName": "Madawala",
        "gradeId": 1,
        "pupilId": "917261"
    },
    {
        "firstName": "Umanga",
        "lastName": "Madawala",
        "gradeId": 1,
        "pupilId": "873510"
    },
    {
        "firstName": "Umanga",
        "lastName": "Madawala",
        "gradeId": 1,
        "pupilId": "805234"
    },
    {
        "firstName": "Umanga",
        "lastName": "Madawala",
        "gradeId": 1,
        "pupilId": "261285"
    },
    {
        "firstName": "Umanga",
        "lastName": "Madawala",
        "gradeId": 1,
        "pupilId": "610671"
    },
    {
        "firstName": "Umanga",
        "lastName": "Madawala",
        "gradeId": 1,
        "classId": 1,
        "infix": "NewMCUser",
        "isDisabled": false,
        "email": "test@mail.com",
        "pupilId": "367269"
    },
    {
        "firstName": "Umanga",
        "lastName": "Madawala",
        "gradeId": 1,
        "pupilId": "719034"
    },
    {
        "firstName": "Umanga",
        "lastName": "Madawala",
        "gradeId": 1,
        "pupilId": "618126"
    },
    {
        "firstName": "Umanga",
        "lastName": "Madawala",
        "gradeId": 1,
        "pupilId": "326235"
    },
    {
        "firstName": "Umanga",
        "lastName": "Madawala",
        "gradeId": 1,
        "pupilId": "871874"
    },
    {
        "firstName": "Umanga",
        "lastName": "Madawala",
        "gradeId": 1,
        "pupilId": "735485"
    },
    {
        "firstName": "Umanga",
        "lastName": "Madawala",
        "gradeId": 1,
        "pupilId": "540601"
    }
]
HTTP/1.1 200 OK
X-Powered-By: Express
Content-Type: application/json; charset=utf-8
Content-Length: 4389
ETag: W/"1125-DYVVWFJUg7fkrgipdNGl9Ys4dt0"
Date: Sat, 20 Mar 2021 11:01:04 GMT
Connection: keep-alive

[
    {
        "pupilId": "1420887",
        "firstName": "Newmcuser",
        "infix": "NewMCUser",
        "lastName": "Nu",
        "classId": 88034,
        "gradeId": 8,
        "email": null,
        "isDisabled": false
    },
    {
        "pupilId": "1420888",
        "firstName": "Zerdarovic",
        "infix": null,
        "lastName": "Biyikovskiy",
        "classId": 88034,
        "gradeId": 8,
        "email": null,
        "isDisabled": false
    },
    {
        "pupilId": "1420889",
        "firstName": "Mcteam",
        "infix": null,
        "lastName": "Test",
        "classId": 88035,
        "gradeId": 6,
        "email": null,
        "isDisabled": false
    },
    {
        "pupilId": "1420896",
        "firstName": "Warren",
        "infix": null,
        "lastName": "Barguil",
        "classId": 88041,
        "gradeId": 5,
        "email": null,
        "isDisabled": false
    },
    {
        "pupilId": "1420897",
        "firstName": "Lillian",
        "infix": null,
        "lastName": "Calmejean",
        "classId": 88041,
        "gradeId": 5,
        "email": null,
        "isDisabled": false
    },
    {
        "pupilId": "1420893",
        "firstName": "Wim",
        "infix": null,
        "lastName": "van der Horst",
        "classId": 88042,
        "gradeId": 4,
        "email": null,
        "isDisabled": false
    },
    {
        "pupilId": "1420894",
        "firstName": "Willen",
        "infix": null,
        "lastName": "Wever",
        "classId": 88042,
        "gradeId": 4,
        "email": null,
        "isDisabled": false
    },
    {
        "firstName": "Umanga",
        "lastName": "Madawala",
        "gradeId": 1,
        "pupilId": "321560"
    },
    {
        "firstName": "Umanga",
        "lastName": "Madawala",
        "gradeId": 1,
        "classId": 1,
        "infix": "NewMCUser",
        "isDisabled": false,
        "email": "test@mail.com",
        "pupilId": "353161"
    },
    {
        "firstName": "Umanga",
        "lastName": "Madawala",
        "gradeId": 1,
        "pupilId": "584880"
    },
    {
        "firstName": "Umanga",
        "lastName": "Madawala",
        "gradeId": 1,
        "pupilId": "867608"
    },
    {
        "firstName": "Umanga",
        "lastName": "Madawala",
        "gradeId": 1,
        "pupilId": "369546"
    },
    {
        "firstName": "Umanga",
        "lastName": "Madawala",
        "gradeId": 1,
        "pupilId": "742795"
    },
    {
        "firstName": "Umanga",
        "lastName": "Madawala",
        "gradeId": 1,
        "pupilId": "855336"
    },
    {
        "firstName": "Umanga",
        "lastName": "Madawala",
        "gradeId": 1,
        "pupilId": "571485"
    },
    {
        "firstName": "Umanga",
        "lastName": "Madawala",
        "gradeId": 1,
        "pupilId": "491294"
    },
    {
        "firstName": "Umanga",
        "lastName": "Madawala",
        "gradeId": 1,
        "classId": 1,
        "infix": "NewMCUser",
        "isDisabled": false,
        "email": "test@mail.com",
        "pupilId": "531549"
    },
    {
        "firstName": "Umanga",
        "lastName": "Madawala",
        "gradeId": 1,
        "pupilId": "111195"
    },
    {
        "firstName": "Umanga",
        "lastName": "Madawala",
        "gradeId": 1,
        "pupilId": "722999"
    },
    {
        "firstName": "Umanga",
        "lastName": "Madawala",
        "gradeId": 1,
        "pupilId": "769352"
    },
    {
        "firstName": "Umanga",
        "lastName": "Madawala",
        "gradeId": 1,
        "pupilId": "604039"
    },
    {
        "firstName": "Umanga",
        "lastName": "Madawala",
        "gradeId": 1,
        "pupilId": "475789"
    },
    {
        "firstName": "Umanga",
        "lastName": "Madawala",
        "gradeId": 1,
        "pupilId": "653478"
    },
    {
        "firstName": "Umanga",
        "lastName": "Madawala",
        "gradeId": 1,
        "pupilId": "992406"
    },
    {
        "firstName": "Umanga",
        "lastName": "Madawala",
        "gradeId": 1,
        "classId": 1,
        "infix": "NewMCUser",
        "isDisabled": false,
        "email": "test@mail.com",
        "pupilId": "852333"
    },
    {
        "firstName": "Umanga",
        "lastName": "Madawala",
        "gradeId": 1,
        "pupilId": "576140"
    },
    {
        "firstName": "Umanga",
        "lastName": "Madawala",
        "gradeId": 1,
        "pupilId": "277806"
    },
    {
        "firstName": "Umanga",
        "lastName": "Madawala",
        "gradeId": 1,
        "pupilId": "654432"
    },
    {
        "firstName": "Umanga",
        "lastName": "Madawala",
        "gradeId": 1,
        "pupilId": "453607"
    },
    {
        "firstName": "Umanga",
        "lastName": "Madawala",
        "gradeId": 1,
        "pupilId": "857034"
    },
    {
        "firstName": "Umanga",
        "lastName": "Madawala",
        "gradeId": 1,
        "pupilId": "855711"
    },
    {
        "firstName": "Umanga",
        "lastName": "Madawala",
        "gradeId": 1,
        "pupilId": "432448"
    },
    {
        "firstName": "Umanga",
        "lastName": "Madawala",
        "gradeId": 1,
        "classId": 1,
        "infix": "NewMCUser",
        "isDisabled": false,
        "email": "test@mail.com",
        "pupilId": "101201"
    },
    {
        "firstName": "Umanga",
        "lastName": "Madawala",
        "gradeId": 1,
        "pupilId": "998521"
    },
    {
        "firstName": "Umanga",
        "lastName": "Madawala",
        "gradeId": 1,
        "pupilId": "698925"
    },
    {
        "firstName": "Umanga",
        "lastName": "Madawala",
        "gradeId": 1,
        "pupilId": "917261"
    },
    {
        "firstName": "Umanga",
        "lastName": "Madawala",
        "gradeId": 1,
        "pupilId": "873510"
    },
    {
        "firstName": "Umanga",
        "lastName": "Madawala",
        "gradeId": 1,
        "pupilId": "805234"
    },
    {
        "firstName": "Umanga",
        "lastName": "Madawala",
        "gradeId": 1,
        "pupilId": "261285"
    },
    {
        "firstName": "Umanga",
        "lastName": "Madawala",
        "gradeId": 1,
        "pupilId": "610671"
    },
    {
        "firstName": "Umanga",
        "lastName": "Madawala",
        "gradeId": 1,
        "classId": 1,
        "infix": "NewMCUser",
        "isDisabled": false,
        "email": "test@mail.com",
        "pupilId": "367269"
    },
    {
        "firstName": "Umanga",
        "lastName": "Madawala",
        "gradeId": 1,
        "pupilId": "719034"
    },
    {
        "firstName": "Umanga",
        "lastName": "Madawala",
        "gradeId": 1,
        "pupilId": "618126"
    },
    {
        "firstName": "Umanga",
        "lastName": "Madawala",
        "gradeId": 1,
        "pupilId": "326235"
    },
    {
        "firstName": "Umanga",
        "lastName": "Madawala",
        "gradeId": 1,
        "pupilId": "871874"
    },
    {
        "firstName": "Umanga",
        "lastName": "Madawala",
        "gradeId": 1,
        "pupilId": "735485"
    },
    {
        "firstName": "Umanga",
        "lastName": "Madawala",
        "gradeId": 1,
        "pupilId": "540601"
    }
]
HTTP/1.1 200 OK
X-Powered-By: Express
Content-Type: application/json; charset=utf-8
Content-Length: 4389
ETag: W/"1125-DYVVWFJUg7fkrgipdNGl9Ys4dt0"
Date: Sat, 20 Mar 2021 11:01:04 GMT
Connection: keep-alive

[
    {
        "pupilId": "1420887",
        "firstName": "Newmcuser",
        "infix": "NewMCUser",
        "lastName": "Nu",
        "classId": 88034,
        "gradeId": 8,
        "email": null,
        "isDisabled": false
    },
    {
        "pupilId": "1420888",
        "firstName": "Zerdarovic",
        "infix": null,
        "lastName": "Biyikovskiy",
        "classId": 88034,
        "gradeId": 8,
        "email": null,
        "isDisabled": false
    },
    {
        "pupilId": "1420889",
        "firstName": "Mcteam",
        "infix": null,
        "lastName": "Test",
        "classId": 88035,
        "gradeId": 6,
        "email": null,
        "isDisabled": false
    },
    {
        "pupilId": "1420896",
        "firstName": "Warren",
        "infix": null,
        "lastName": "Barguil",
        "classId": 88041,
        "gradeId": 5,
        "email": null,
        "isDisabled": false
    },
    {
        "pupilId": "1420897",
        "firstName": "Lillian",
        "infix": null,
        "lastName": "Calmejean",
        "classId": 88041,
        "gradeId": 5,
        "email": null,
        "isDisabled": false
    },
    {
        "pupilId": "1420893",
        "firstName": "Wim",
        "infix": null,
        "lastName": "van der Horst",
        "classId": 88042,
        "gradeId": 4,
        "email": null,
        "isDisabled": false
    },
    {
        "pupilId": "1420894",
        "firstName": "Willen",
        "infix": null,
        "lastName": "Wever",
        "classId": 88042,
        "gradeId": 4,
        "email": null,
        "isDisabled": false
    },
    {
        "firstName": "Umanga",
        "lastName": "Madawala",
        "gradeId": 1,
        "pupilId": "321560"
    },
    {
        "firstName": "Umanga",
        "lastName": "Madawala",
        "gradeId": 1,
        "classId": 1,
        "infix": "NewMCUser",
        "isDisabled": false,
        "email": "test@mail.com",
        "pupilId": "353161"
    },
    {
        "firstName": "Umanga",
        "lastName": "Madawala",
        "gradeId": 1,
        "pupilId": "584880"
    },
    {
        "firstName": "Umanga",
        "lastName": "Madawala",
        "gradeId": 1,
        "pupilId": "867608"
    },
    {
        "firstName": "Umanga",
        "lastName": "Madawala",
        "gradeId": 1,
        "pupilId": "369546"
    },
    {
        "firstName": "Umanga",
        "lastName": "Madawala",
        "gradeId": 1,
        "pupilId": "742795"
    },
    {
        "firstName": "Umanga",
        "lastName": "Madawala",
        "gradeId": 1,
        "pupilId": "855336"
    },
    {
        "firstName": "Umanga",
        "lastName": "Madawala",
        "gradeId": 1,
        "pupilId": "571485"
    },
    {
        "firstName": "Umanga",
        "lastName": "Madawala",
        "gradeId": 1,
        "pupilId": "491294"
    },
    {
        "firstName": "Umanga",
        "lastName": "Madawala",
        "gradeId": 1,
        "classId": 1,
        "infix": "NewMCUser",
        "isDisabled": false,
        "email": "test@mail.com",
        "pupilId": "531549"
    },
    {
        "firstName": "Umanga",
        "lastName": "Madawala",
        "gradeId": 1,
        "pupilId": "111195"
    },
    {
        "firstName": "Umanga",
        "lastName": "Madawala",
        "gradeId": 1,
        "pupilId": "722999"
    },
    {
        "firstName": "Umanga",
        "lastName": "Madawala",
        "gradeId": 1,
        "pupilId": "769352"
    },
    {
        "firstName": "Umanga",
        "lastName": "Madawala",
        "gradeId": 1,
        "pupilId": "604039"
    },
    {
        "firstName": "Umanga",
        "lastName": "Madawala",
        "gradeId": 1,
        "pupilId": "475789"
    },
    {
        "firstName": "Umanga",
        "lastName": "Madawala",
        "gradeId": 1,
        "pupilId": "653478"
    },
    {
        "firstName": "Umanga",
        "lastName": "Madawala",
        "gradeId": 1,
        "pupilId": "992406"
    },
    {
        "firstName": "Umanga",
        "lastName": "Madawala",
        "gradeId": 1,
        "classId": 1,
        "infix": "NewMCUser",
        "isDisabled": false,
        "email": "test@mail.com",
        "pupilId": "852333"
    },
    {
        "firstName": "Umanga",
        "lastName": "Madawala",
        "gradeId": 1,
        "pupilId": "576140"
    },
    {
        "firstName": "Umanga",
        "lastName": "Madawala",
        "gradeId": 1,
        "pupilId": "277806"
    },
    {
        "firstName": "Umanga",
        "lastName": "Madawala",
        "gradeId": 1,
        "pupilId": "654432"
    },
    {
        "firstName": "Umanga",
        "lastName": "Madawala",
        "gradeId": 1,
        "pupilId": "453607"
    },
    {
        "firstName": "Umanga",
        "lastName": "Madawala",
        "gradeId": 1,
        "pupilId": "857034"
    },
    {
        "firstName": "Umanga",
        "lastName": "Madawala",
        "gradeId": 1,
        "pupilId": "855711"
    },
    {
        "firstName": "Umanga",
        "lastName": "Madawala",
        "gradeId": 1,
        "pupilId": "432448"
    },
    {
        "firstName": "Umanga",
        "lastName": "Madawala",
        "gradeId": 1,
        "classId": 1,
        "infix": "NewMCUser",
        "isDisabled": false,
        "email": "test@mail.com",
        "pupilId": "101201"
    },
    {
        "firstName": "Umanga",
        "lastName": "Madawala",
        "gradeId": 1,
        "pupilId": "998521"
    },
    {
        "firstName": "Umanga",
        "lastName": "Madawala",
        "gradeId": 1,
        "pupilId": "698925"
    },
    {
        "firstName": "Umanga",
        "lastName": "Madawala",
        "gradeId": 1,
        "pupilId": "917261"
    },
    {
        "firstName": "Umanga",
        "lastName": "Madawala",
        "gradeId": 1,
        "pupilId": "873510"
    },
    {
        "firstName": "Umanga",
        "lastName": "Madawala",
        "gradeId": 1,
        "pupilId": "805234"
    },
    {
        "firstName": "Umanga",
        "lastName": "Madawala",
        "gradeId": 1,
        "pupilId": "261285"
    },
    {
        "firstName": "Umanga",
        "lastName": "Madawala",
        "gradeId": 1,
        "pupilId": "610671"
    },
    {
        "firstName": "Umanga",
        "lastName": "Madawala",
        "gradeId": 1,
        "classId": 1,
        "infix": "NewMCUser",
        "isDisabled": false,
        "email": "test@mail.com",
        "pupilId": "367269"
    },
    {
        "firstName": "Umanga",
        "lastName": "Madawala",
        "gradeId": 1,
        "pupilId": "719034"
    },
    {
        "firstName": "Umanga",
        "lastName": "Madawala",
        "gradeId": 1,
        "pupilId": "618126"
    },
    {
        "firstName": "Umanga",
        "lastName": "Madawala",
        "gradeId": 1,
        "pupilId": "326235"
    },
    {
        "firstName": "Umanga",
        "lastName": "Madawala",
        "gradeId": 1,
        "pupilId": "871874"
    },
    {
        "firstName": "Umanga",
        "lastName": "Madawala",
        "gradeId": 1,
        "pupilId": "735485"
    },
    {
        "firstName": "Umanga",
        "lastName": "Madawala",
        "gradeId": 1,
        "pupilId": "540601"
    }
]
HTTP/1.1 200 OK
X-Powered-By: Express
Content-Type: application/json; charset=utf-8
Content-Length: 4389
ETag: W/"1125-DYVVWFJUg7fkrgipdNGl9Ys4dt0"
Date: Sat, 20 Mar 2021 11:01:04 GMT
Connection: keep-alive

[
    {
        "pupilId": "1420887",
        "firstName": "Newmcuser",
        "infix": "NewMCUser",
        "lastName": "Nu",
        "classId": 88034,
        "gradeId": 8,
        "email": null,
        "isDisabled": false
    },
    {
        "pupilId": "1420888",
        "firstName": "Zerdarovic",
        "infix": null,
        "lastName": "Biyikovskiy",
        "classId": 88034,
        "gradeId": 8,
        "email": null,
        "isDisabled": false
    },
    {
        "pupilId": "1420889",
        "firstName": "Mcteam",
        "infix": null,
        "lastName": "Test",
        "classId": 88035,
        "gradeId": 6,
        "email": null,
        "isDisabled": false
    },
    {
        "pupilId": "1420896",
        "firstName": "Warren",
        "infix": null,
        "lastName": "Barguil",
        "classId": 88041,
        "gradeId": 5,
        "email": null,
        "isDisabled": false
    },
    {
        "pupilId": "1420897",
        "firstName": "Lillian",
        "infix": null,
        "lastName": "Calmejean",
        "classId": 88041,
        "gradeId": 5,
        "email": null,
        "isDisabled": false
    },
    {
        "pupilId": "1420893",
        "firstName": "Wim",
        "infix": null,
        "lastName": "van der Horst",
        "classId": 88042,
        "gradeId": 4,
        "email": null,
        "isDisabled": false
    },
    {
        "pupilId": "1420894",
        "firstName": "Willen",
        "infix": null,
        "lastName": "Wever",
        "classId": 88042,
        "gradeId": 4,
        "email": null,
        "isDisabled": false
    },
    {
        "firstName": "Umanga",
        "lastName": "Madawala",
        "gradeId": 1,
        "pupilId": "321560"
    },
    {
        "firstName": "Umanga",
        "lastName": "Madawala",
        "gradeId": 1,
        "classId": 1,
        "infix": "NewMCUser",
        "isDisabled": false,
        "email": "test@mail.com",
        "pupilId": "353161"
    },
    {
        "firstName": "Umanga",
        "lastName": "Madawala",
        "gradeId": 1,
        "pupilId": "584880"
    },
    {
        "firstName": "Umanga",
        "lastName": "Madawala",
        "gradeId": 1,
        "pupilId": "867608"
    },
    {
        "firstName": "Umanga",
        "lastName": "Madawala",
        "gradeId": 1,
        "pupilId": "369546"
    },
    {
        "firstName": "Umanga",
        "lastName": "Madawala",
        "gradeId": 1,
        "pupilId": "742795"
    },
    {
        "firstName": "Umanga",
        "lastName": "Madawala",
        "gradeId": 1,
        "pupilId": "855336"
    },
    {
        "firstName": "Umanga",
        "lastName": "Madawala",
        "gradeId": 1,
        "pupilId": "571485"
    },
    {
        "firstName": "Umanga",
        "lastName": "Madawala",
        "gradeId": 1,
        "pupilId": "491294"
    },
    {
        "firstName": "Umanga",
        "lastName": "Madawala",
        "gradeId": 1,
        "classId": 1,
        "infix": "NewMCUser",
        "isDisabled": false,
        "email": "test@mail.com",
        "pupilId": "531549"
    },
    {
        "firstName": "Umanga",
        "lastName": "Madawala",
        "gradeId": 1,
        "pupilId": "111195"
    },
    {
        "firstName": "Umanga",
        "lastName": "Madawala",
        "gradeId": 1,
        "pupilId": "722999"
    },
    {
        "firstName": "Umanga",
        "lastName": "Madawala",
        "gradeId": 1,
        "pupilId": "769352"
    },
    {
        "firstName": "Umanga",
        "lastName": "Madawala",
        "gradeId": 1,
        "pupilId": "604039"
    },
    {
        "firstName": "Umanga",
        "lastName": "Madawala",
        "gradeId": 1,
        "pupilId": "475789"
    },
    {
        "firstName": "Umanga",
        "lastName": "Madawala",
        "gradeId": 1,
        "pupilId": "653478"
    },
    {
        "firstName": "Umanga",
        "lastName": "Madawala",
        "gradeId": 1,
        "pupilId": "992406"
    },
    {
        "firstName": "Umanga",
        "lastName": "Madawala",
        "gradeId": 1,
        "classId": 1,
        "infix": "NewMCUser",
        "isDisabled": false,
        "email": "test@mail.com",
        "pupilId": "852333"
    },
    {
        "firstName": "Umanga",
        "lastName": "Madawala",
        "gradeId": 1,
        "pupilId": "576140"
    },
    {
        "firstName": "Umanga",
        "lastName": "Madawala",
        "gradeId": 1,
        "pupilId": "277806"
    },
    {
        "firstName": "Umanga",
        "lastName": "Madawala",
        "gradeId": 1,
        "pupilId": "654432"
    },
    {
        "firstName": "Umanga",
        "lastName": "Madawala",
        "gradeId": 1,
        "pupilId": "453607"
    },
    {
        "firstName": "Umanga",
        "lastName": "Madawala",
        "gradeId": 1,
        "pupilId": "857034"
    },
    {
        "firstName": "Umanga",
        "lastName": "Madawala",
        "gradeId": 1,
        "pupilId": "855711"
    },
    {
        "firstName": "Umanga",
        "lastName": "Madawala",
        "gradeId": 1,
        "pupilId": "432448"
    },
    {
        "firstName": "Umanga",
        "lastName": "Madawala",
        "gradeId": 1,
        "classId": 1,
        "infix": "NewMCUser",
        "isDisabled": false,
        "email": "test@mail.com",
        "pupilId": "101201"
    },
    {
        "firstName": "Umanga",
        "lastName": "Madawala",
        "gradeId": 1,
        "pupilId": "998521"
    },
    {
        "firstName": "Umanga",
        "lastName": "Madawala",
        "gradeId": 1,
        "pupilId": "698925"
    },
    {
        "firstName": "Umanga",
        "lastName": "Madawala",
        "gradeId": 1,
        "pupilId": "917261"
    },
    {
        "firstName": "Umanga",
        "lastName": "Madawala",
        "gradeId": 1,
        "pupilId": "873510"
    },
    {
        "firstName": "Umanga",
        "lastName": "Madawala",
        "gradeId": 1,
        "pupilId": "805234"
    },
    {
        "firstName": "Umanga",
        "lastName": "Madawala",
        "gradeId": 1,
        "pupilId": "261285"
    },
    {
        "firstName": "Umanga",
        "lastName": "Madawala",
        "gradeId": 1,
        "pupilId": "610671"
    },
    {
        "firstName": "Umanga",
        "lastName": "Madawala",
        "gradeId": 1,
        "classId": 1,
        "infix": "NewMCUser",
        "isDisabled": false,
        "email": "test@mail.com",
        "pupilId": "367269"
    },
    {
        "firstName": "Umanga",
        "lastName": "Madawala",
        "gradeId": 1,
        "pupilId": "719034"
    },
    {
        "firstName": "Umanga",
        "lastName": "Madawala",
        "gradeId": 1,
        "pupilId": "618126"
    },
    {
        "firstName": "Umanga",
        "lastName": "Madawala",
        "gradeId": 1,
        "pupilId": "326235"
    },
    {
        "firstName": "Umanga",
        "lastName": "Madawala",
        "gradeId": 1,
        "pupilId": "871874"
    },
    {
        "firstName": "Umanga",
        "lastName": "Madawala",
        "gradeId": 1,
        "pupilId": "735485"
    },
    {
        "firstName": "Umanga",
        "lastName": "Madawala",
        "gradeId": 1,
        "pupilId": "540601"
    }
]
HTTP/1.1 200 OK
X-Powered-By: Express
Content-Type: application/json; charset=utf-8
Content-Length: 4389
ETag: W/"1125-DYVVWFJUg7fkrgipdNGl9Ys4dt0"
Date: Sat, 20 Mar 2021 11:01:04 GMT
Connection: keep-alive

[
    {
        "pupilId": "1420887",
        "firstName": "Newmcuser",
        "infix": "NewMCUser",
        "lastName": "Nu",
        "classId": 88034,
        "gradeId": 8,
        "email": null,
        "isDisabled": false
    },
    {
        "pupilId": "1420888",
        "firstName": "Zerdarovic",
        "infix": null,
        "lastName": "Biyikovskiy",
        "classId": 88034,
        "gradeId": 8,
        "email": null,
        "isDisabled": false
    },
    {
        "pupilId": "1420889",
        "firstName": "Mcteam",
        "infix": null,
        "lastName": "Test",
        "classId": 88035,
        "gradeId": 6,
        "email": null,
        "isDisabled": false
    },
    {
        "pupilId": "1420896",
        "firstName": "Warren",
        "infix": null,
        "lastName": "Barguil",
        "classId": 88041,
        "gradeId": 5,
        "email": null,
        "isDisabled": false
    },
    {
        "pupilId": "1420897",
        "firstName": "Lillian",
        "infix": null,
        "lastName": "Calmejean",
        "classId": 88041,
        "gradeId": 5,
        "email": null,
        "isDisabled": false
    },
    {
        "pupilId": "1420893",
        "firstName": "Wim",
        "infix": null,
        "lastName": "van der Horst",
        "classId": 88042,
        "gradeId": 4,
        "email": null,
        "isDisabled": false
    },
    {
        "pupilId": "1420894",
        "firstName": "Willen",
        "infix": null,
        "lastName": "Wever",
        "classId": 88042,
        "gradeId": 4,
        "email": null,
        "isDisabled": false
    },
    {
        "firstName": "Umanga",
        "lastName": "Madawala",
        "gradeId": 1,
        "pupilId": "321560"
    },
    {
        "firstName": "Umanga",
        "lastName": "Madawala",
        "gradeId": 1,
        "classId": 1,
        "infix": "NewMCUser",
        "isDisabled": false,
        "email": "test@mail.com",
        "pupilId": "353161"
    },
    {
        "firstName": "Umanga",
        "lastName": "Madawala",
        "gradeId": 1,
        "pupilId": "584880"
    },
    {
        "firstName": "Umanga",
        "lastName": "Madawala",
        "gradeId": 1,
        "pupilId": "867608"
    },
    {
        "firstName": "Umanga",
        "lastName": "Madawala",
        "gradeId": 1,
        "pupilId": "369546"
    },
    {
        "firstName": "Umanga",
        "lastName": "Madawala",
        "gradeId": 1,
        "pupilId": "742795"
    },
    {
        "firstName": "Umanga",
        "lastName": "Madawala",
        "gradeId": 1,
        "pupilId": "855336"
    },
    {
        "firstName": "Umanga",
        "lastName": "Madawala",
        "gradeId": 1,
        "pupilId": "571485"
    },
    {
        "firstName": "Umanga",
        "lastName": "Madawala",
        "gradeId": 1,
        "pupilId": "491294"
    },
    {
        "firstName": "Umanga",
        "lastName": "Madawala",
        "gradeId": 1,
        "classId": 1,
        "infix": "NewMCUser",
        "isDisabled": false,
        "email": "test@mail.com",
        "pupilId": "531549"
    },
    {
        "firstName": "Umanga",
        "lastName": "Madawala",
        "gradeId": 1,
        "pupilId": "111195"
    },
    {
        "firstName": "Umanga",
        "lastName": "Madawala",
        "gradeId": 1,
        "pupilId": "722999"
    },
    {
        "firstName": "Umanga",
        "lastName": "Madawala",
        "gradeId": 1,
        "pupilId": "769352"
    },
    {
        "firstName": "Umanga",
        "lastName": "Madawala",
        "gradeId": 1,
        "pupilId": "604039"
    },
    {
        "firstName": "Umanga",
        "lastName": "Madawala",
        "gradeId": 1,
        "pupilId": "475789"
    },
    {
        "firstName": "Umanga",
        "lastName": "Madawala",
        "gradeId": 1,
        "pupilId": "653478"
    },
    {
        "firstName": "Umanga",
        "lastName": "Madawala",
        "gradeId": 1,
        "pupilId": "992406"
    },
    {
        "firstName": "Umanga",
        "lastName": "Madawala",
        "gradeId": 1,
        "classId": 1,
        "infix": "NewMCUser",
        "isDisabled": false,
        "email": "test@mail.com",
        "pupilId": "852333"
    },
    {
        "firstName": "Umanga",
        "lastName": "Madawala",
        "gradeId": 1,
        "pupilId": "576140"
    },
    {
        "firstName": "Umanga",
        "lastName": "Madawala",
        "gradeId": 1,
        "pupilId": "277806"
    },
    {
        "firstName": "Umanga",
        "lastName": "Madawala",
        "gradeId": 1,
        "pupilId": "654432"
    },
    {
        "firstName": "Umanga",
        "lastName": "Madawala",
        "gradeId": 1,
        "pupilId": "453607"
    },
    {
        "firstName": "Umanga",
        "lastName": "Madawala",
        "gradeId": 1,
        "pupilId": "857034"
    },
    {
        "firstName": "Umanga",
        "lastName": "Madawala",
        "gradeId": 1,
        "pupilId": "855711"
    },
    {
        "firstName": "Umanga",
        "lastName": "Madawala",
        "gradeId": 1,
        "pupilId": "432448"
    },
    {
        "firstName": "Umanga",
        "lastName": "Madawala",
        "gradeId": 1,
        "classId": 1,
        "infix": "NewMCUser",
        "isDisabled": false,
        "email": "test@mail.com",
        "pupilId": "101201"
    },
    {
        "firstName": "Umanga",
        "lastName": "Madawala",
        "gradeId": 1,
        "pupilId": "998521"
    },
    {
        "firstName": "Umanga",
        "lastName": "Madawala",
        "gradeId": 1,
        "pupilId": "698925"
    },
    {
        "firstName": "Umanga",
        "lastName": "Madawala",
        "gradeId": 1,
        "pupilId": "917261"
    },
    {
        "firstName": "Umanga",
        "lastName": "Madawala",
        "gradeId": 1,
        "pupilId": "873510"
    },
    {
        "firstName": "Umanga",
        "lastName": "Madawala",
        "gradeId": 1,
        "pupilId": "805234"
    },
    {
        "firstName": "Umanga",
        "lastName": "Madawala",
        "gradeId": 1,
        "pupilId": "261285"
    },
    {
        "firstName": "Umanga",
        "lastName": "Madawala",
        "gradeId": 1,
        "pupilId": "610671"
    },
    {
        "firstName": "Umanga",
        "lastName": "Madawala",
        "gradeId": 1,
        "classId": 1,
        "infix": "NewMCUser",
        "isDisabled": false,
        "email": "test@mail.com",
        "pupilId": "367269"
    },
    {
        "firstName": "Umanga",
        "lastName": "Madawala",
        "gradeId": 1,
        "pupilId": "719034"
    },
    {
        "firstName": "Umanga",
        "lastName": "Madawala",
        "gradeId": 1,
        "pupilId": "618126"
    },
    {
        "firstName": "Umanga",
        "lastName": "Madawala",
        "gradeId": 1,
        "pupilId": "326235"
    },
    {
        "firstName": "Umanga",
        "lastName": "Madawala",
        "gradeId": 1,
        "pupilId": "871874"
    },
    {
        "firstName": "Umanga",
        "lastName": "Madawala",
        "gradeId": 1,
        "pupilId": "735485"
    },
    {
        "firstName": "Umanga",
        "lastName": "Madawala",
        "gradeId": 1,
        "pupilId": "540601"
    }
]
HTTP/1.1 200 OK
X-Powered-By: Express
Content-Type: application/json; charset=utf-8
Content-Length: 4389
ETag: W/"1125-DYVVWFJUg7fkrgipdNGl9Ys4dt0"
Date: Sat, 20 Mar 2021 11:01:04 GMT
Connection: keep-alive

[
    {
        "pupilId": "1420887",
        "firstName": "Newmcuser",
        "infix": "NewMCUser",
        "lastName": "Nu",
        "classId": 88034,
        "gradeId": 8,
        "email": null,
        "isDisabled": false
    },
    {
        "pupilId": "1420888",
        "firstName": "Zerdarovic",
        "infix": null,
        "lastName": "Biyikovskiy",
        "classId": 88034,
        "gradeId": 8,
        "email": null,
        "isDisabled": false
    },
    {
        "pupilId": "1420889",
        "firstName": "Mcteam",
        "infix": null,
        "lastName": "Test",
        "classId": 88035,
        "gradeId": 6,
        "email": null,
        "isDisabled": false
    },
    {
        "pupilId": "1420896",
        "firstName": "Warren",
        "infix": null,
        "lastName": "Barguil",
        "classId": 88041,
        "gradeId": 5,
        "email": null,
        "isDisabled": false
    },
    {
        "pupilId": "1420897",
        "firstName": "Lillian",
        "infix": null,
        "lastName": "Calmejean",
        "classId": 88041,
        "gradeId": 5,
        "email": null,
        "isDisabled": false
    },
    {
        "pupilId": "1420893",
        "firstName": "Wim",
        "infix": null,
        "lastName": "van der Horst",
        "classId": 88042,
        "gradeId": 4,
        "email": null,
        "isDisabled": false
    },
    {
        "pupilId": "1420894",
        "firstName": "Willen",
        "infix": null,
        "lastName": "Wever",
        "classId": 88042,
        "gradeId": 4,
        "email": null,
        "isDisabled": false
    },
    {
        "firstName": "Umanga",
        "lastName": "Madawala",
        "gradeId": 1,
        "pupilId": "321560"
    },
    {
        "firstName": "Umanga",
        "lastName": "Madawala",
        "gradeId": 1,
        "classId": 1,
        "infix": "NewMCUser",
        "isDisabled": false,
        "email": "test@mail.com",
        "pupilId": "353161"
    },
    {
        "firstName": "Umanga",
        "lastName": "Madawala",
        "gradeId": 1,
        "pupilId": "584880"
    },
    {
        "firstName": "Umanga",
        "lastName": "Madawala",
        "gradeId": 1,
        "pupilId": "867608"
    },
    {
        "firstName": "Umanga",
        "lastName": "Madawala",
        "gradeId": 1,
        "pupilId": "369546"
    },
    {
        "firstName": "Umanga",
        "lastName": "Madawala",
        "gradeId": 1,
        "pupilId": "742795"
    },
    {
        "firstName": "Umanga",
        "lastName": "Madawala",
        "gradeId": 1,
        "pupilId": "855336"
    },
    {
        "firstName": "Umanga",
        "lastName": "Madawala",
        "gradeId": 1,
        "pupilId": "571485"
    },
    {
        "firstName": "Umanga",
        "lastName": "Madawala",
        "gradeId": 1,
        "pupilId": "491294"
    },
    {
        "firstName": "Umanga",
        "lastName": "Madawala",
        "gradeId": 1,
        "classId": 1,
        "infix": "NewMCUser",
        "isDisabled": false,
        "email": "test@mail.com",
        "pupilId": "531549"
    },
    {
        "firstName": "Umanga",
        "lastName": "Madawala",
        "gradeId": 1,
        "pupilId": "111195"
    },
    {
        "firstName": "Umanga",
        "lastName": "Madawala",
        "gradeId": 1,
        "pupilId": "722999"
    },
    {
        "firstName": "Umanga",
        "lastName": "Madawala",
        "gradeId": 1,
        "pupilId": "769352"
    },
    {
        "firstName": "Umanga",
        "lastName": "Madawala",
        "gradeId": 1,
        "pupilId": "604039"
    },
    {
        "firstName": "Umanga",
        "lastName": "Madawala",
        "gradeId": 1,
        "pupilId": "475789"
    },
    {
        "firstName": "Umanga",
        "lastName": "Madawala",
        "gradeId": 1,
        "pupilId": "653478"
    },
    {
        "firstName": "Umanga",
        "lastName": "Madawala",
        "gradeId": 1,
        "pupilId": "992406"
    },
    {
        "firstName": "Umanga",
        "lastName": "Madawala",
        "gradeId": 1,
        "classId": 1,
        "infix": "NewMCUser",
        "isDisabled": false,
        "email": "test@mail.com",
        "pupilId": "852333"
    },
    {
        "firstName": "Umanga",
        "lastName": "Madawala",
        "gradeId": 1,
        "pupilId": "576140"
    },
    {
        "firstName": "Umanga",
        "lastName": "Madawala",
        "gradeId": 1,
        "pupilId": "277806"
    },
    {
        "firstName": "Umanga",
        "lastName": "Madawala",
        "gradeId": 1,
        "pupilId": "654432"
    },
    {
        "firstName": "Umanga",
        "lastName": "Madawala",
        "gradeId": 1,
        "pupilId": "453607"
    },
    {
        "firstName": "Umanga",
        "lastName": "Madawala",
        "gradeId": 1,
        "pupilId": "857034"
    },
    {
        "firstName": "Umanga",
        "lastName": "Madawala",
        "gradeId": 1,
        "pupilId": "855711"
    },
    {
        "firstName": "Umanga",
        "lastName": "Madawala",
        "gradeId": 1,
        "pupilId": "432448"
    },
    {
        "firstName": "Umanga",
        "lastName": "Madawala",
        "gradeId": 1,
        "classId": 1,
        "infix": "NewMCUser",
        "isDisabled": false,
        "email": "test@mail.com",
        "pupilId": "101201"
    },
    {
        "firstName": "Umanga",
        "lastName": "Madawala",
        "gradeId": 1,
        "pupilId": "998521"
    },
    {
        "firstName": "Umanga",
        "lastName": "Madawala",
        "gradeId": 1,
        "pupilId": "698925"
    },
    {
        "firstName": "Umanga",
        "lastName": "Madawala",
        "gradeId": 1,
        "pupilId": "917261"
    },
    {
        "firstName": "Umanga",
        "lastName": "Madawala",
        "gradeId": 1,
        "pupilId": "873510"
    },
    {
        "firstName": "Umanga",
        "lastName": "Madawala",
        "gradeId": 1,
        "pupilId": "805234"
    },
    {
        "firstName": "Umanga",
        "lastName": "Madawala",
        "gradeId": 1,
        "pupilId": "261285"
    },
    {
        "firstName": "Umanga",
        "lastName": "Madawala",
        "gradeId": 1,
        "pupilId": "610671"
    },
    {
        "firstName": "Umanga",
        "lastName": "Madawala",
        "gradeId": 1,
        "classId": 1,
        "infix": "NewMCUser",
        "isDisabled": false,
        "email": "test@mail.com",
        "pupilId": "367269"
    },
    {
        "firstName": "Umanga",
        "lastName": "Madawala",
        "gradeId": 1,
        "pupilId": "719034"
    },
    {
        "firstName": "Umanga",
        "lastName": "Madawala",
        "gradeId": 1,
        "pupilId": "618126"
    },
    {
        "firstName": "Umanga",
        "lastName": "Madawala",
        "gradeId": 1,
        "pupilId": "326235"
    },
    {
        "firstName": "Umanga",
        "lastName": "Madawala",
        "gradeId": 1,
        "pupilId": "871874"
    },
    {
        "firstName": "Umanga",
        "lastName": "Madawala",
        "gradeId": 1,
        "pupilId": "735485"
    },
    {
        "firstName": "Umanga",
        "lastName": "Madawala",
        "gradeId": 1,
        "pupilId": "540601"
    }
]
HTTP/1.1 200 OK
X-Powered-By: Express
Content-Type: application/json; charset=utf-8
Content-Length: 4389
ETag: W/"1125-DYVVWFJUg7fkrgipdNGl9Ys4dt0"
Date: Sat, 20 Mar 2021 11:01:04 GMT
Connection: keep-alive

[
    {
        "pupilId": "1420887",
        "firstName": "Newmcuser",
        "infix": "NewMCUser",
        "lastName": "Nu",
        "classId": 88034,
        "gradeId": 8,
        "email": null,
        "isDisabled": false
    },
    {
        "pupilId": "1420888",
        "firstName": "Zerdarovic",
        "infix": null,
        "lastName": "Biyikovskiy",
        "classId": 88034,
        "gradeId": 8,
        "email": null,
        "isDisabled": false
    },
    {
        "pupilId": "1420889",
        "firstName": "Mcteam",
        "infix": null,
        "lastName": "Test",
        "classId": 88035,
        "gradeId": 6,
        "email": null,
        "isDisabled": false
    },
    {
        "pupilId": "1420896",
        "firstName": "Warren",
        "infix": null,
        "lastName": "Barguil",
        "classId": 88041,
        "gradeId": 5,
        "email": null,
        "isDisabled": false
    },
    {
        "pupilId": "1420897",
        "firstName": "Lillian",
        "infix": null,
        "lastName": "Calmejean",
        "classId": 88041,
        "gradeId": 5,
        "email": null,
        "isDisabled": false
    },
    {
        "pupilId": "1420893",
        "firstName": "Wim",
        "infix": null,
        "lastName": "van der Horst",
        "classId": 88042,
        "gradeId": 4,
        "email": null,
        "isDisabled": false
    },
    {
        "pupilId": "1420894",
        "firstName": "Willen",
        "infix": null,
        "lastName": "Wever",
        "classId": 88042,
        "gradeId": 4,
        "email": null,
        "isDisabled": false
    },
    {
        "firstName": "Umanga",
        "lastName": "Madawala",
        "gradeId": 1,
        "pupilId": "321560"
    },
    {
        "firstName": "Umanga",
        "lastName": "Madawala",
        "gradeId": 1,
        "classId": 1,
        "infix": "NewMCUser",
        "isDisabled": false,
        "email": "test@mail.com",
        "pupilId": "353161"
    },
    {
        "firstName": "Umanga",
        "lastName": "Madawala",
        "gradeId": 1,
        "pupilId": "584880"
    },
    {
        "firstName": "Umanga",
        "lastName": "Madawala",
        "gradeId": 1,
        "pupilId": "867608"
    },
    {
        "firstName": "Umanga",
        "lastName": "Madawala",
        "gradeId": 1,
        "pupilId": "369546"
    },
    {
        "firstName": "Umanga",
        "lastName": "Madawala",
        "gradeId": 1,
        "pupilId": "742795"
    },
    {
        "firstName": "Umanga",
        "lastName": "Madawala",
        "gradeId": 1,
        "pupilId": "855336"
    },
    {
        "firstName": "Umanga",
        "lastName": "Madawala",
        "gradeId": 1,
        "pupilId": "571485"
    },
    {
        "firstName": "Umanga",
        "lastName": "Madawala",
        "gradeId": 1,
        "pupilId": "491294"
    },
    {
        "firstName": "Umanga",
        "lastName": "Madawala",
        "gradeId": 1,
        "classId": 1,
        "infix": "NewMCUser",
        "isDisabled": false,
        "email": "test@mail.com",
        "pupilId": "531549"
    },
    {
        "firstName": "Umanga",
        "lastName": "Madawala",
        "gradeId": 1,
        "pupilId": "111195"
    },
    {
        "firstName": "Umanga",
        "lastName": "Madawala",
        "gradeId": 1,
        "pupilId": "722999"
    },
    {
        "firstName": "Umanga",
        "lastName": "Madawala",
        "gradeId": 1,
        "pupilId": "769352"
    },
    {
        "firstName": "Umanga",
        "lastName": "Madawala",
        "gradeId": 1,
        "pupilId": "604039"
    },
    {
        "firstName": "Umanga",
        "lastName": "Madawala",
        "gradeId": 1,
        "pupilId": "475789"
    },
    {
        "firstName": "Umanga",
        "lastName": "Madawala",
        "gradeId": 1,
        "pupilId": "653478"
    },
    {
        "firstName": "Umanga",
        "lastName": "Madawala",
        "gradeId": 1,
        "pupilId": "992406"
    },
    {
        "firstName": "Umanga",
        "lastName": "Madawala",
        "gradeId": 1,
        "classId": 1,
        "infix": "NewMCUser",
        "isDisabled": false,
        "email": "test@mail.com",
        "pupilId": "852333"
    },
    {
        "firstName": "Umanga",
        "lastName": "Madawala",
        "gradeId": 1,
        "pupilId": "576140"
    },
    {
        "firstName": "Umanga",
        "lastName": "Madawala",
        "gradeId": 1,
        "pupilId": "277806"
    },
    {
        "firstName": "Umanga",
        "lastName": "Madawala",
        "gradeId": 1,
        "pupilId": "654432"
    },
    {
        "firstName": "Umanga",
        "lastName": "Madawala",
        "gradeId": 1,
        "pupilId": "453607"
    },
    {
        "firstName": "Umanga",
        "lastName": "Madawala",
        "gradeId": 1,
        "pupilId": "857034"
    },
    {
        "firstName": "Umanga",
        "lastName": "Madawala",
        "gradeId": 1,
        "pupilId": "855711"
    },
    {
        "firstName": "Umanga",
        "lastName": "Madawala",
        "gradeId": 1,
        "pupilId": "432448"
    },
    {
        "firstName": "Umanga",
        "lastName": "Madawala",
        "gradeId": 1,
        "classId": 1,
        "infix": "NewMCUser",
        "isDisabled": false,
        "email": "test@mail.com",
        "pupilId": "101201"
    },
    {
        "firstName": "Umanga",
        "lastName": "Madawala",
        "gradeId": 1,
        "pupilId": "998521"
    },
    {
        "firstName": "Umanga",
        "lastName": "Madawala",
        "gradeId": 1,
        "pupilId": "698925"
    },
    {
        "firstName": "Umanga",
        "lastName": "Madawala",
        "gradeId": 1,
        "pupilId": "917261"
    },
    {
        "firstName": "Umanga",
        "lastName": "Madawala",
        "gradeId": 1,
        "pupilId": "873510"
    },
    {
        "firstName": "Umanga",
        "lastName": "Madawala",
        "gradeId": 1,
        "pupilId": "805234"
    },
    {
        "firstName": "Umanga",
        "lastName": "Madawala",
        "gradeId": 1,
        "pupilId": "261285"
    },
    {
        "firstName": "Umanga",
        "lastName": "Madawala",
        "gradeId": 1,
        "pupilId": "610671"
    },
    {
        "firstName": "Umanga",
        "lastName": "Madawala",
        "gradeId": 1,
        "classId": 1,
        "infix": "NewMCUser",
        "isDisabled": false,
        "email": "test@mail.com",
        "pupilId": "367269"
    },
    {
        "firstName": "Umanga",
        "lastName": "Madawala",
        "gradeId": 1,
        "pupilId": "719034"
    },
    {
        "firstName": "Umanga",
        "lastName": "Madawala",
        "gradeId": 1,
        "pupilId": "618126"
    },
    {
        "firstName": "Umanga",
        "lastName": "Madawala",
        "gradeId": 1,
        "pupilId": "326235"
    },
    {
        "firstName": "Umanga",
        "lastName": "Madawala",
        "gradeId": 1,
        "pupilId": "871874"
    },
    {
        "firstName": "Umanga",
        "lastName": "Madawala",
        "gradeId": 1,
        "pupilId": "735485"
    },
    {
        "firstName": "Umanga",
        "lastName": "Madawala",
        "gradeId": 1,
        "pupilId": "540601"
    }
]
Scenario Ended: User should be able to get all pupils if empty pupilId is sent
]]></system-out>
  </testcase>
  <testcase name="runScenario[&quot;User should be able to get all pupils created&quot;, &quot;Optional[Get Pupils request functional tests]&quot;](18)" classname="testRunner.TestNGTestRunner" time="1.42">
    <system-out><![CDATA[---------------------------------------------------------------------
Scenario Started: User should be able to get all pupils created
Request method:	GET
Request URI:	http://localhost:3000/pupils
Proxy:			<none>
Request params:	<none>
Query params:	<none>
Form params:	<none>
Path params:	<none>
Headers:		Accept=*/*
Cookies:		<none>
Multiparts:		<none>
Body:			<none>
Request method:	GET
Request URI:	http://localhost:3000/pupils
Proxy:			<none>
Request params:	<none>
Query params:	<none>
Form params:	<none>
Path params:	<none>
Headers:		Accept=*/*
Cookies:		<none>
Multiparts:		<none>
Body:			<none>
Request method:	GET
Request URI:	http://localhost:3000/pupils
Proxy:			<none>
Request params:	<none>
Query params:	<none>
Form params:	<none>
Path params:	<none>
Headers:		Accept=*/*
Cookies:		<none>
Multiparts:		<none>
Body:			<none>
Request method:	GET
Request URI:	http://localhost:3000/pupils
Proxy:			<none>
Request params:	<none>
Query params:	<none>
Form params:	<none>
Path params:	<none>
Headers:		Accept=*/*
Cookies:		<none>
Multiparts:		<none>
Body:			<none>
Request method:	GET
Request URI:	http://localhost:3000/pupils
Proxy:			<none>
Request params:	<none>
Query params:	<none>
Form params:	<none>
Path params:	<none>
Headers:		Accept=*/*
Cookies:		<none>
Multiparts:		<none>
Body:			<none>
Request method:	GET
Request URI:	http://localhost:3000/pupils
Proxy:			<none>
Request params:	<none>
Query params:	<none>
Form params:	<none>
Path params:	<none>
Headers:		Accept=*/*
Cookies:		<none>
Multiparts:		<none>
Body:			<none>
Request method:	GET
Request URI:	http://localhost:3000/pupils
Proxy:			<none>
Request params:	<none>
Query params:	<none>
Form params:	<none>
Path params:	<none>
Headers:		Accept=*/*
Cookies:		<none>
Multiparts:		<none>
Body:			<none>
Request method:	GET
Request URI:	http://localhost:3000/pupils
Proxy:			<none>
Request params:	<none>
Query params:	<none>
Form params:	<none>
Path params:	<none>
Headers:		Accept=*/*
Cookies:		<none>
Multiparts:		<none>
Body:			<none>
Request method:	GET
Request URI:	http://localhost:3000/pupils
Proxy:			<none>
Request params:	<none>
Query params:	<none>
Form params:	<none>
Path params:	<none>
Headers:		Accept=*/*
Cookies:		<none>
Multiparts:		<none>
Body:			<none>
Request method:	GET
Request URI:	http://localhost:3000/pupils
Proxy:			<none>
Request params:	<none>
Query params:	<none>
Form params:	<none>
Path params:	<none>
Headers:		Accept=*/*
Cookies:		<none>
Multiparts:		<none>
Body:			<none>
Request method:	GET
Request URI:	http://localhost:3000/pupils
Proxy:			<none>
Request params:	<none>
Query params:	<none>
Form params:	<none>
Path params:	<none>
Headers:		Accept=*/*
Cookies:		<none>
Multiparts:		<none>
Body:			<none>
HTTP/1.1 200 OK
X-Powered-By: Express
Content-Type: application/json; charset=utf-8
Content-Length: 4389
ETag: W/"1125-DYVVWFJUg7fkrgipdNGl9Ys4dt0"
Date: Sat, 20 Mar 2021 11:01:04 GMT
Connection: keep-alive

[
    {
        "pupilId": "1420887",
        "firstName": "Newmcuser",
        "infix": "NewMCUser",
        "lastName": "Nu",
        "classId": 88034,
        "gradeId": 8,
        "email": null,
        "isDisabled": false
    },
    {
        "pupilId": "1420888",
        "firstName": "Zerdarovic",
        "infix": null,
        "lastName": "Biyikovskiy",
        "classId": 88034,
        "gradeId": 8,
        "email": null,
        "isDisabled": false
    },
    {
        "pupilId": "1420889",
        "firstName": "Mcteam",
        "infix": null,
        "lastName": "Test",
        "classId": 88035,
        "gradeId": 6,
        "email": null,
        "isDisabled": false
    },
    {
        "pupilId": "1420896",
        "firstName": "Warren",
        "infix": null,
        "lastName": "Barguil",
        "classId": 88041,
        "gradeId": 5,
        "email": null,
        "isDisabled": false
    },
    {
        "pupilId": "1420897",
        "firstName": "Lillian",
        "infix": null,
        "lastName": "Calmejean",
        "classId": 88041,
        "gradeId": 5,
        "email": null,
        "isDisabled": false
    },
    {
        "pupilId": "1420893",
        "firstName": "Wim",
        "infix": null,
        "lastName": "van der Horst",
        "classId": 88042,
        "gradeId": 4,
        "email": null,
        "isDisabled": false
    },
    {
        "pupilId": "1420894",
        "firstName": "Willen",
        "infix": null,
        "lastName": "Wever",
        "classId": 88042,
        "gradeId": 4,
        "email": null,
        "isDisabled": false
    },
    {
        "firstName": "Umanga",
        "lastName": "Madawala",
        "gradeId": 1,
        "pupilId": "321560"
    },
    {
        "firstName": "Umanga",
        "lastName": "Madawala",
        "gradeId": 1,
        "classId": 1,
        "infix": "NewMCUser",
        "isDisabled": false,
        "email": "test@mail.com",
        "pupilId": "353161"
    },
    {
        "firstName": "Umanga",
        "lastName": "Madawala",
        "gradeId": 1,
        "pupilId": "584880"
    },
    {
        "firstName": "Umanga",
        "lastName": "Madawala",
        "gradeId": 1,
        "pupilId": "867608"
    },
    {
        "firstName": "Umanga",
        "lastName": "Madawala",
        "gradeId": 1,
        "pupilId": "369546"
    },
    {
        "firstName": "Umanga",
        "lastName": "Madawala",
        "gradeId": 1,
        "pupilId": "742795"
    },
    {
        "firstName": "Umanga",
        "lastName": "Madawala",
        "gradeId": 1,
        "pupilId": "855336"
    },
    {
        "firstName": "Umanga",
        "lastName": "Madawala",
        "gradeId": 1,
        "pupilId": "571485"
    },
    {
        "firstName": "Umanga",
        "lastName": "Madawala",
        "gradeId": 1,
        "pupilId": "491294"
    },
    {
        "firstName": "Umanga",
        "lastName": "Madawala",
        "gradeId": 1,
        "classId": 1,
        "infix": "NewMCUser",
        "isDisabled": false,
        "email": "test@mail.com",
        "pupilId": "531549"
    },
    {
        "firstName": "Umanga",
        "lastName": "Madawala",
        "gradeId": 1,
        "pupilId": "111195"
    },
    {
        "firstName": "Umanga",
        "lastName": "Madawala",
        "gradeId": 1,
        "pupilId": "722999"
    },
    {
        "firstName": "Umanga",
        "lastName": "Madawala",
        "gradeId": 1,
        "pupilId": "769352"
    },
    {
        "firstName": "Umanga",
        "lastName": "Madawala",
        "gradeId": 1,
        "pupilId": "604039"
    },
    {
        "firstName": "Umanga",
        "lastName": "Madawala",
        "gradeId": 1,
        "pupilId": "475789"
    },
    {
        "firstName": "Umanga",
        "lastName": "Madawala",
        "gradeId": 1,
        "pupilId": "653478"
    },
    {
        "firstName": "Umanga",
        "lastName": "Madawala",
        "gradeId": 1,
        "pupilId": "992406"
    },
    {
        "firstName": "Umanga",
        "lastName": "Madawala",
        "gradeId": 1,
        "classId": 1,
        "infix": "NewMCUser",
        "isDisabled": false,
        "email": "test@mail.com",
        "pupilId": "852333"
    },
    {
        "firstName": "Umanga",
        "lastName": "Madawala",
        "gradeId": 1,
        "pupilId": "576140"
    },
    {
        "firstName": "Umanga",
        "lastName": "Madawala",
        "gradeId": 1,
        "pupilId": "277806"
    },
    {
        "firstName": "Umanga",
        "lastName": "Madawala",
        "gradeId": 1,
        "pupilId": "654432"
    },
    {
        "firstName": "Umanga",
        "lastName": "Madawala",
        "gradeId": 1,
        "pupilId": "453607"
    },
    {
        "firstName": "Umanga",
        "lastName": "Madawala",
        "gradeId": 1,
        "pupilId": "857034"
    },
    {
        "firstName": "Umanga",
        "lastName": "Madawala",
        "gradeId": 1,
        "pupilId": "855711"
    },
    {
        "firstName": "Umanga",
        "lastName": "Madawala",
        "gradeId": 1,
        "pupilId": "432448"
    },
    {
        "firstName": "Umanga",
        "lastName": "Madawala",
        "gradeId": 1,
        "classId": 1,
        "infix": "NewMCUser",
        "isDisabled": false,
        "email": "test@mail.com",
        "pupilId": "101201"
    },
    {
        "firstName": "Umanga",
        "lastName": "Madawala",
        "gradeId": 1,
        "pupilId": "998521"
    },
    {
        "firstName": "Umanga",
        "lastName": "Madawala",
        "gradeId": 1,
        "pupilId": "698925"
    },
    {
        "firstName": "Umanga",
        "lastName": "Madawala",
        "gradeId": 1,
        "pupilId": "917261"
    },
    {
        "firstName": "Umanga",
        "lastName": "Madawala",
        "gradeId": 1,
        "pupilId": "873510"
    },
    {
        "firstName": "Umanga",
        "lastName": "Madawala",
        "gradeId": 1,
        "pupilId": "805234"
    },
    {
        "firstName": "Umanga",
        "lastName": "Madawala",
        "gradeId": 1,
        "pupilId": "261285"
    },
    {
        "firstName": "Umanga",
        "lastName": "Madawala",
        "gradeId": 1,
        "pupilId": "610671"
    },
    {
        "firstName": "Umanga",
        "lastName": "Madawala",
        "gradeId": 1,
        "classId": 1,
        "infix": "NewMCUser",
        "isDisabled": false,
        "email": "test@mail.com",
        "pupilId": "367269"
    },
    {
        "firstName": "Umanga",
        "lastName": "Madawala",
        "gradeId": 1,
        "pupilId": "719034"
    },
    {
        "firstName": "Umanga",
        "lastName": "Madawala",
        "gradeId": 1,
        "pupilId": "618126"
    },
    {
        "firstName": "Umanga",
        "lastName": "Madawala",
        "gradeId": 1,
        "pupilId": "326235"
    },
    {
        "firstName": "Umanga",
        "lastName": "Madawala",
        "gradeId": 1,
        "pupilId": "871874"
    },
    {
        "firstName": "Umanga",
        "lastName": "Madawala",
        "gradeId": 1,
        "pupilId": "735485"
    },
    {
        "firstName": "Umanga",
        "lastName": "Madawala",
        "gradeId": 1,
        "pupilId": "540601"
    }
]
HTTP/1.1 200 OK
X-Powered-By: Express
Content-Type: application/json; charset=utf-8
Content-Length: 4389
ETag: W/"1125-DYVVWFJUg7fkrgipdNGl9Ys4dt0"
Date: Sat, 20 Mar 2021 11:01:04 GMT
Connection: keep-alive

[
    {
        "pupilId": "1420887",
        "firstName": "Newmcuser",
        "infix": "NewMCUser",
        "lastName": "Nu",
        "classId": 88034,
        "gradeId": 8,
        "email": null,
        "isDisabled": false
    },
    {
        "pupilId": "1420888",
        "firstName": "Zerdarovic",
        "infix": null,
        "lastName": "Biyikovskiy",
        "classId": 88034,
        "gradeId": 8,
        "email": null,
        "isDisabled": false
    },
    {
        "pupilId": "1420889",
        "firstName": "Mcteam",
        "infix": null,
        "lastName": "Test",
        "classId": 88035,
        "gradeId": 6,
        "email": null,
        "isDisabled": false
    },
    {
        "pupilId": "1420896",
        "firstName": "Warren",
        "infix": null,
        "lastName": "Barguil",
        "classId": 88041,
        "gradeId": 5,
        "email": null,
        "isDisabled": false
    },
    {
        "pupilId": "1420897",
        "firstName": "Lillian",
        "infix": null,
        "lastName": "Calmejean",
        "classId": 88041,
        "gradeId": 5,
        "email": null,
        "isDisabled": false
    },
    {
        "pupilId": "1420893",
        "firstName": "Wim",
        "infix": null,
        "lastName": "van der Horst",
        "classId": 88042,
        "gradeId": 4,
        "email": null,
        "isDisabled": false
    },
    {
        "pupilId": "1420894",
        "firstName": "Willen",
        "infix": null,
        "lastName": "Wever",
        "classId": 88042,
        "gradeId": 4,
        "email": null,
        "isDisabled": false
    },
    {
        "firstName": "Umanga",
        "lastName": "Madawala",
        "gradeId": 1,
        "pupilId": "321560"
    },
    {
        "firstName": "Umanga",
        "lastName": "Madawala",
        "gradeId": 1,
        "classId": 1,
        "infix": "NewMCUser",
        "isDisabled": false,
        "email": "test@mail.com",
        "pupilId": "353161"
    },
    {
        "firstName": "Umanga",
        "lastName": "Madawala",
        "gradeId": 1,
        "pupilId": "584880"
    },
    {
        "firstName": "Umanga",
        "lastName": "Madawala",
        "gradeId": 1,
        "pupilId": "867608"
    },
    {
        "firstName": "Umanga",
        "lastName": "Madawala",
        "gradeId": 1,
        "pupilId": "369546"
    },
    {
        "firstName": "Umanga",
        "lastName": "Madawala",
        "gradeId": 1,
        "pupilId": "742795"
    },
    {
        "firstName": "Umanga",
        "lastName": "Madawala",
        "gradeId": 1,
        "pupilId": "855336"
    },
    {
        "firstName": "Umanga",
        "lastName": "Madawala",
        "gradeId": 1,
        "pupilId": "571485"
    },
    {
        "firstName": "Umanga",
        "lastName": "Madawala",
        "gradeId": 1,
        "pupilId": "491294"
    },
    {
        "firstName": "Umanga",
        "lastName": "Madawala",
        "gradeId": 1,
        "classId": 1,
        "infix": "NewMCUser",
        "isDisabled": false,
        "email": "test@mail.com",
        "pupilId": "531549"
    },
    {
        "firstName": "Umanga",
        "lastName": "Madawala",
        "gradeId": 1,
        "pupilId": "111195"
    },
    {
        "firstName": "Umanga",
        "lastName": "Madawala",
        "gradeId": 1,
        "pupilId": "722999"
    },
    {
        "firstName": "Umanga",
        "lastName": "Madawala",
        "gradeId": 1,
        "pupilId": "769352"
    },
    {
        "firstName": "Umanga",
        "lastName": "Madawala",
        "gradeId": 1,
        "pupilId": "604039"
    },
    {
        "firstName": "Umanga",
        "lastName": "Madawala",
        "gradeId": 1,
        "pupilId": "475789"
    },
    {
        "firstName": "Umanga",
        "lastName": "Madawala",
        "gradeId": 1,
        "pupilId": "653478"
    },
    {
        "firstName": "Umanga",
        "lastName": "Madawala",
        "gradeId": 1,
        "pupilId": "992406"
    },
    {
        "firstName": "Umanga",
        "lastName": "Madawala",
        "gradeId": 1,
        "classId": 1,
        "infix": "NewMCUser",
        "isDisabled": false,
        "email": "test@mail.com",
        "pupilId": "852333"
    },
    {
        "firstName": "Umanga",
        "lastName": "Madawala",
        "gradeId": 1,
        "pupilId": "576140"
    },
    {
        "firstName": "Umanga",
        "lastName": "Madawala",
        "gradeId": 1,
        "pupilId": "277806"
    },
    {
        "firstName": "Umanga",
        "lastName": "Madawala",
        "gradeId": 1,
        "pupilId": "654432"
    },
    {
        "firstName": "Umanga",
        "lastName": "Madawala",
        "gradeId": 1,
        "pupilId": "453607"
    },
    {
        "firstName": "Umanga",
        "lastName": "Madawala",
        "gradeId": 1,
        "pupilId": "857034"
    },
    {
        "firstName": "Umanga",
        "lastName": "Madawala",
        "gradeId": 1,
        "pupilId": "855711"
    },
    {
        "firstName": "Umanga",
        "lastName": "Madawala",
        "gradeId": 1,
        "pupilId": "432448"
    },
    {
        "firstName": "Umanga",
        "lastName": "Madawala",
        "gradeId": 1,
        "classId": 1,
        "infix": "NewMCUser",
        "isDisabled": false,
        "email": "test@mail.com",
        "pupilId": "101201"
    },
    {
        "firstName": "Umanga",
        "lastName": "Madawala",
        "gradeId": 1,
        "pupilId": "998521"
    },
    {
        "firstName": "Umanga",
        "lastName": "Madawala",
        "gradeId": 1,
        "pupilId": "698925"
    },
    {
        "firstName": "Umanga",
        "lastName": "Madawala",
        "gradeId": 1,
        "pupilId": "917261"
    },
    {
        "firstName": "Umanga",
        "lastName": "Madawala",
        "gradeId": 1,
        "pupilId": "873510"
    },
    {
        "firstName": "Umanga",
        "lastName": "Madawala",
        "gradeId": 1,
        "pupilId": "805234"
    },
    {
        "firstName": "Umanga",
        "lastName": "Madawala",
        "gradeId": 1,
        "pupilId": "261285"
    },
    {
        "firstName": "Umanga",
        "lastName": "Madawala",
        "gradeId": 1,
        "pupilId": "610671"
    },
    {
        "firstName": "Umanga",
        "lastName": "Madawala",
        "gradeId": 1,
        "classId": 1,
        "infix": "NewMCUser",
        "isDisabled": false,
        "email": "test@mail.com",
        "pupilId": "367269"
    },
    {
        "firstName": "Umanga",
        "lastName": "Madawala",
        "gradeId": 1,
        "pupilId": "719034"
    },
    {
        "firstName": "Umanga",
        "lastName": "Madawala",
        "gradeId": 1,
        "pupilId": "618126"
    },
    {
        "firstName": "Umanga",
        "lastName": "Madawala",
        "gradeId": 1,
        "pupilId": "326235"
    },
    {
        "firstName": "Umanga",
        "lastName": "Madawala",
        "gradeId": 1,
        "pupilId": "871874"
    },
    {
        "firstName": "Umanga",
        "lastName": "Madawala",
        "gradeId": 1,
        "pupilId": "735485"
    },
    {
        "firstName": "Umanga",
        "lastName": "Madawala",
        "gradeId": 1,
        "pupilId": "540601"
    }
]
HTTP/1.1 200 OK
X-Powered-By: Express
Content-Type: application/json; charset=utf-8
Content-Length: 4389
ETag: W/"1125-DYVVWFJUg7fkrgipdNGl9Ys4dt0"
Date: Sat, 20 Mar 2021 11:01:04 GMT
Connection: keep-alive

[
    {
        "pupilId": "1420887",
        "firstName": "Newmcuser",
        "infix": "NewMCUser",
        "lastName": "Nu",
        "classId": 88034,
        "gradeId": 8,
        "email": null,
        "isDisabled": false
    },
    {
        "pupilId": "1420888",
        "firstName": "Zerdarovic",
        "infix": null,
        "lastName": "Biyikovskiy",
        "classId": 88034,
        "gradeId": 8,
        "email": null,
        "isDisabled": false
    },
    {
        "pupilId": "1420889",
        "firstName": "Mcteam",
        "infix": null,
        "lastName": "Test",
        "classId": 88035,
        "gradeId": 6,
        "email": null,
        "isDisabled": false
    },
    {
        "pupilId": "1420896",
        "firstName": "Warren",
        "infix": null,
        "lastName": "Barguil",
        "classId": 88041,
        "gradeId": 5,
        "email": null,
        "isDisabled": false
    },
    {
        "pupilId": "1420897",
        "firstName": "Lillian",
        "infix": null,
        "lastName": "Calmejean",
        "classId": 88041,
        "gradeId": 5,
        "email": null,
        "isDisabled": false
    },
    {
        "pupilId": "1420893",
        "firstName": "Wim",
        "infix": null,
        "lastName": "van der Horst",
        "classId": 88042,
        "gradeId": 4,
        "email": null,
        "isDisabled": false
    },
    {
        "pupilId": "1420894",
        "firstName": "Willen",
        "infix": null,
        "lastName": "Wever",
        "classId": 88042,
        "gradeId": 4,
        "email": null,
        "isDisabled": false
    },
    {
        "firstName": "Umanga",
        "lastName": "Madawala",
        "gradeId": 1,
        "pupilId": "321560"
    },
    {
        "firstName": "Umanga",
        "lastName": "Madawala",
        "gradeId": 1,
        "classId": 1,
        "infix": "NewMCUser",
        "isDisabled": false,
        "email": "test@mail.com",
        "pupilId": "353161"
    },
    {
        "firstName": "Umanga",
        "lastName": "Madawala",
        "gradeId": 1,
        "pupilId": "584880"
    },
    {
        "firstName": "Umanga",
        "lastName": "Madawala",
        "gradeId": 1,
        "pupilId": "867608"
    },
    {
        "firstName": "Umanga",
        "lastName": "Madawala",
        "gradeId": 1,
        "pupilId": "369546"
    },
    {
        "firstName": "Umanga",
        "lastName": "Madawala",
        "gradeId": 1,
        "pupilId": "742795"
    },
    {
        "firstName": "Umanga",
        "lastName": "Madawala",
        "gradeId": 1,
        "pupilId": "855336"
    },
    {
        "firstName": "Umanga",
        "lastName": "Madawala",
        "gradeId": 1,
        "pupilId": "571485"
    },
    {
        "firstName": "Umanga",
        "lastName": "Madawala",
        "gradeId": 1,
        "pupilId": "491294"
    },
    {
        "firstName": "Umanga",
        "lastName": "Madawala",
        "gradeId": 1,
        "classId": 1,
        "infix": "NewMCUser",
        "isDisabled": false,
        "email": "test@mail.com",
        "pupilId": "531549"
    },
    {
        "firstName": "Umanga",
        "lastName": "Madawala",
        "gradeId": 1,
        "pupilId": "111195"
    },
    {
        "firstName": "Umanga",
        "lastName": "Madawala",
        "gradeId": 1,
        "pupilId": "722999"
    },
    {
        "firstName": "Umanga",
        "lastName": "Madawala",
        "gradeId": 1,
        "pupilId": "769352"
    },
    {
        "firstName": "Umanga",
        "lastName": "Madawala",
        "gradeId": 1,
        "pupilId": "604039"
    },
    {
        "firstName": "Umanga",
        "lastName": "Madawala",
        "gradeId": 1,
        "pupilId": "475789"
    },
    {
        "firstName": "Umanga",
        "lastName": "Madawala",
        "gradeId": 1,
        "pupilId": "653478"
    },
    {
        "firstName": "Umanga",
        "lastName": "Madawala",
        "gradeId": 1,
        "pupilId": "992406"
    },
    {
        "firstName": "Umanga",
        "lastName": "Madawala",
        "gradeId": 1,
        "classId": 1,
        "infix": "NewMCUser",
        "isDisabled": false,
        "email": "test@mail.com",
        "pupilId": "852333"
    },
    {
        "firstName": "Umanga",
        "lastName": "Madawala",
        "gradeId": 1,
        "pupilId": "576140"
    },
    {
        "firstName": "Umanga",
        "lastName": "Madawala",
        "gradeId": 1,
        "pupilId": "277806"
    },
    {
        "firstName": "Umanga",
        "lastName": "Madawala",
        "gradeId": 1,
        "pupilId": "654432"
    },
    {
        "firstName": "Umanga",
        "lastName": "Madawala",
        "gradeId": 1,
        "pupilId": "453607"
    },
    {
        "firstName": "Umanga",
        "lastName": "Madawala",
        "gradeId": 1,
        "pupilId": "857034"
    },
    {
        "firstName": "Umanga",
        "lastName": "Madawala",
        "gradeId": 1,
        "pupilId": "855711"
    },
    {
        "firstName": "Umanga",
        "lastName": "Madawala",
        "gradeId": 1,
        "pupilId": "432448"
    },
    {
        "firstName": "Umanga",
        "lastName": "Madawala",
        "gradeId": 1,
        "classId": 1,
        "infix": "NewMCUser",
        "isDisabled": false,
        "email": "test@mail.com",
        "pupilId": "101201"
    },
    {
        "firstName": "Umanga",
        "lastName": "Madawala",
        "gradeId": 1,
        "pupilId": "998521"
    },
    {
        "firstName": "Umanga",
        "lastName": "Madawala",
        "gradeId": 1,
        "pupilId": "698925"
    },
    {
        "firstName": "Umanga",
        "lastName": "Madawala",
        "gradeId": 1,
        "pupilId": "917261"
    },
    {
        "firstName": "Umanga",
        "lastName": "Madawala",
        "gradeId": 1,
        "pupilId": "873510"
    },
    {
        "firstName": "Umanga",
        "lastName": "Madawala",
        "gradeId": 1,
        "pupilId": "805234"
    },
    {
        "firstName": "Umanga",
        "lastName": "Madawala",
        "gradeId": 1,
        "pupilId": "261285"
    },
    {
        "firstName": "Umanga",
        "lastName": "Madawala",
        "gradeId": 1,
        "pupilId": "610671"
    },
    {
        "firstName": "Umanga",
        "lastName": "Madawala",
        "gradeId": 1,
        "classId": 1,
        "infix": "NewMCUser",
        "isDisabled": false,
        "email": "test@mail.com",
        "pupilId": "367269"
    },
    {
        "firstName": "Umanga",
        "lastName": "Madawala",
        "gradeId": 1,
        "pupilId": "719034"
    },
    {
        "firstName": "Umanga",
        "lastName": "Madawala",
        "gradeId": 1,
        "pupilId": "618126"
    },
    {
        "firstName": "Umanga",
        "lastName": "Madawala",
        "gradeId": 1,
        "pupilId": "326235"
    },
    {
        "firstName": "Umanga",
        "lastName": "Madawala",
        "gradeId": 1,
        "pupilId": "871874"
    },
    {
        "firstName": "Umanga",
        "lastName": "Madawala",
        "gradeId": 1,
        "pupilId": "735485"
    },
    {
        "firstName": "Umanga",
        "lastName": "Madawala",
        "gradeId": 1,
        "pupilId": "540601"
    }
]
HTTP/1.1 200 OK
X-Powered-By: Express
Content-Type: application/json; charset=utf-8
Content-Length: 4389
ETag: W/"1125-DYVVWFJUg7fkrgipdNGl9Ys4dt0"
Date: Sat, 20 Mar 2021 11:01:04 GMT
Connection: keep-alive

[
    {
        "pupilId": "1420887",
        "firstName": "Newmcuser",
        "infix": "NewMCUser",
        "lastName": "Nu",
        "classId": 88034,
        "gradeId": 8,
        "email": null,
        "isDisabled": false
    },
    {
        "pupilId": "1420888",
        "firstName": "Zerdarovic",
        "infix": null,
        "lastName": "Biyikovskiy",
        "classId": 88034,
        "gradeId": 8,
        "email": null,
        "isDisabled": false
    },
    {
        "pupilId": "1420889",
        "firstName": "Mcteam",
        "infix": null,
        "lastName": "Test",
        "classId": 88035,
        "gradeId": 6,
        "email": null,
        "isDisabled": false
    },
    {
        "pupilId": "1420896",
        "firstName": "Warren",
        "infix": null,
        "lastName": "Barguil",
        "classId": 88041,
        "gradeId": 5,
        "email": null,
        "isDisabled": false
    },
    {
        "pupilId": "1420897",
        "firstName": "Lillian",
        "infix": null,
        "lastName": "Calmejean",
        "classId": 88041,
        "gradeId": 5,
        "email": null,
        "isDisabled": false
    },
    {
        "pupilId": "1420893",
        "firstName": "Wim",
        "infix": null,
        "lastName": "van der Horst",
        "classId": 88042,
        "gradeId": 4,
        "email": null,
        "isDisabled": false
    },
    {
        "pupilId": "1420894",
        "firstName": "Willen",
        "infix": null,
        "lastName": "Wever",
        "classId": 88042,
        "gradeId": 4,
        "email": null,
        "isDisabled": false
    },
    {
        "firstName": "Umanga",
        "lastName": "Madawala",
        "gradeId": 1,
        "pupilId": "321560"
    },
    {
        "firstName": "Umanga",
        "lastName": "Madawala",
        "gradeId": 1,
        "classId": 1,
        "infix": "NewMCUser",
        "isDisabled": false,
        "email": "test@mail.com",
        "pupilId": "353161"
    },
    {
        "firstName": "Umanga",
        "lastName": "Madawala",
        "gradeId": 1,
        "pupilId": "584880"
    },
    {
        "firstName": "Umanga",
        "lastName": "Madawala",
        "gradeId": 1,
        "pupilId": "867608"
    },
    {
        "firstName": "Umanga",
        "lastName": "Madawala",
        "gradeId": 1,
        "pupilId": "369546"
    },
    {
        "firstName": "Umanga",
        "lastName": "Madawala",
        "gradeId": 1,
        "pupilId": "742795"
    },
    {
        "firstName": "Umanga",
        "lastName": "Madawala",
        "gradeId": 1,
        "pupilId": "855336"
    },
    {
        "firstName": "Umanga",
        "lastName": "Madawala",
        "gradeId": 1,
        "pupilId": "571485"
    },
    {
        "firstName": "Umanga",
        "lastName": "Madawala",
        "gradeId": 1,
        "pupilId": "491294"
    },
    {
        "firstName": "Umanga",
        "lastName": "Madawala",
        "gradeId": 1,
        "classId": 1,
        "infix": "NewMCUser",
        "isDisabled": false,
        "email": "test@mail.com",
        "pupilId": "531549"
    },
    {
        "firstName": "Umanga",
        "lastName": "Madawala",
        "gradeId": 1,
        "pupilId": "111195"
    },
    {
        "firstName": "Umanga",
        "lastName": "Madawala",
        "gradeId": 1,
        "pupilId": "722999"
    },
    {
        "firstName": "Umanga",
        "lastName": "Madawala",
        "gradeId": 1,
        "pupilId": "769352"
    },
    {
        "firstName": "Umanga",
        "lastName": "Madawala",
        "gradeId": 1,
        "pupilId": "604039"
    },
    {
        "firstName": "Umanga",
        "lastName": "Madawala",
        "gradeId": 1,
        "pupilId": "475789"
    },
    {
        "firstName": "Umanga",
        "lastName": "Madawala",
        "gradeId": 1,
        "pupilId": "653478"
    },
    {
        "firstName": "Umanga",
        "lastName": "Madawala",
        "gradeId": 1,
        "pupilId": "992406"
    },
    {
        "firstName": "Umanga",
        "lastName": "Madawala",
        "gradeId": 1,
        "classId": 1,
        "infix": "NewMCUser",
        "isDisabled": false,
        "email": "test@mail.com",
        "pupilId": "852333"
    },
    {
        "firstName": "Umanga",
        "lastName": "Madawala",
        "gradeId": 1,
        "pupilId": "576140"
    },
    {
        "firstName": "Umanga",
        "lastName": "Madawala",
        "gradeId": 1,
        "pupilId": "277806"
    },
    {
        "firstName": "Umanga",
        "lastName": "Madawala",
        "gradeId": 1,
        "pupilId": "654432"
    },
    {
        "firstName": "Umanga",
        "lastName": "Madawala",
        "gradeId": 1,
        "pupilId": "453607"
    },
    {
        "firstName": "Umanga",
        "lastName": "Madawala",
        "gradeId": 1,
        "pupilId": "857034"
    },
    {
        "firstName": "Umanga",
        "lastName": "Madawala",
        "gradeId": 1,
        "pupilId": "855711"
    },
    {
        "firstName": "Umanga",
        "lastName": "Madawala",
        "gradeId": 1,
        "pupilId": "432448"
    },
    {
        "firstName": "Umanga",
        "lastName": "Madawala",
        "gradeId": 1,
        "classId": 1,
        "infix": "NewMCUser",
        "isDisabled": false,
        "email": "test@mail.com",
        "pupilId": "101201"
    },
    {
        "firstName": "Umanga",
        "lastName": "Madawala",
        "gradeId": 1,
        "pupilId": "998521"
    },
    {
        "firstName": "Umanga",
        "lastName": "Madawala",
        "gradeId": 1,
        "pupilId": "698925"
    },
    {
        "firstName": "Umanga",
        "lastName": "Madawala",
        "gradeId": 1,
        "pupilId": "917261"
    },
    {
        "firstName": "Umanga",
        "lastName": "Madawala",
        "gradeId": 1,
        "pupilId": "873510"
    },
    {
        "firstName": "Umanga",
        "lastName": "Madawala",
        "gradeId": 1,
        "pupilId": "805234"
    },
    {
        "firstName": "Umanga",
        "lastName": "Madawala",
        "gradeId": 1,
        "pupilId": "261285"
    },
    {
        "firstName": "Umanga",
        "lastName": "Madawala",
        "gradeId": 1,
        "pupilId": "610671"
    },
    {
        "firstName": "Umanga",
        "lastName": "Madawala",
        "gradeId": 1,
        "classId": 1,
        "infix": "NewMCUser",
        "isDisabled": false,
        "email": "test@mail.com",
        "pupilId": "367269"
    },
    {
        "firstName": "Umanga",
        "lastName": "Madawala",
        "gradeId": 1,
        "pupilId": "719034"
    },
    {
        "firstName": "Umanga",
        "lastName": "Madawala",
        "gradeId": 1,
        "pupilId": "618126"
    },
    {
        "firstName": "Umanga",
        "lastName": "Madawala",
        "gradeId": 1,
        "pupilId": "326235"
    },
    {
        "firstName": "Umanga",
        "lastName": "Madawala",
        "gradeId": 1,
        "pupilId": "871874"
    },
    {
        "firstName": "Umanga",
        "lastName": "Madawala",
        "gradeId": 1,
        "pupilId": "735485"
    },
    {
        "firstName": "Umanga",
        "lastName": "Madawala",
        "gradeId": 1,
        "pupilId": "540601"
    }
]
HTTP/1.1 200 OK
X-Powered-By: Express
Content-Type: application/json; charset=utf-8
Content-Length: 4389
ETag: W/"1125-DYVVWFJUg7fkrgipdNGl9Ys4dt0"
Date: Sat, 20 Mar 2021 11:01:04 GMT
Connection: keep-alive

[
    {
        "pupilId": "1420887",
        "firstName": "Newmcuser",
        "infix": "NewMCUser",
        "lastName": "Nu",
        "classId": 88034,
        "gradeId": 8,
        "email": null,
        "isDisabled": false
    },
    {
        "pupilId": "1420888",
        "firstName": "Zerdarovic",
        "infix": null,
        "lastName": "Biyikovskiy",
        "classId": 88034,
        "gradeId": 8,
        "email": null,
        "isDisabled": false
    },
    {
        "pupilId": "1420889",
        "firstName": "Mcteam",
        "infix": null,
        "lastName": "Test",
        "classId": 88035,
        "gradeId": 6,
        "email": null,
        "isDisabled": false
    },
    {
        "pupilId": "1420896",
        "firstName": "Warren",
        "infix": null,
        "lastName": "Barguil",
        "classId": 88041,
        "gradeId": 5,
        "email": null,
        "isDisabled": false
    },
    {
        "pupilId": "1420897",
        "firstName": "Lillian",
        "infix": null,
        "lastName": "Calmejean",
        "classId": 88041,
        "gradeId": 5,
        "email": null,
        "isDisabled": false
    },
    {
        "pupilId": "1420893",
        "firstName": "Wim",
        "infix": null,
        "lastName": "van der Horst",
        "classId": 88042,
        "gradeId": 4,
        "email": null,
        "isDisabled": false
    },
    {
        "pupilId": "1420894",
        "firstName": "Willen",
        "infix": null,
        "lastName": "Wever",
        "classId": 88042,
        "gradeId": 4,
        "email": null,
        "isDisabled": false
    },
    {
        "firstName": "Umanga",
        "lastName": "Madawala",
        "gradeId": 1,
        "pupilId": "321560"
    },
    {
        "firstName": "Umanga",
        "lastName": "Madawala",
        "gradeId": 1,
        "classId": 1,
        "infix": "NewMCUser",
        "isDisabled": false,
        "email": "test@mail.com",
        "pupilId": "353161"
    },
    {
        "firstName": "Umanga",
        "lastName": "Madawala",
        "gradeId": 1,
        "pupilId": "584880"
    },
    {
        "firstName": "Umanga",
        "lastName": "Madawala",
        "gradeId": 1,
        "pupilId": "867608"
    },
    {
        "firstName": "Umanga",
        "lastName": "Madawala",
        "gradeId": 1,
        "pupilId": "369546"
    },
    {
        "firstName": "Umanga",
        "lastName": "Madawala",
        "gradeId": 1,
        "pupilId": "742795"
    },
    {
        "firstName": "Umanga",
        "lastName": "Madawala",
        "gradeId": 1,
        "pupilId": "855336"
    },
    {
        "firstName": "Umanga",
        "lastName": "Madawala",
        "gradeId": 1,
        "pupilId": "571485"
    },
    {
        "firstName": "Umanga",
        "lastName": "Madawala",
        "gradeId": 1,
        "pupilId": "491294"
    },
    {
        "firstName": "Umanga",
        "lastName": "Madawala",
        "gradeId": 1,
        "classId": 1,
        "infix": "NewMCUser",
        "isDisabled": false,
        "email": "test@mail.com",
        "pupilId": "531549"
    },
    {
        "firstName": "Umanga",
        "lastName": "Madawala",
        "gradeId": 1,
        "pupilId": "111195"
    },
    {
        "firstName": "Umanga",
        "lastName": "Madawala",
        "gradeId": 1,
        "pupilId": "722999"
    },
    {
        "firstName": "Umanga",
        "lastName": "Madawala",
        "gradeId": 1,
        "pupilId": "769352"
    },
    {
        "firstName": "Umanga",
        "lastName": "Madawala",
        "gradeId": 1,
        "pupilId": "604039"
    },
    {
        "firstName": "Umanga",
        "lastName": "Madawala",
        "gradeId": 1,
        "pupilId": "475789"
    },
    {
        "firstName": "Umanga",
        "lastName": "Madawala",
        "gradeId": 1,
        "pupilId": "653478"
    },
    {
        "firstName": "Umanga",
        "lastName": "Madawala",
        "gradeId": 1,
        "pupilId": "992406"
    },
    {
        "firstName": "Umanga",
        "lastName": "Madawala",
        "gradeId": 1,
        "classId": 1,
        "infix": "NewMCUser",
        "isDisabled": false,
        "email": "test@mail.com",
        "pupilId": "852333"
    },
    {
        "firstName": "Umanga",
        "lastName": "Madawala",
        "gradeId": 1,
        "pupilId": "576140"
    },
    {
        "firstName": "Umanga",
        "lastName": "Madawala",
        "gradeId": 1,
        "pupilId": "277806"
    },
    {
        "firstName": "Umanga",
        "lastName": "Madawala",
        "gradeId": 1,
        "pupilId": "654432"
    },
    {
        "firstName": "Umanga",
        "lastName": "Madawala",
        "gradeId": 1,
        "pupilId": "453607"
    },
    {
        "firstName": "Umanga",
        "lastName": "Madawala",
        "gradeId": 1,
        "pupilId": "857034"
    },
    {
        "firstName": "Umanga",
        "lastName": "Madawala",
        "gradeId": 1,
        "pupilId": "855711"
    },
    {
        "firstName": "Umanga",
        "lastName": "Madawala",
        "gradeId": 1,
        "pupilId": "432448"
    },
    {
        "firstName": "Umanga",
        "lastName": "Madawala",
        "gradeId": 1,
        "classId": 1,
        "infix": "NewMCUser",
        "isDisabled": false,
        "email": "test@mail.com",
        "pupilId": "101201"
    },
    {
        "firstName": "Umanga",
        "lastName": "Madawala",
        "gradeId": 1,
        "pupilId": "998521"
    },
    {
        "firstName": "Umanga",
        "lastName": "Madawala",
        "gradeId": 1,
        "pupilId": "698925"
    },
    {
        "firstName": "Umanga",
        "lastName": "Madawala",
        "gradeId": 1,
        "pupilId": "917261"
    },
    {
        "firstName": "Umanga",
        "lastName": "Madawala",
        "gradeId": 1,
        "pupilId": "873510"
    },
    {
        "firstName": "Umanga",
        "lastName": "Madawala",
        "gradeId": 1,
        "pupilId": "805234"
    },
    {
        "firstName": "Umanga",
        "lastName": "Madawala",
        "gradeId": 1,
        "pupilId": "261285"
    },
    {
        "firstName": "Umanga",
        "lastName": "Madawala",
        "gradeId": 1,
        "pupilId": "610671"
    },
    {
        "firstName": "Umanga",
        "lastName": "Madawala",
        "gradeId": 1,
        "classId": 1,
        "infix": "NewMCUser",
        "isDisabled": false,
        "email": "test@mail.com",
        "pupilId": "367269"
    },
    {
        "firstName": "Umanga",
        "lastName": "Madawala",
        "gradeId": 1,
        "pupilId": "719034"
    },
    {
        "firstName": "Umanga",
        "lastName": "Madawala",
        "gradeId": 1,
        "pupilId": "618126"
    },
    {
        "firstName": "Umanga",
        "lastName": "Madawala",
        "gradeId": 1,
        "pupilId": "326235"
    },
    {
        "firstName": "Umanga",
        "lastName": "Madawala",
        "gradeId": 1,
        "pupilId": "871874"
    },
    {
        "firstName": "Umanga",
        "lastName": "Madawala",
        "gradeId": 1,
        "pupilId": "735485"
    },
    {
        "firstName": "Umanga",
        "lastName": "Madawala",
        "gradeId": 1,
        "pupilId": "540601"
    }
]
HTTP/1.1 200 OK
X-Powered-By: Express
Content-Type: application/json; charset=utf-8
Content-Length: 4389
ETag: W/"1125-DYVVWFJUg7fkrgipdNGl9Ys4dt0"
Date: Sat, 20 Mar 2021 11:01:04 GMT
Connection: keep-alive

[
    {
        "pupilId": "1420887",
        "firstName": "Newmcuser",
        "infix": "NewMCUser",
        "lastName": "Nu",
        "classId": 88034,
        "gradeId": 8,
        "email": null,
        "isDisabled": false
    },
    {
        "pupilId": "1420888",
        "firstName": "Zerdarovic",
        "infix": null,
        "lastName": "Biyikovskiy",
        "classId": 88034,
        "gradeId": 8,
        "email": null,
        "isDisabled": false
    },
    {
        "pupilId": "1420889",
        "firstName": "Mcteam",
        "infix": null,
        "lastName": "Test",
        "classId": 88035,
        "gradeId": 6,
        "email": null,
        "isDisabled": false
    },
    {
        "pupilId": "1420896",
        "firstName": "Warren",
        "infix": null,
        "lastName": "Barguil",
        "classId": 88041,
        "gradeId": 5,
        "email": null,
        "isDisabled": false
    },
    {
        "pupilId": "1420897",
        "firstName": "Lillian",
        "infix": null,
        "lastName": "Calmejean",
        "classId": 88041,
        "gradeId": 5,
        "email": null,
        "isDisabled": false
    },
    {
        "pupilId": "1420893",
        "firstName": "Wim",
        "infix": null,
        "lastName": "van der Horst",
        "classId": 88042,
        "gradeId": 4,
        "email": null,
        "isDisabled": false
    },
    {
        "pupilId": "1420894",
        "firstName": "Willen",
        "infix": null,
        "lastName": "Wever",
        "classId": 88042,
        "gradeId": 4,
        "email": null,
        "isDisabled": false
    },
    {
        "firstName": "Umanga",
        "lastName": "Madawala",
        "gradeId": 1,
        "pupilId": "321560"
    },
    {
        "firstName": "Umanga",
        "lastName": "Madawala",
        "gradeId": 1,
        "classId": 1,
        "infix": "NewMCUser",
        "isDisabled": false,
        "email": "test@mail.com",
        "pupilId": "353161"
    },
    {
        "firstName": "Umanga",
        "lastName": "Madawala",
        "gradeId": 1,
        "pupilId": "584880"
    },
    {
        "firstName": "Umanga",
        "lastName": "Madawala",
        "gradeId": 1,
        "pupilId": "867608"
    },
    {
        "firstName": "Umanga",
        "lastName": "Madawala",
        "gradeId": 1,
        "pupilId": "369546"
    },
    {
        "firstName": "Umanga",
        "lastName": "Madawala",
        "gradeId": 1,
        "pupilId": "742795"
    },
    {
        "firstName": "Umanga",
        "lastName": "Madawala",
        "gradeId": 1,
        "pupilId": "855336"
    },
    {
        "firstName": "Umanga",
        "lastName": "Madawala",
        "gradeId": 1,
        "pupilId": "571485"
    },
    {
        "firstName": "Umanga",
        "lastName": "Madawala",
        "gradeId": 1,
        "pupilId": "491294"
    },
    {
        "firstName": "Umanga",
        "lastName": "Madawala",
        "gradeId": 1,
        "classId": 1,
        "infix": "NewMCUser",
        "isDisabled": false,
        "email": "test@mail.com",
        "pupilId": "531549"
    },
    {
        "firstName": "Umanga",
        "lastName": "Madawala",
        "gradeId": 1,
        "pupilId": "111195"
    },
    {
        "firstName": "Umanga",
        "lastName": "Madawala",
        "gradeId": 1,
        "pupilId": "722999"
    },
    {
        "firstName": "Umanga",
        "lastName": "Madawala",
        "gradeId": 1,
        "pupilId": "769352"
    },
    {
        "firstName": "Umanga",
        "lastName": "Madawala",
        "gradeId": 1,
        "pupilId": "604039"
    },
    {
        "firstName": "Umanga",
        "lastName": "Madawala",
        "gradeId": 1,
        "pupilId": "475789"
    },
    {
        "firstName": "Umanga",
        "lastName": "Madawala",
        "gradeId": 1,
        "pupilId": "653478"
    },
    {
        "firstName": "Umanga",
        "lastName": "Madawala",
        "gradeId": 1,
        "pupilId": "992406"
    },
    {
        "firstName": "Umanga",
        "lastName": "Madawala",
        "gradeId": 1,
        "classId": 1,
        "infix": "NewMCUser",
        "isDisabled": false,
        "email": "test@mail.com",
        "pupilId": "852333"
    },
    {
        "firstName": "Umanga",
        "lastName": "Madawala",
        "gradeId": 1,
        "pupilId": "576140"
    },
    {
        "firstName": "Umanga",
        "lastName": "Madawala",
        "gradeId": 1,
        "pupilId": "277806"
    },
    {
        "firstName": "Umanga",
        "lastName": "Madawala",
        "gradeId": 1,
        "pupilId": "654432"
    },
    {
        "firstName": "Umanga",
        "lastName": "Madawala",
        "gradeId": 1,
        "pupilId": "453607"
    },
    {
        "firstName": "Umanga",
        "lastName": "Madawala",
        "gradeId": 1,
        "pupilId": "857034"
    },
    {
        "firstName": "Umanga",
        "lastName": "Madawala",
        "gradeId": 1,
        "pupilId": "855711"
    },
    {
        "firstName": "Umanga",
        "lastName": "Madawala",
        "gradeId": 1,
        "pupilId": "432448"
    },
    {
        "firstName": "Umanga",
        "lastName": "Madawala",
        "gradeId": 1,
        "classId": 1,
        "infix": "NewMCUser",
        "isDisabled": false,
        "email": "test@mail.com",
        "pupilId": "101201"
    },
    {
        "firstName": "Umanga",
        "lastName": "Madawala",
        "gradeId": 1,
        "pupilId": "998521"
    },
    {
        "firstName": "Umanga",
        "lastName": "Madawala",
        "gradeId": 1,
        "pupilId": "698925"
    },
    {
        "firstName": "Umanga",
        "lastName": "Madawala",
        "gradeId": 1,
        "pupilId": "917261"
    },
    {
        "firstName": "Umanga",
        "lastName": "Madawala",
        "gradeId": 1,
        "pupilId": "873510"
    },
    {
        "firstName": "Umanga",
        "lastName": "Madawala",
        "gradeId": 1,
        "pupilId": "805234"
    },
    {
        "firstName": "Umanga",
        "lastName": "Madawala",
        "gradeId": 1,
        "pupilId": "261285"
    },
    {
        "firstName": "Umanga",
        "lastName": "Madawala",
        "gradeId": 1,
        "pupilId": "610671"
    },
    {
        "firstName": "Umanga",
        "lastName": "Madawala",
        "gradeId": 1,
        "classId": 1,
        "infix": "NewMCUser",
        "isDisabled": false,
        "email": "test@mail.com",
        "pupilId": "367269"
    },
    {
        "firstName": "Umanga",
        "lastName": "Madawala",
        "gradeId": 1,
        "pupilId": "719034"
    },
    {
        "firstName": "Umanga",
        "lastName": "Madawala",
        "gradeId": 1,
        "pupilId": "618126"
    },
    {
        "firstName": "Umanga",
        "lastName": "Madawala",
        "gradeId": 1,
        "pupilId": "326235"
    },
    {
        "firstName": "Umanga",
        "lastName": "Madawala",
        "gradeId": 1,
        "pupilId": "871874"
    },
    {
        "firstName": "Umanga",
        "lastName": "Madawala",
        "gradeId": 1,
        "pupilId": "735485"
    },
    {
        "firstName": "Umanga",
        "lastName": "Madawala",
        "gradeId": 1,
        "pupilId": "540601"
    }
]
HTTP/1.1 200 OK
X-Powered-By: Express
Content-Type: application/json; charset=utf-8
Content-Length: 4389
ETag: W/"1125-DYVVWFJUg7fkrgipdNGl9Ys4dt0"
Date: Sat, 20 Mar 2021 11:01:04 GMT
Connection: keep-alive

[
    {
        "pupilId": "1420887",
        "firstName": "Newmcuser",
        "infix": "NewMCUser",
        "lastName": "Nu",
        "classId": 88034,
        "gradeId": 8,
        "email": null,
        "isDisabled": false
    },
    {
        "pupilId": "1420888",
        "firstName": "Zerdarovic",
        "infix": null,
        "lastName": "Biyikovskiy",
        "classId": 88034,
        "gradeId": 8,
        "email": null,
        "isDisabled": false
    },
    {
        "pupilId": "1420889",
        "firstName": "Mcteam",
        "infix": null,
        "lastName": "Test",
        "classId": 88035,
        "gradeId": 6,
        "email": null,
        "isDisabled": false
    },
    {
        "pupilId": "1420896",
        "firstName": "Warren",
        "infix": null,
        "lastName": "Barguil",
        "classId": 88041,
        "gradeId": 5,
        "email": null,
        "isDisabled": false
    },
    {
        "pupilId": "1420897",
        "firstName": "Lillian",
        "infix": null,
        "lastName": "Calmejean",
        "classId": 88041,
        "gradeId": 5,
        "email": null,
        "isDisabled": false
    },
    {
        "pupilId": "1420893",
        "firstName": "Wim",
        "infix": null,
        "lastName": "van der Horst",
        "classId": 88042,
        "gradeId": 4,
        "email": null,
        "isDisabled": false
    },
    {
        "pupilId": "1420894",
        "firstName": "Willen",
        "infix": null,
        "lastName": "Wever",
        "classId": 88042,
        "gradeId": 4,
        "email": null,
        "isDisabled": false
    },
    {
        "firstName": "Umanga",
        "lastName": "Madawala",
        "gradeId": 1,
        "pupilId": "321560"
    },
    {
        "firstName": "Umanga",
        "lastName": "Madawala",
        "gradeId": 1,
        "classId": 1,
        "infix": "NewMCUser",
        "isDisabled": false,
        "email": "test@mail.com",
        "pupilId": "353161"
    },
    {
        "firstName": "Umanga",
        "lastName": "Madawala",
        "gradeId": 1,
        "pupilId": "584880"
    },
    {
        "firstName": "Umanga",
        "lastName": "Madawala",
        "gradeId": 1,
        "pupilId": "867608"
    },
    {
        "firstName": "Umanga",
        "lastName": "Madawala",
        "gradeId": 1,
        "pupilId": "369546"
    },
    {
        "firstName": "Umanga",
        "lastName": "Madawala",
        "gradeId": 1,
        "pupilId": "742795"
    },
    {
        "firstName": "Umanga",
        "lastName": "Madawala",
        "gradeId": 1,
        "pupilId": "855336"
    },
    {
        "firstName": "Umanga",
        "lastName": "Madawala",
        "gradeId": 1,
        "pupilId": "571485"
    },
    {
        "firstName": "Umanga",
        "lastName": "Madawala",
        "gradeId": 1,
        "pupilId": "491294"
    },
    {
        "firstName": "Umanga",
        "lastName": "Madawala",
        "gradeId": 1,
        "classId": 1,
        "infix": "NewMCUser",
        "isDisabled": false,
        "email": "test@mail.com",
        "pupilId": "531549"
    },
    {
        "firstName": "Umanga",
        "lastName": "Madawala",
        "gradeId": 1,
        "pupilId": "111195"
    },
    {
        "firstName": "Umanga",
        "lastName": "Madawala",
        "gradeId": 1,
        "pupilId": "722999"
    },
    {
        "firstName": "Umanga",
        "lastName": "Madawala",
        "gradeId": 1,
        "pupilId": "769352"
    },
    {
        "firstName": "Umanga",
        "lastName": "Madawala",
        "gradeId": 1,
        "pupilId": "604039"
    },
    {
        "firstName": "Umanga",
        "lastName": "Madawala",
        "gradeId": 1,
        "pupilId": "475789"
    },
    {
        "firstName": "Umanga",
        "lastName": "Madawala",
        "gradeId": 1,
        "pupilId": "653478"
    },
    {
        "firstName": "Umanga",
        "lastName": "Madawala",
        "gradeId": 1,
        "pupilId": "992406"
    },
    {
        "firstName": "Umanga",
        "lastName": "Madawala",
        "gradeId": 1,
        "classId": 1,
        "infix": "NewMCUser",
        "isDisabled": false,
        "email": "test@mail.com",
        "pupilId": "852333"
    },
    {
        "firstName": "Umanga",
        "lastName": "Madawala",
        "gradeId": 1,
        "pupilId": "576140"
    },
    {
        "firstName": "Umanga",
        "lastName": "Madawala",
        "gradeId": 1,
        "pupilId": "277806"
    },
    {
        "firstName": "Umanga",
        "lastName": "Madawala",
        "gradeId": 1,
        "pupilId": "654432"
    },
    {
        "firstName": "Umanga",
        "lastName": "Madawala",
        "gradeId": 1,
        "pupilId": "453607"
    },
    {
        "firstName": "Umanga",
        "lastName": "Madawala",
        "gradeId": 1,
        "pupilId": "857034"
    },
    {
        "firstName": "Umanga",
        "lastName": "Madawala",
        "gradeId": 1,
        "pupilId": "855711"
    },
    {
        "firstName": "Umanga",
        "lastName": "Madawala",
        "gradeId": 1,
        "pupilId": "432448"
    },
    {
        "firstName": "Umanga",
        "lastName": "Madawala",
        "gradeId": 1,
        "classId": 1,
        "infix": "NewMCUser",
        "isDisabled": false,
        "email": "test@mail.com",
        "pupilId": "101201"
    },
    {
        "firstName": "Umanga",
        "lastName": "Madawala",
        "gradeId": 1,
        "pupilId": "998521"
    },
    {
        "firstName": "Umanga",
        "lastName": "Madawala",
        "gradeId": 1,
        "pupilId": "698925"
    },
    {
        "firstName": "Umanga",
        "lastName": "Madawala",
        "gradeId": 1,
        "pupilId": "917261"
    },
    {
        "firstName": "Umanga",
        "lastName": "Madawala",
        "gradeId": 1,
        "pupilId": "873510"
    },
    {
        "firstName": "Umanga",
        "lastName": "Madawala",
        "gradeId": 1,
        "pupilId": "805234"
    },
    {
        "firstName": "Umanga",
        "lastName": "Madawala",
        "gradeId": 1,
        "pupilId": "261285"
    },
    {
        "firstName": "Umanga",
        "lastName": "Madawala",
        "gradeId": 1,
        "pupilId": "610671"
    },
    {
        "firstName": "Umanga",
        "lastName": "Madawala",
        "gradeId": 1,
        "classId": 1,
        "infix": "NewMCUser",
        "isDisabled": false,
        "email": "test@mail.com",
        "pupilId": "367269"
    },
    {
        "firstName": "Umanga",
        "lastName": "Madawala",
        "gradeId": 1,
        "pupilId": "719034"
    },
    {
        "firstName": "Umanga",
        "lastName": "Madawala",
        "gradeId": 1,
        "pupilId": "618126"
    },
    {
        "firstName": "Umanga",
        "lastName": "Madawala",
        "gradeId": 1,
        "pupilId": "326235"
    },
    {
        "firstName": "Umanga",
        "lastName": "Madawala",
        "gradeId": 1,
        "pupilId": "871874"
    },
    {
        "firstName": "Umanga",
        "lastName": "Madawala",
        "gradeId": 1,
        "pupilId": "735485"
    },
    {
        "firstName": "Umanga",
        "lastName": "Madawala",
        "gradeId": 1,
        "pupilId": "540601"
    }
]
HTTP/1.1 200 OK
X-Powered-By: Express
Content-Type: application/json; charset=utf-8
Content-Length: 4389
ETag: W/"1125-DYVVWFJUg7fkrgipdNGl9Ys4dt0"
Date: Sat, 20 Mar 2021 11:01:04 GMT
Connection: keep-alive

[
    {
        "pupilId": "1420887",
        "firstName": "Newmcuser",
        "infix": "NewMCUser",
        "lastName": "Nu",
        "classId": 88034,
        "gradeId": 8,
        "email": null,
        "isDisabled": false
    },
    {
        "pupilId": "1420888",
        "firstName": "Zerdarovic",
        "infix": null,
        "lastName": "Biyikovskiy",
        "classId": 88034,
        "gradeId": 8,
        "email": null,
        "isDisabled": false
    },
    {
        "pupilId": "1420889",
        "firstName": "Mcteam",
        "infix": null,
        "lastName": "Test",
        "classId": 88035,
        "gradeId": 6,
        "email": null,
        "isDisabled": false
    },
    {
        "pupilId": "1420896",
        "firstName": "Warren",
        "infix": null,
        "lastName": "Barguil",
        "classId": 88041,
        "gradeId": 5,
        "email": null,
        "isDisabled": false
    },
    {
        "pupilId": "1420897",
        "firstName": "Lillian",
        "infix": null,
        "lastName": "Calmejean",
        "classId": 88041,
        "gradeId": 5,
        "email": null,
        "isDisabled": false
    },
    {
        "pupilId": "1420893",
        "firstName": "Wim",
        "infix": null,
        "lastName": "van der Horst",
        "classId": 88042,
        "gradeId": 4,
        "email": null,
        "isDisabled": false
    },
    {
        "pupilId": "1420894",
        "firstName": "Willen",
        "infix": null,
        "lastName": "Wever",
        "classId": 88042,
        "gradeId": 4,
        "email": null,
        "isDisabled": false
    },
    {
        "firstName": "Umanga",
        "lastName": "Madawala",
        "gradeId": 1,
        "pupilId": "321560"
    },
    {
        "firstName": "Umanga",
        "lastName": "Madawala",
        "gradeId": 1,
        "classId": 1,
        "infix": "NewMCUser",
        "isDisabled": false,
        "email": "test@mail.com",
        "pupilId": "353161"
    },
    {
        "firstName": "Umanga",
        "lastName": "Madawala",
        "gradeId": 1,
        "pupilId": "584880"
    },
    {
        "firstName": "Umanga",
        "lastName": "Madawala",
        "gradeId": 1,
        "pupilId": "867608"
    },
    {
        "firstName": "Umanga",
        "lastName": "Madawala",
        "gradeId": 1,
        "pupilId": "369546"
    },
    {
        "firstName": "Umanga",
        "lastName": "Madawala",
        "gradeId": 1,
        "pupilId": "742795"
    },
    {
        "firstName": "Umanga",
        "lastName": "Madawala",
        "gradeId": 1,
        "pupilId": "855336"
    },
    {
        "firstName": "Umanga",
        "lastName": "Madawala",
        "gradeId": 1,
        "pupilId": "571485"
    },
    {
        "firstName": "Umanga",
        "lastName": "Madawala",
        "gradeId": 1,
        "pupilId": "491294"
    },
    {
        "firstName": "Umanga",
        "lastName": "Madawala",
        "gradeId": 1,
        "classId": 1,
        "infix": "NewMCUser",
        "isDisabled": false,
        "email": "test@mail.com",
        "pupilId": "531549"
    },
    {
        "firstName": "Umanga",
        "lastName": "Madawala",
        "gradeId": 1,
        "pupilId": "111195"
    },
    {
        "firstName": "Umanga",
        "lastName": "Madawala",
        "gradeId": 1,
        "pupilId": "722999"
    },
    {
        "firstName": "Umanga",
        "lastName": "Madawala",
        "gradeId": 1,
        "pupilId": "769352"
    },
    {
        "firstName": "Umanga",
        "lastName": "Madawala",
        "gradeId": 1,
        "pupilId": "604039"
    },
    {
        "firstName": "Umanga",
        "lastName": "Madawala",
        "gradeId": 1,
        "pupilId": "475789"
    },
    {
        "firstName": "Umanga",
        "lastName": "Madawala",
        "gradeId": 1,
        "pupilId": "653478"
    },
    {
        "firstName": "Umanga",
        "lastName": "Madawala",
        "gradeId": 1,
        "pupilId": "992406"
    },
    {
        "firstName": "Umanga",
        "lastName": "Madawala",
        "gradeId": 1,
        "classId": 1,
        "infix": "NewMCUser",
        "isDisabled": false,
        "email": "test@mail.com",
        "pupilId": "852333"
    },
    {
        "firstName": "Umanga",
        "lastName": "Madawala",
        "gradeId": 1,
        "pupilId": "576140"
    },
    {
        "firstName": "Umanga",
        "lastName": "Madawala",
        "gradeId": 1,
        "pupilId": "277806"
    },
    {
        "firstName": "Umanga",
        "lastName": "Madawala",
        "gradeId": 1,
        "pupilId": "654432"
    },
    {
        "firstName": "Umanga",
        "lastName": "Madawala",
        "gradeId": 1,
        "pupilId": "453607"
    },
    {
        "firstName": "Umanga",
        "lastName": "Madawala",
        "gradeId": 1,
        "pupilId": "857034"
    },
    {
        "firstName": "Umanga",
        "lastName": "Madawala",
        "gradeId": 1,
        "pupilId": "855711"
    },
    {
        "firstName": "Umanga",
        "lastName": "Madawala",
        "gradeId": 1,
        "pupilId": "432448"
    },
    {
        "firstName": "Umanga",
        "lastName": "Madawala",
        "gradeId": 1,
        "classId": 1,
        "infix": "NewMCUser",
        "isDisabled": false,
        "email": "test@mail.com",
        "pupilId": "101201"
    },
    {
        "firstName": "Umanga",
        "lastName": "Madawala",
        "gradeId": 1,
        "pupilId": "998521"
    },
    {
        "firstName": "Umanga",
        "lastName": "Madawala",
        "gradeId": 1,
        "pupilId": "698925"
    },
    {
        "firstName": "Umanga",
        "lastName": "Madawala",
        "gradeId": 1,
        "pupilId": "917261"
    },
    {
        "firstName": "Umanga",
        "lastName": "Madawala",
        "gradeId": 1,
        "pupilId": "873510"
    },
    {
        "firstName": "Umanga",
        "lastName": "Madawala",
        "gradeId": 1,
        "pupilId": "805234"
    },
    {
        "firstName": "Umanga",
        "lastName": "Madawala",
        "gradeId": 1,
        "pupilId": "261285"
    },
    {
        "firstName": "Umanga",
        "lastName": "Madawala",
        "gradeId": 1,
        "pupilId": "610671"
    },
    {
        "firstName": "Umanga",
        "lastName": "Madawala",
        "gradeId": 1,
        "classId": 1,
        "infix": "NewMCUser",
        "isDisabled": false,
        "email": "test@mail.com",
        "pupilId": "367269"
    },
    {
        "firstName": "Umanga",
        "lastName": "Madawala",
        "gradeId": 1,
        "pupilId": "719034"
    },
    {
        "firstName": "Umanga",
        "lastName": "Madawala",
        "gradeId": 1,
        "pupilId": "618126"
    },
    {
        "firstName": "Umanga",
        "lastName": "Madawala",
        "gradeId": 1,
        "pupilId": "326235"
    },
    {
        "firstName": "Umanga",
        "lastName": "Madawala",
        "gradeId": 1,
        "pupilId": "871874"
    },
    {
        "firstName": "Umanga",
        "lastName": "Madawala",
        "gradeId": 1,
        "pupilId": "735485"
    },
    {
        "firstName": "Umanga",
        "lastName": "Madawala",
        "gradeId": 1,
        "pupilId": "540601"
    }
]
HTTP/1.1 200 OK
X-Powered-By: Express
Content-Type: application/json; charset=utf-8
Content-Length: 4389
ETag: W/"1125-DYVVWFJUg7fkrgipdNGl9Ys4dt0"
Date: Sat, 20 Mar 2021 11:01:04 GMT
Connection: keep-alive

[
    {
        "pupilId": "1420887",
        "firstName": "Newmcuser",
        "infix": "NewMCUser",
        "lastName": "Nu",
        "classId": 88034,
        "gradeId": 8,
        "email": null,
        "isDisabled": false
    },
    {
        "pupilId": "1420888",
        "firstName": "Zerdarovic",
        "infix": null,
        "lastName": "Biyikovskiy",
        "classId": 88034,
        "gradeId": 8,
        "email": null,
        "isDisabled": false
    },
    {
        "pupilId": "1420889",
        "firstName": "Mcteam",
        "infix": null,
        "lastName": "Test",
        "classId": 88035,
        "gradeId": 6,
        "email": null,
        "isDisabled": false
    },
    {
        "pupilId": "1420896",
        "firstName": "Warren",
        "infix": null,
        "lastName": "Barguil",
        "classId": 88041,
        "gradeId": 5,
        "email": null,
        "isDisabled": false
    },
    {
        "pupilId": "1420897",
        "firstName": "Lillian",
        "infix": null,
        "lastName": "Calmejean",
        "classId": 88041,
        "gradeId": 5,
        "email": null,
        "isDisabled": false
    },
    {
        "pupilId": "1420893",
        "firstName": "Wim",
        "infix": null,
        "lastName": "van der Horst",
        "classId": 88042,
        "gradeId": 4,
        "email": null,
        "isDisabled": false
    },
    {
        "pupilId": "1420894",
        "firstName": "Willen",
        "infix": null,
        "lastName": "Wever",
        "classId": 88042,
        "gradeId": 4,
        "email": null,
        "isDisabled": false
    },
    {
        "firstName": "Umanga",
        "lastName": "Madawala",
        "gradeId": 1,
        "pupilId": "321560"
    },
    {
        "firstName": "Umanga",
        "lastName": "Madawala",
        "gradeId": 1,
        "classId": 1,
        "infix": "NewMCUser",
        "isDisabled": false,
        "email": "test@mail.com",
        "pupilId": "353161"
    },
    {
        "firstName": "Umanga",
        "lastName": "Madawala",
        "gradeId": 1,
        "pupilId": "584880"
    },
    {
        "firstName": "Umanga",
        "lastName": "Madawala",
        "gradeId": 1,
        "pupilId": "867608"
    },
    {
        "firstName": "Umanga",
        "lastName": "Madawala",
        "gradeId": 1,
        "pupilId": "369546"
    },
    {
        "firstName": "Umanga",
        "lastName": "Madawala",
        "gradeId": 1,
        "pupilId": "742795"
    },
    {
        "firstName": "Umanga",
        "lastName": "Madawala",
        "gradeId": 1,
        "pupilId": "855336"
    },
    {
        "firstName": "Umanga",
        "lastName": "Madawala",
        "gradeId": 1,
        "pupilId": "571485"
    },
    {
        "firstName": "Umanga",
        "lastName": "Madawala",
        "gradeId": 1,
        "pupilId": "491294"
    },
    {
        "firstName": "Umanga",
        "lastName": "Madawala",
        "gradeId": 1,
        "classId": 1,
        "infix": "NewMCUser",
        "isDisabled": false,
        "email": "test@mail.com",
        "pupilId": "531549"
    },
    {
        "firstName": "Umanga",
        "lastName": "Madawala",
        "gradeId": 1,
        "pupilId": "111195"
    },
    {
        "firstName": "Umanga",
        "lastName": "Madawala",
        "gradeId": 1,
        "pupilId": "722999"
    },
    {
        "firstName": "Umanga",
        "lastName": "Madawala",
        "gradeId": 1,
        "pupilId": "769352"
    },
    {
        "firstName": "Umanga",
        "lastName": "Madawala",
        "gradeId": 1,
        "pupilId": "604039"
    },
    {
        "firstName": "Umanga",
        "lastName": "Madawala",
        "gradeId": 1,
        "pupilId": "475789"
    },
    {
        "firstName": "Umanga",
        "lastName": "Madawala",
        "gradeId": 1,
        "pupilId": "653478"
    },
    {
        "firstName": "Umanga",
        "lastName": "Madawala",
        "gradeId": 1,
        "pupilId": "992406"
    },
    {
        "firstName": "Umanga",
        "lastName": "Madawala",
        "gradeId": 1,
        "classId": 1,
        "infix": "NewMCUser",
        "isDisabled": false,
        "email": "test@mail.com",
        "pupilId": "852333"
    },
    {
        "firstName": "Umanga",
        "lastName": "Madawala",
        "gradeId": 1,
        "pupilId": "576140"
    },
    {
        "firstName": "Umanga",
        "lastName": "Madawala",
        "gradeId": 1,
        "pupilId": "277806"
    },
    {
        "firstName": "Umanga",
        "lastName": "Madawala",
        "gradeId": 1,
        "pupilId": "654432"
    },
    {
        "firstName": "Umanga",
        "lastName": "Madawala",
        "gradeId": 1,
        "pupilId": "453607"
    },
    {
        "firstName": "Umanga",
        "lastName": "Madawala",
        "gradeId": 1,
        "pupilId": "857034"
    },
    {
        "firstName": "Umanga",
        "lastName": "Madawala",
        "gradeId": 1,
        "pupilId": "855711"
    },
    {
        "firstName": "Umanga",
        "lastName": "Madawala",
        "gradeId": 1,
        "pupilId": "432448"
    },
    {
        "firstName": "Umanga",
        "lastName": "Madawala",
        "gradeId": 1,
        "classId": 1,
        "infix": "NewMCUser",
        "isDisabled": false,
        "email": "test@mail.com",
        "pupilId": "101201"
    },
    {
        "firstName": "Umanga",
        "lastName": "Madawala",
        "gradeId": 1,
        "pupilId": "998521"
    },
    {
        "firstName": "Umanga",
        "lastName": "Madawala",
        "gradeId": 1,
        "pupilId": "698925"
    },
    {
        "firstName": "Umanga",
        "lastName": "Madawala",
        "gradeId": 1,
        "pupilId": "917261"
    },
    {
        "firstName": "Umanga",
        "lastName": "Madawala",
        "gradeId": 1,
        "pupilId": "873510"
    },
    {
        "firstName": "Umanga",
        "lastName": "Madawala",
        "gradeId": 1,
        "pupilId": "805234"
    },
    {
        "firstName": "Umanga",
        "lastName": "Madawala",
        "gradeId": 1,
        "pupilId": "261285"
    },
    {
        "firstName": "Umanga",
        "lastName": "Madawala",
        "gradeId": 1,
        "pupilId": "610671"
    },
    {
        "firstName": "Umanga",
        "lastName": "Madawala",
        "gradeId": 1,
        "classId": 1,
        "infix": "NewMCUser",
        "isDisabled": false,
        "email": "test@mail.com",
        "pupilId": "367269"
    },
    {
        "firstName": "Umanga",
        "lastName": "Madawala",
        "gradeId": 1,
        "pupilId": "719034"
    },
    {
        "firstName": "Umanga",
        "lastName": "Madawala",
        "gradeId": 1,
        "pupilId": "618126"
    },
    {
        "firstName": "Umanga",
        "lastName": "Madawala",
        "gradeId": 1,
        "pupilId": "326235"
    },
    {
        "firstName": "Umanga",
        "lastName": "Madawala",
        "gradeId": 1,
        "pupilId": "871874"
    },
    {
        "firstName": "Umanga",
        "lastName": "Madawala",
        "gradeId": 1,
        "pupilId": "735485"
    },
    {
        "firstName": "Umanga",
        "lastName": "Madawala",
        "gradeId": 1,
        "pupilId": "540601"
    }
]
HTTP/1.1 200 OK
X-Powered-By: Express
Content-Type: application/json; charset=utf-8
Content-Length: 4389
ETag: W/"1125-DYVVWFJUg7fkrgipdNGl9Ys4dt0"
Date: Sat, 20 Mar 2021 11:01:04 GMT
Connection: keep-alive

[
    {
        "pupilId": "1420887",
        "firstName": "Newmcuser",
        "infix": "NewMCUser",
        "lastName": "Nu",
        "classId": 88034,
        "gradeId": 8,
        "email": null,
        "isDisabled": false
    },
    {
        "pupilId": "1420888",
        "firstName": "Zerdarovic",
        "infix": null,
        "lastName": "Biyikovskiy",
        "classId": 88034,
        "gradeId": 8,
        "email": null,
        "isDisabled": false
    },
    {
        "pupilId": "1420889",
        "firstName": "Mcteam",
        "infix": null,
        "lastName": "Test",
        "classId": 88035,
        "gradeId": 6,
        "email": null,
        "isDisabled": false
    },
    {
        "pupilId": "1420896",
        "firstName": "Warren",
        "infix": null,
        "lastName": "Barguil",
        "classId": 88041,
        "gradeId": 5,
        "email": null,
        "isDisabled": false
    },
    {
        "pupilId": "1420897",
        "firstName": "Lillian",
        "infix": null,
        "lastName": "Calmejean",
        "classId": 88041,
        "gradeId": 5,
        "email": null,
        "isDisabled": false
    },
    {
        "pupilId": "1420893",
        "firstName": "Wim",
        "infix": null,
        "lastName": "van der Horst",
        "classId": 88042,
        "gradeId": 4,
        "email": null,
        "isDisabled": false
    },
    {
        "pupilId": "1420894",
        "firstName": "Willen",
        "infix": null,
        "lastName": "Wever",
        "classId": 88042,
        "gradeId": 4,
        "email": null,
        "isDisabled": false
    },
    {
        "firstName": "Umanga",
        "lastName": "Madawala",
        "gradeId": 1,
        "pupilId": "321560"
    },
    {
        "firstName": "Umanga",
        "lastName": "Madawala",
        "gradeId": 1,
        "classId": 1,
        "infix": "NewMCUser",
        "isDisabled": false,
        "email": "test@mail.com",
        "pupilId": "353161"
    },
    {
        "firstName": "Umanga",
        "lastName": "Madawala",
        "gradeId": 1,
        "pupilId": "584880"
    },
    {
        "firstName": "Umanga",
        "lastName": "Madawala",
        "gradeId": 1,
        "pupilId": "867608"
    },
    {
        "firstName": "Umanga",
        "lastName": "Madawala",
        "gradeId": 1,
        "pupilId": "369546"
    },
    {
        "firstName": "Umanga",
        "lastName": "Madawala",
        "gradeId": 1,
        "pupilId": "742795"
    },
    {
        "firstName": "Umanga",
        "lastName": "Madawala",
        "gradeId": 1,
        "pupilId": "855336"
    },
    {
        "firstName": "Umanga",
        "lastName": "Madawala",
        "gradeId": 1,
        "pupilId": "571485"
    },
    {
        "firstName": "Umanga",
        "lastName": "Madawala",
        "gradeId": 1,
        "pupilId": "491294"
    },
    {
        "firstName": "Umanga",
        "lastName": "Madawala",
        "gradeId": 1,
        "classId": 1,
        "infix": "NewMCUser",
        "isDisabled": false,
        "email": "test@mail.com",
        "pupilId": "531549"
    },
    {
        "firstName": "Umanga",
        "lastName": "Madawala",
        "gradeId": 1,
        "pupilId": "111195"
    },
    {
        "firstName": "Umanga",
        "lastName": "Madawala",
        "gradeId": 1,
        "pupilId": "722999"
    },
    {
        "firstName": "Umanga",
        "lastName": "Madawala",
        "gradeId": 1,
        "pupilId": "769352"
    },
    {
        "firstName": "Umanga",
        "lastName": "Madawala",
        "gradeId": 1,
        "pupilId": "604039"
    },
    {
        "firstName": "Umanga",
        "lastName": "Madawala",
        "gradeId": 1,
        "pupilId": "475789"
    },
    {
        "firstName": "Umanga",
        "lastName": "Madawala",
        "gradeId": 1,
        "pupilId": "653478"
    },
    {
        "firstName": "Umanga",
        "lastName": "Madawala",
        "gradeId": 1,
        "pupilId": "992406"
    },
    {
        "firstName": "Umanga",
        "lastName": "Madawala",
        "gradeId": 1,
        "classId": 1,
        "infix": "NewMCUser",
        "isDisabled": false,
        "email": "test@mail.com",
        "pupilId": "852333"
    },
    {
        "firstName": "Umanga",
        "lastName": "Madawala",
        "gradeId": 1,
        "pupilId": "576140"
    },
    {
        "firstName": "Umanga",
        "lastName": "Madawala",
        "gradeId": 1,
        "pupilId": "277806"
    },
    {
        "firstName": "Umanga",
        "lastName": "Madawala",
        "gradeId": 1,
        "pupilId": "654432"
    },
    {
        "firstName": "Umanga",
        "lastName": "Madawala",
        "gradeId": 1,
        "pupilId": "453607"
    },
    {
        "firstName": "Umanga",
        "lastName": "Madawala",
        "gradeId": 1,
        "pupilId": "857034"
    },
    {
        "firstName": "Umanga",
        "lastName": "Madawala",
        "gradeId": 1,
        "pupilId": "855711"
    },
    {
        "firstName": "Umanga",
        "lastName": "Madawala",
        "gradeId": 1,
        "pupilId": "432448"
    },
    {
        "firstName": "Umanga",
        "lastName": "Madawala",
        "gradeId": 1,
        "classId": 1,
        "infix": "NewMCUser",
        "isDisabled": false,
        "email": "test@mail.com",
        "pupilId": "101201"
    },
    {
        "firstName": "Umanga",
        "lastName": "Madawala",
        "gradeId": 1,
        "pupilId": "998521"
    },
    {
        "firstName": "Umanga",
        "lastName": "Madawala",
        "gradeId": 1,
        "pupilId": "698925"
    },
    {
        "firstName": "Umanga",
        "lastName": "Madawala",
        "gradeId": 1,
        "pupilId": "917261"
    },
    {
        "firstName": "Umanga",
        "lastName": "Madawala",
        "gradeId": 1,
        "pupilId": "873510"
    },
    {
        "firstName": "Umanga",
        "lastName": "Madawala",
        "gradeId": 1,
        "pupilId": "805234"
    },
    {
        "firstName": "Umanga",
        "lastName": "Madawala",
        "gradeId": 1,
        "pupilId": "261285"
    },
    {
        "firstName": "Umanga",
        "lastName": "Madawala",
        "gradeId": 1,
        "pupilId": "610671"
    },
    {
        "firstName": "Umanga",
        "lastName": "Madawala",
        "gradeId": 1,
        "classId": 1,
        "infix": "NewMCUser",
        "isDisabled": false,
        "email": "test@mail.com",
        "pupilId": "367269"
    },
    {
        "firstName": "Umanga",
        "lastName": "Madawala",
        "gradeId": 1,
        "pupilId": "719034"
    },
    {
        "firstName": "Umanga",
        "lastName": "Madawala",
        "gradeId": 1,
        "pupilId": "618126"
    },
    {
        "firstName": "Umanga",
        "lastName": "Madawala",
        "gradeId": 1,
        "pupilId": "326235"
    },
    {
        "firstName": "Umanga",
        "lastName": "Madawala",
        "gradeId": 1,
        "pupilId": "871874"
    },
    {
        "firstName": "Umanga",
        "lastName": "Madawala",
        "gradeId": 1,
        "pupilId": "735485"
    },
    {
        "firstName": "Umanga",
        "lastName": "Madawala",
        "gradeId": 1,
        "pupilId": "540601"
    }
]
HTTP/1.1 200 OK
X-Powered-By: Express
Content-Type: application/json; charset=utf-8
Content-Length: 4389
ETag: W/"1125-DYVVWFJUg7fkrgipdNGl9Ys4dt0"
Date: Sat, 20 Mar 2021 11:01:04 GMT
Connection: keep-alive

[
    {
        "pupilId": "1420887",
        "firstName": "Newmcuser",
        "infix": "NewMCUser",
        "lastName": "Nu",
        "classId": 88034,
        "gradeId": 8,
        "email": null,
        "isDisabled": false
    },
    {
        "pupilId": "1420888",
        "firstName": "Zerdarovic",
        "infix": null,
        "lastName": "Biyikovskiy",
        "classId": 88034,
        "gradeId": 8,
        "email": null,
        "isDisabled": false
    },
    {
        "pupilId": "1420889",
        "firstName": "Mcteam",
        "infix": null,
        "lastName": "Test",
        "classId": 88035,
        "gradeId": 6,
        "email": null,
        "isDisabled": false
    },
    {
        "pupilId": "1420896",
        "firstName": "Warren",
        "infix": null,
        "lastName": "Barguil",
        "classId": 88041,
        "gradeId": 5,
        "email": null,
        "isDisabled": false
    },
    {
        "pupilId": "1420897",
        "firstName": "Lillian",
        "infix": null,
        "lastName": "Calmejean",
        "classId": 88041,
        "gradeId": 5,
        "email": null,
        "isDisabled": false
    },
    {
        "pupilId": "1420893",
        "firstName": "Wim",
        "infix": null,
        "lastName": "van der Horst",
        "classId": 88042,
        "gradeId": 4,
        "email": null,
        "isDisabled": false
    },
    {
        "pupilId": "1420894",
        "firstName": "Willen",
        "infix": null,
        "lastName": "Wever",
        "classId": 88042,
        "gradeId": 4,
        "email": null,
        "isDisabled": false
    },
    {
        "firstName": "Umanga",
        "lastName": "Madawala",
        "gradeId": 1,
        "pupilId": "321560"
    },
    {
        "firstName": "Umanga",
        "lastName": "Madawala",
        "gradeId": 1,
        "classId": 1,
        "infix": "NewMCUser",
        "isDisabled": false,
        "email": "test@mail.com",
        "pupilId": "353161"
    },
    {
        "firstName": "Umanga",
        "lastName": "Madawala",
        "gradeId": 1,
        "pupilId": "584880"
    },
    {
        "firstName": "Umanga",
        "lastName": "Madawala",
        "gradeId": 1,
        "pupilId": "867608"
    },
    {
        "firstName": "Umanga",
        "lastName": "Madawala",
        "gradeId": 1,
        "pupilId": "369546"
    },
    {
        "firstName": "Umanga",
        "lastName": "Madawala",
        "gradeId": 1,
        "pupilId": "742795"
    },
    {
        "firstName": "Umanga",
        "lastName": "Madawala",
        "gradeId": 1,
        "pupilId": "855336"
    },
    {
        "firstName": "Umanga",
        "lastName": "Madawala",
        "gradeId": 1,
        "pupilId": "571485"
    },
    {
        "firstName": "Umanga",
        "lastName": "Madawala",
        "gradeId": 1,
        "pupilId": "491294"
    },
    {
        "firstName": "Umanga",
        "lastName": "Madawala",
        "gradeId": 1,
        "classId": 1,
        "infix": "NewMCUser",
        "isDisabled": false,
        "email": "test@mail.com",
        "pupilId": "531549"
    },
    {
        "firstName": "Umanga",
        "lastName": "Madawala",
        "gradeId": 1,
        "pupilId": "111195"
    },
    {
        "firstName": "Umanga",
        "lastName": "Madawala",
        "gradeId": 1,
        "pupilId": "722999"
    },
    {
        "firstName": "Umanga",
        "lastName": "Madawala",
        "gradeId": 1,
        "pupilId": "769352"
    },
    {
        "firstName": "Umanga",
        "lastName": "Madawala",
        "gradeId": 1,
        "pupilId": "604039"
    },
    {
        "firstName": "Umanga",
        "lastName": "Madawala",
        "gradeId": 1,
        "pupilId": "475789"
    },
    {
        "firstName": "Umanga",
        "lastName": "Madawala",
        "gradeId": 1,
        "pupilId": "653478"
    },
    {
        "firstName": "Umanga",
        "lastName": "Madawala",
        "gradeId": 1,
        "pupilId": "992406"
    },
    {
        "firstName": "Umanga",
        "lastName": "Madawala",
        "gradeId": 1,
        "classId": 1,
        "infix": "NewMCUser",
        "isDisabled": false,
        "email": "test@mail.com",
        "pupilId": "852333"
    },
    {
        "firstName": "Umanga",
        "lastName": "Madawala",
        "gradeId": 1,
        "pupilId": "576140"
    },
    {
        "firstName": "Umanga",
        "lastName": "Madawala",
        "gradeId": 1,
        "pupilId": "277806"
    },
    {
        "firstName": "Umanga",
        "lastName": "Madawala",
        "gradeId": 1,
        "pupilId": "654432"
    },
    {
        "firstName": "Umanga",
        "lastName": "Madawala",
        "gradeId": 1,
        "pupilId": "453607"
    },
    {
        "firstName": "Umanga",
        "lastName": "Madawala",
        "gradeId": 1,
        "pupilId": "857034"
    },
    {
        "firstName": "Umanga",
        "lastName": "Madawala",
        "gradeId": 1,
        "pupilId": "855711"
    },
    {
        "firstName": "Umanga",
        "lastName": "Madawala",
        "gradeId": 1,
        "pupilId": "432448"
    },
    {
        "firstName": "Umanga",
        "lastName": "Madawala",
        "gradeId": 1,
        "classId": 1,
        "infix": "NewMCUser",
        "isDisabled": false,
        "email": "test@mail.com",
        "pupilId": "101201"
    },
    {
        "firstName": "Umanga",
        "lastName": "Madawala",
        "gradeId": 1,
        "pupilId": "998521"
    },
    {
        "firstName": "Umanga",
        "lastName": "Madawala",
        "gradeId": 1,
        "pupilId": "698925"
    },
    {
        "firstName": "Umanga",
        "lastName": "Madawala",
        "gradeId": 1,
        "pupilId": "917261"
    },
    {
        "firstName": "Umanga",
        "lastName": "Madawala",
        "gradeId": 1,
        "pupilId": "873510"
    },
    {
        "firstName": "Umanga",
        "lastName": "Madawala",
        "gradeId": 1,
        "pupilId": "805234"
    },
    {
        "firstName": "Umanga",
        "lastName": "Madawala",
        "gradeId": 1,
        "pupilId": "261285"
    },
    {
        "firstName": "Umanga",
        "lastName": "Madawala",
        "gradeId": 1,
        "pupilId": "610671"
    },
    {
        "firstName": "Umanga",
        "lastName": "Madawala",
        "gradeId": 1,
        "classId": 1,
        "infix": "NewMCUser",
        "isDisabled": false,
        "email": "test@mail.com",
        "pupilId": "367269"
    },
    {
        "firstName": "Umanga",
        "lastName": "Madawala",
        "gradeId": 1,
        "pupilId": "719034"
    },
    {
        "firstName": "Umanga",
        "lastName": "Madawala",
        "gradeId": 1,
        "pupilId": "618126"
    },
    {
        "firstName": "Umanga",
        "lastName": "Madawala",
        "gradeId": 1,
        "pupilId": "326235"
    },
    {
        "firstName": "Umanga",
        "lastName": "Madawala",
        "gradeId": 1,
        "pupilId": "871874"
    },
    {
        "firstName": "Umanga",
        "lastName": "Madawala",
        "gradeId": 1,
        "pupilId": "735485"
    },
    {
        "firstName": "Umanga",
        "lastName": "Madawala",
        "gradeId": 1,
        "pupilId": "540601"
    }
]
Scenario Ended: User should be able to get all pupils created
]]></system-out>
  </testcase>
</testsuite>